[0.266s] DEBUG:colcon:Command line arguments: ['/usr/bin/colcon', 'build', '--symlink-install']
[0.267s] DEBUG:colcon:Parsed command line arguments: Namespace(log_base=None, log_level=None, verb_name='build', build_base='build', install_base='install', merge_install=False, symlink_install=True, test_result_base=None, continue_on_error=False, executor='parallel', parallel_workers=16, event_handlers=None, ignore_user_meta=False, metas=['./colcon.meta'], base_paths=['.'], packages_ignore=None, packages_ignore_regex=None, paths=None, packages_up_to=None, packages_up_to_regex=None, packages_above=None, packages_above_and_dependencies=None, packages_above_depth=None, packages_select_by_dep=None, packages_skip_by_dep=None, packages_skip_up_to=None, packages_select_build_failed=False, packages_skip_build_finished=False, packages_select_test_failures=False, packages_skip_test_passed=False, packages_select=None, packages_skip=None, packages_select_regex=None, packages_skip_regex=None, packages_start=None, packages_end=None, allow_overriding=[], cmake_args=None, cmake_target=None, cmake_target_skip_unavailable=False, cmake_clean_cache=False, cmake_clean_first=False, cmake_force_configure=False, ament_cmake_args=None, catkin_cmake_args=None, catkin_skip_building_tests=False, verb_parser=<colcon_defaults.argument_parser.defaults.DefaultArgumentsDecorator object at 0x7fb7eb1d7d90>, verb_extension=<colcon_core.verb.build.BuildVerb object at 0x7fb7eba4d630>, main=<bound method BuildVerb.main of <colcon_core.verb.build.BuildVerb object at 0x7fb7eba4d630>>)
[0.294s] Level 1:colcon.colcon_core.package_discovery:discover_packages(colcon_meta) check parameters
[0.294s] Level 1:colcon.colcon_core.package_discovery:discover_packages(recursive) check parameters
[0.294s] Level 1:colcon.colcon_core.package_discovery:discover_packages(ignore) check parameters
[0.294s] Level 1:colcon.colcon_core.package_discovery:discover_packages(path) check parameters
[0.294s] Level 1:colcon.colcon_core.package_discovery:discover_packages(colcon_meta) discover
[0.294s] Level 1:colcon.colcon_core.package_discovery:discover_packages(recursive) discover
[0.294s] INFO:colcon.colcon_core.package_discovery:Crawling recursively for packages in '/home/dan/train/train/MA_training/visulization_demo'
[0.294s] Level 1:colcon.colcon_core.package_identification:_identify(.) by extensions ['ignore', 'ignore_ament_install']
[0.294s] Level 1:colcon.colcon_core.package_identification:_identify(.) by extension 'ignore'
[0.294s] Level 1:colcon.colcon_core.package_identification:_identify(.) by extension 'ignore_ament_install'
[0.295s] Level 1:colcon.colcon_core.package_identification:_identify(.) by extensions ['colcon_pkg']
[0.295s] Level 1:colcon.colcon_core.package_identification:_identify(.) by extension 'colcon_pkg'
[0.295s] Level 1:colcon.colcon_core.package_identification:_identify(.) by extensions ['colcon_meta']
[0.295s] Level 1:colcon.colcon_core.package_identification:_identify(.) by extension 'colcon_meta'
[0.295s] Level 1:colcon.colcon_core.package_identification:_identify(.) by extensions ['ros']
[0.295s] Level 1:colcon.colcon_core.package_identification:_identify(.) by extension 'ros'
[0.302s] Level 1:colcon.colcon_core.package_identification:_identify(.) by extensions ['cmake', 'python']
[0.303s] Level 1:colcon.colcon_core.package_identification:_identify(.) by extension 'cmake'
[0.303s] Level 1:colcon.colcon_core.package_identification:_identify(.) by extension 'python'
[0.303s] Level 1:colcon.colcon_core.package_identification:_identify(.) by extensions ['python_setup_py']
[0.303s] Level 1:colcon.colcon_core.package_identification:_identify(.) by extension 'python_setup_py'
[0.303s] Level 1:colcon.colcon_core.package_identification:_identify(build) by extensions ['ignore', 'ignore_ament_install']
[0.303s] Level 1:colcon.colcon_core.package_identification:_identify(build) by extension 'ignore'
[0.303s] Level 1:colcon.colcon_core.package_identification:_identify(build) ignored
[0.303s] Level 1:colcon.colcon_core.package_identification:_identify(install) by extensions ['ignore', 'ignore_ament_install']
[0.303s] Level 1:colcon.colcon_core.package_identification:_identify(install) by extension 'ignore'
[0.303s] Level 1:colcon.colcon_core.package_identification:_identify(install) ignored
[0.303s] Level 1:colcon.colcon_core.package_identification:_identify(log) by extensions ['ignore', 'ignore_ament_install']
[0.304s] Level 1:colcon.colcon_core.package_identification:_identify(log) by extension 'ignore'
[0.304s] Level 1:colcon.colcon_core.package_identification:_identify(log) ignored
[0.304s] Level 1:colcon.colcon_core.package_identification:_identify(src) by extensions ['ignore', 'ignore_ament_install']
[0.304s] Level 1:colcon.colcon_core.package_identification:_identify(src) by extension 'ignore'
[0.304s] Level 1:colcon.colcon_core.package_identification:_identify(src) by extension 'ignore_ament_install'
[0.304s] Level 1:colcon.colcon_core.package_identification:_identify(src) by extensions ['colcon_pkg']
[0.304s] Level 1:colcon.colcon_core.package_identification:_identify(src) by extension 'colcon_pkg'
[0.304s] Level 1:colcon.colcon_core.package_identification:_identify(src) by extensions ['colcon_meta']
[0.304s] Level 1:colcon.colcon_core.package_identification:_identify(src) by extension 'colcon_meta'
[0.304s] Level 1:colcon.colcon_core.package_identification:_identify(src) by extensions ['ros']
[0.304s] Level 1:colcon.colcon_core.package_identification:_identify(src) by extension 'ros'
[0.304s] Level 1:colcon.colcon_core.package_identification:_identify(src) by extensions ['cmake', 'python']
[0.304s] Level 1:colcon.colcon_core.package_identification:_identify(src) by extension 'cmake'
[0.304s] Level 1:colcon.colcon_core.package_identification:_identify(src) by extension 'python'
[0.304s] Level 1:colcon.colcon_core.package_identification:_identify(src) by extensions ['python_setup_py']
[0.304s] Level 1:colcon.colcon_core.package_identification:_identify(src) by extension 'python_setup_py'
[0.304s] Level 1:colcon.colcon_core.package_identification:_identify(src/vis_demo) by extensions ['ignore', 'ignore_ament_install']
[0.304s] Level 1:colcon.colcon_core.package_identification:_identify(src/vis_demo) by extension 'ignore'
[0.304s] Level 1:colcon.colcon_core.package_identification:_identify(src/vis_demo) by extension 'ignore_ament_install'
[0.304s] Level 1:colcon.colcon_core.package_identification:_identify(src/vis_demo) by extensions ['colcon_pkg']
[0.305s] Level 1:colcon.colcon_core.package_identification:_identify(src/vis_demo) by extension 'colcon_pkg'
[0.305s] Level 1:colcon.colcon_core.package_identification:_identify(src/vis_demo) by extensions ['colcon_meta']
[0.305s] Level 1:colcon.colcon_core.package_identification:_identify(src/vis_demo) by extension 'colcon_meta'
[0.305s] Level 1:colcon.colcon_core.package_identification:_identify(src/vis_demo) by extensions ['ros']
[0.305s] Level 1:colcon.colcon_core.package_identification:_identify(src/vis_demo) by extension 'ros'
[0.307s] DEBUG:colcon.colcon_core.package_identification:Package 'src/vis_demo' with type 'ros.ament_cmake' and name 'vis_demo'
[0.307s] Level 1:colcon.colcon_core.package_discovery:discover_packages(recursive) using defaults
[0.307s] Level 1:colcon.colcon_core.package_discovery:discover_packages(ignore) discover
[0.307s] Level 1:colcon.colcon_core.package_discovery:discover_packages(ignore) using defaults
[0.307s] Level 1:colcon.colcon_core.package_discovery:discover_packages(path) discover
[0.307s] Level 1:colcon.colcon_core.package_discovery:discover_packages(path) using defaults
[0.324s] Level 1:colcon.colcon_core.package_discovery:discover_packages(prefix_path) check parameters
[0.324s] Level 1:colcon.colcon_core.package_discovery:discover_packages(prefix_path) discover
[0.327s] DEBUG:colcon.colcon_installed_package_information.package_discovery:Found 368 installed packages in /opt/ros/humble
[0.328s] Level 1:colcon.colcon_core.package_discovery:discover_packages(prefix_path) using defaults
[0.377s] Level 5:colcon.colcon_core.verb:set package 'vis_demo' build argument 'cmake_args' from command line to 'None'
[0.377s] Level 5:colcon.colcon_core.verb:set package 'vis_demo' build argument 'cmake_target' from command line to 'None'
[0.377s] Level 5:colcon.colcon_core.verb:set package 'vis_demo' build argument 'cmake_target_skip_unavailable' from command line to 'False'
[0.377s] Level 5:colcon.colcon_core.verb:set package 'vis_demo' build argument 'cmake_clean_cache' from command line to 'False'
[0.377s] Level 5:colcon.colcon_core.verb:set package 'vis_demo' build argument 'cmake_clean_first' from command line to 'False'
[0.377s] Level 5:colcon.colcon_core.verb:set package 'vis_demo' build argument 'cmake_force_configure' from command line to 'False'
[0.377s] Level 5:colcon.colcon_core.verb:set package 'vis_demo' build argument 'ament_cmake_args' from command line to 'None'
[0.377s] Level 5:colcon.colcon_core.verb:set package 'vis_demo' build argument 'catkin_cmake_args' from command line to 'None'
[0.377s] Level 5:colcon.colcon_core.verb:set package 'vis_demo' build argument 'catkin_skip_building_tests' from command line to 'False'
[0.378s] DEBUG:colcon.colcon_core.verb:Building package 'vis_demo' with the following arguments: {'ament_cmake_args': None, 'build_base': '/home/dan/train/train/MA_training/visulization_demo/build/vis_demo', 'catkin_cmake_args': None, 'catkin_skip_building_tests': False, 'cmake_args': None, 'cmake_clean_cache': False, 'cmake_clean_first': False, 'cmake_force_configure': False, 'cmake_target': None, 'cmake_target_skip_unavailable': False, 'install_base': '/home/dan/train/train/MA_training/visulization_demo/install/vis_demo', 'merge_install': False, 'path': '/home/dan/train/train/MA_training/visulization_demo/src/vis_demo', 'symlink_install': True, 'test_result_base': None}
[0.378s] INFO:colcon.colcon_core.executor:Executing jobs using 'parallel' executor
[0.381s] DEBUG:colcon.colcon_parallel_executor.executor.parallel:run_until_complete
[0.381s] INFO:colcon.colcon_ros.task.ament_cmake.build:Building ROS package in '/home/dan/train/train/MA_training/visulization_demo/src/vis_demo' with build type 'ament_cmake'
[0.381s] INFO:colcon.colcon_cmake.task.cmake.build:Building CMake package in '/home/dan/train/train/MA_training/visulization_demo/src/vis_demo'
[0.384s] INFO:colcon.colcon_core.plugin_system:Skipping extension 'colcon_core.shell.bat': Not used on non-Windows systems
[0.385s] INFO:colcon.colcon_core.shell:Skip shell extension 'powershell' for command environment: Not usable outside of PowerShell
[0.385s] DEBUG:colcon.colcon_core.shell:Skip shell extension 'dsv' for command environment
[0.398s] DEBUG:colcon.colcon_core.event_handler.log_command:Invoking command in '/home/dan/train/train/MA_training/visulization_demo/build/vis_demo': CMAKE_PREFIX_PATH=/opt/ros/humble /usr/bin/cmake --build /home/dan/train/train/MA_training/visulization_demo/build/vis_demo -- -j16 -l16
[3.818s] DEBUG:colcon.colcon_core.event_handler.log_command:Invoked command in '/home/dan/train/train/MA_training/visulization_demo/build/vis_demo' returned '0': CMAKE_PREFIX_PATH=/opt/ros/humble /usr/bin/cmake --build /home/dan/train/train/MA_training/visulization_demo/build/vis_demo -- -j16 -l16
[3.849s] DEBUG:colcon.colcon_core.event_handler.log_command:Invoking command in '/home/dan/train/train/MA_training/visulization_demo/build/vis_demo': CMAKE_PREFIX_PATH=/opt/ros/humble /usr/bin/cmake --install /home/dan/train/train/MA_training/visulization_demo/build/vis_demo
[3.880s] Level 1:colcon.colcon_core.environment:create_environment_scripts_only(vis_demo)
[3.881s] DEBUG:colcon.colcon_core.event_handler.log_command:Invoked command in '/home/dan/train/train/MA_training/visulization_demo/build/vis_demo' returned '0': CMAKE_PREFIX_PATH=/opt/ros/humble /usr/bin/cmake --install /home/dan/train/train/MA_training/visulization_demo/build/vis_demo
[3.884s] Level 1:colcon.colcon_core.environment:checking '/home/dan/train/train/MA_training/visulization_demo/install/vis_demo' for CMake module files
[3.885s] Level 1:colcon.colcon_core.environment:checking '/home/dan/train/train/MA_training/visulization_demo/install/vis_demo' for CMake config files
[3.885s] Level 1:colcon.colcon_core.shell:create_environment_hook('vis_demo', 'cmake_prefix_path')
[3.886s] INFO:colcon.colcon_core.shell:Creating environment hook '/home/dan/train/train/MA_training/visulization_demo/install/vis_demo/share/vis_demo/hook/cmake_prefix_path.ps1'
[3.887s] INFO:colcon.colcon_core.shell:Creating environment descriptor '/home/dan/train/train/MA_training/visulization_demo/install/vis_demo/share/vis_demo/hook/cmake_prefix_path.dsv'
[3.887s] INFO:colcon.colcon_core.shell:Creating environment hook '/home/dan/train/train/MA_training/visulization_demo/install/vis_demo/share/vis_demo/hook/cmake_prefix_path.sh'
[3.887s] Level 1:colcon.colcon_core.environment:checking '/home/dan/train/train/MA_training/visulization_demo/install/vis_demo/lib'
[3.888s] Level 1:colcon.colcon_core.environment:checking '/home/dan/train/train/MA_training/visulization_demo/install/vis_demo/bin'
[3.888s] Level 1:colcon.colcon_core.environment:checking '/home/dan/train/train/MA_training/visulization_demo/install/vis_demo/lib/pkgconfig/vis_demo.pc'
[3.888s] Level 1:colcon.colcon_core.environment:checking '/home/dan/train/train/MA_training/visulization_demo/install/vis_demo/lib/python3.10/site-packages'
[3.888s] Level 1:colcon.colcon_core.environment:checking '/home/dan/train/train/MA_training/visulization_demo/install/vis_demo/bin'
[3.889s] INFO:colcon.colcon_core.shell:Creating package script '/home/dan/train/train/MA_training/visulization_demo/install/vis_demo/share/vis_demo/package.ps1'
[3.889s] INFO:colcon.colcon_core.shell:Creating package descriptor '/home/dan/train/train/MA_training/visulization_demo/install/vis_demo/share/vis_demo/package.dsv'
[3.890s] INFO:colcon.colcon_core.shell:Creating package script '/home/dan/train/train/MA_training/visulization_demo/install/vis_demo/share/vis_demo/package.sh'
[3.890s] INFO:colcon.colcon_core.shell:Creating package script '/home/dan/train/train/MA_training/visulization_demo/install/vis_demo/share/vis_demo/package.bash'
[3.891s] INFO:colcon.colcon_core.shell:Creating package script '/home/dan/train/train/MA_training/visulization_demo/install/vis_demo/share/vis_demo/package.zsh'
[3.891s] Level 1:colcon.colcon_core.environment:create_file_with_runtime_dependencies(/home/dan/train/train/MA_training/visulization_demo/install/vis_demo/share/colcon-core/packages/vis_demo)
[3.916s] Level 1:colcon.colcon_core.environment:create_environment_scripts_only(vis_demo)
[3.918s] Level 1:colcon.colcon_core.environment:checking '/home/dan/train/train/MA_training/visulization_demo/install/vis_demo' for CMake module files
[3.918s] Level 1:colcon.colcon_core.environment:checking '/home/dan/train/train/MA_training/visulization_demo/install/vis_demo' for CMake config files
[3.919s] Level 1:colcon.colcon_core.shell:create_environment_hook('vis_demo', 'cmake_prefix_path')
[3.920s] INFO:colcon.colcon_core.shell:Creating environment hook '/home/dan/train/train/MA_training/visulization_demo/install/vis_demo/share/vis_demo/hook/cmake_prefix_path.ps1'
[3.920s] INFO:colcon.colcon_core.shell:Creating environment descriptor '/home/dan/train/train/MA_training/visulization_demo/install/vis_demo/share/vis_demo/hook/cmake_prefix_path.dsv'
[3.921s] INFO:colcon.colcon_core.shell:Creating environment hook '/home/dan/train/train/MA_training/visulization_demo/install/vis_demo/share/vis_demo/hook/cmake_prefix_path.sh'
[3.921s] Level 1:colcon.colcon_core.environment:checking '/home/dan/train/train/MA_training/visulization_demo/install/vis_demo/lib'
[3.921s] Level 1:colcon.colcon_core.environment:checking '/home/dan/train/train/MA_training/visulization_demo/install/vis_demo/bin'
[3.921s] Level 1:colcon.colcon_core.environment:checking '/home/dan/train/train/MA_training/visulization_demo/install/vis_demo/lib/pkgconfig/vis_demo.pc'
[3.921s] Level 1:colcon.colcon_core.environment:checking '/home/dan/train/train/MA_training/visulization_demo/install/vis_demo/lib/python3.10/site-packages'
[3.922s] Level 1:colcon.colcon_core.environment:checking '/home/dan/train/train/MA_training/visulization_demo/install/vis_demo/bin'
[3.923s] INFO:colcon.colcon_core.shell:Creating package script '/home/dan/train/train/MA_training/visulization_demo/install/vis_demo/share/vis_demo/package.ps1'
[3.923s] INFO:colcon.colcon_core.shell:Creating package descriptor '/home/dan/train/train/MA_training/visulization_demo/install/vis_demo/share/vis_demo/package.dsv'
[3.924s] INFO:colcon.colcon_core.shell:Creating package script '/home/dan/train/train/MA_training/visulization_demo/install/vis_demo/share/vis_demo/package.sh'
[3.924s] INFO:colcon.colcon_core.shell:Creating package script '/home/dan/train/train/MA_training/visulization_demo/install/vis_demo/share/vis_demo/package.bash'
[3.924s] INFO:colcon.colcon_core.shell:Creating package script '/home/dan/train/train/MA_training/visulization_demo/install/vis_demo/share/vis_demo/package.zsh'
[3.925s] Level 1:colcon.colcon_core.environment:create_file_with_runtime_dependencies(/home/dan/train/train/MA_training/visulization_demo/install/vis_demo/share/colcon-core/packages/vis_demo)
[3.925s] DEBUG:colcon.colcon_parallel_executor.executor.parallel:closing loop
[3.925s] DEBUG:colcon.colcon_parallel_executor.executor.parallel:loop closed
[3.926s] DEBUG:colcon.colcon_parallel_executor.executor.parallel:run_until_complete finished with '0'
[3.926s] DEBUG:colcon.colcon_core.event_reactor:joining thread
[3.931s] INFO:colcon.colcon_core.plugin_system:Skipping extension 'colcon_notification.desktop_notification.terminal_notifier': Not used on non-Darwin systems
[3.931s] INFO:colcon.colcon_core.plugin_system:Skipping extension 'colcon_notification.desktop_notification.win32': Not used on non-Windows systems
[3.931s] INFO:colcon.colcon_notification.desktop_notification:Sending desktop notification using 'notify2'
[3.941s] DEBUG:colcon.colcon_core.event_reactor:joined thread
[3.943s] INFO:colcon.colcon_core.shell:Creating prefix script '/home/dan/train/train/MA_training/visulization_demo/install/local_setup.ps1'
[3.944s] INFO:colcon.colcon_core.shell:Creating prefix util module '/home/dan/train/train/MA_training/visulization_demo/install/_local_setup_util_ps1.py'
[3.946s] INFO:colcon.colcon_core.shell:Creating prefix chain script '/home/dan/train/train/MA_training/visulization_demo/install/setup.ps1'
[3.948s] INFO:colcon.colcon_core.shell:Creating prefix script '/home/dan/train/train/MA_training/visulization_demo/install/local_setup.sh'
[3.948s] INFO:colcon.colcon_core.shell:Creating prefix util module '/home/dan/train/train/MA_training/visulization_demo/install/_local_setup_util_sh.py'
[3.949s] INFO:colcon.colcon_core.shell:Creating prefix chain script '/home/dan/train/train/MA_training/visulization_demo/install/setup.sh'
[3.950s] INFO:colcon.colcon_core.shell:Creating prefix script '/home/dan/train/train/MA_training/visulization_demo/install/local_setup.bash'
[3.951s] INFO:colcon.colcon_core.shell:Creating prefix chain script '/home/dan/train/train/MA_training/visulization_demo/install/setup.bash'
[3.952s] INFO:colcon.colcon_core.shell:Creating prefix script '/home/dan/train/train/MA_training/visulization_demo/install/local_setup.zsh'
[3.953s] INFO:colcon.colcon_core.shell:Creating prefix chain script '/home/dan/train/train/MA_training/visulization_demo/install/setup.zsh'
