[35m[1mConsolidate compiler generated dependencies of target SERIAL_DEMO[0m
[ 50%] [32mBuilding CXX object CMakeFiles/SERIAL_DEMO.dir/src/serial_example.cpp.o[0m
[100%] [32m[1mLinking CXX executable SERIAL_DEMO[0m
[100%] Built target SERIAL_DEMO
-- Install configuration: ""
-- Installing: /home/dan/train/train/MA_training/MA_train_for_ros/ros2/install/serial_example/lib/serial_example/SERIAL_DEMO
-- Set runtime path of "/home/dan/train/train/MA_training/MA_train_for_ros/ros2/install/serial_example/lib/serial_example/SERIAL_DEMO" to ""
-- Installing: /home/dan/train/train/MA_training/MA_train_for_ros/ros2/install/serial_example/share/ament_index/resource_index/package_run_dependencies/serial_example
-- Installing: /home/dan/train/train/MA_training/MA_train_for_ros/ros2/install/serial_example/share/ament_index/resource_index/parent_prefix_path/serial_example
-- Installing: /home/dan/train/train/MA_training/MA_train_for_ros/ros2/install/serial_example/share/serial_example/environment/ament_prefix_path.sh
-- Installing: /home/dan/train/train/MA_training/MA_train_for_ros/ros2/install/serial_example/share/serial_example/environment/ament_prefix_path.dsv
-- Installing: /home/dan/train/train/MA_training/MA_train_for_ros/ros2/install/serial_example/share/serial_example/environment/path.sh
-- Installing: /home/dan/train/train/MA_training/MA_train_for_ros/ros2/install/serial_example/share/serial_example/environment/path.dsv
-- Installing: /home/dan/train/train/MA_training/MA_train_for_ros/ros2/install/serial_example/share/serial_example/local_setup.bash
-- Installing: /home/dan/train/train/MA_training/MA_train_for_ros/ros2/install/serial_example/share/serial_example/local_setup.sh
-- Installing: /home/dan/train/train/MA_training/MA_train_for_ros/ros2/install/serial_example/share/serial_example/local_setup.zsh
-- Installing: /home/dan/train/train/MA_training/MA_train_for_ros/ros2/install/serial_example/share/serial_example/local_setup.dsv
-- Installing: /home/dan/train/train/MA_training/MA_train_for_ros/ros2/install/serial_example/share/serial_example/package.dsv
-- Installing: /home/dan/train/train/MA_training/MA_train_for_ros/ros2/install/serial_example/share/ament_index/resource_index/packages/serial_example
-- Installing: /home/dan/train/train/MA_training/MA_train_for_ros/ros2/install/serial_example/share/serial_example/cmake/ament_cmake_export_dependencies-extras.cmake
-- Installing: /home/dan/train/train/MA_training/MA_train_for_ros/ros2/install/serial_example/share/serial_example/cmake/serial_exampleConfig.cmake
-- Installing: /home/dan/train/train/MA_training/MA_train_for_ros/ros2/install/serial_example/share/serial_example/cmake/serial_exampleConfig-version.cmake
-- Installing: /home/dan/train/train/MA_training/MA_train_for_ros/ros2/install/serial_example/share/serial_example/package.xml
