[0.015s] Invoking command in '/home/dan/train/train/MA_training/visulization_demo/build/vis_demo': CMAKE_PREFIX_PATH=${CMAKE_PREFIX_PATH}:/opt/ros/humble /usr/bin/cmake --build /home/dan/train/train/MA_training/visulization_demo/build/vis_demo -- -j16 -l16
[0.080s] [35m[1mConsolidate compiler generated dependencies of target demo[0m
[0.109s] [ 50%] [32mBuilding CXX object CMakeFiles/demo.dir/src/vis_demo.cpp.o[0m
[3.969s] [100%] [32m[1mLinking CXX executable demo[0m
[4.175s] [100%] Built target demo
[4.185s] Invoked command in '/home/dan/train/train/MA_training/visulization_demo/build/vis_demo' returned '0': CMAKE_PREFIX_PATH=${CMAKE_PREFIX_PATH}:/opt/ros/humble /usr/bin/cmake --build /home/dan/train/train/MA_training/visulization_demo/build/vis_demo -- -j16 -l16
[4.214s] Invoking command in '/home/dan/train/train/MA_training/visulization_demo/build/vis_demo': CMAKE_PREFIX_PATH=${CMAKE_PREFIX_PATH}:/opt/ros/humble /usr/bin/cmake --install /home/dan/train/train/MA_training/visulization_demo/build/vis_demo
[4.219s] -- Install configuration: ""
[4.219s] -- Execute custom install script
[4.220s] -- Up-to-date symlink: /home/dan/train/train/MA_training/visulization_demo/install/vis_demo/lib/vis_demo/demo
[4.220s] -- Up-to-date symlink: /home/dan/train/train/MA_training/visulization_demo/install/vis_demo/share/ament_index/resource_index/package_run_dependencies/vis_demo
[4.220s] -- Up-to-date symlink: /home/dan/train/train/MA_training/visulization_demo/install/vis_demo/share/ament_index/resource_index/parent_prefix_path/vis_demo
[4.220s] -- Up-to-date symlink: /home/dan/train/train/MA_training/visulization_demo/install/vis_demo/share/vis_demo/environment/ament_prefix_path.sh
[4.220s] -- Up-to-date symlink: /home/dan/train/train/MA_training/visulization_demo/install/vis_demo/share/vis_demo/environment/ament_prefix_path.dsv
[4.220s] -- Up-to-date symlink: /home/dan/train/train/MA_training/visulization_demo/install/vis_demo/share/vis_demo/environment/path.sh
[4.221s] -- Up-to-date symlink: /home/dan/train/train/MA_training/visulization_demo/install/vis_demo/share/vis_demo/environment/path.dsv
[4.221s] -- Up-to-date symlink: /home/dan/train/train/MA_training/visulization_demo/install/vis_demo/share/vis_demo/local_setup.bash
[4.221s] -- Up-to-date symlink: /home/dan/train/train/MA_training/visulization_demo/install/vis_demo/share/vis_demo/local_setup.sh
[4.221s] -- Up-to-date symlink: /home/dan/train/train/MA_training/visulization_demo/install/vis_demo/share/vis_demo/local_setup.zsh
[4.221s] -- Up-to-date symlink: /home/dan/train/train/MA_training/visulization_demo/install/vis_demo/share/vis_demo/local_setup.dsv
[4.221s] -- Symlinking: /home/dan/train/train/MA_training/visulization_demo/install/vis_demo/share/vis_demo/package.dsv
[4.231s] -- Up-to-date symlink: /home/dan/train/train/MA_training/visulization_demo/install/vis_demo/share/ament_index/resource_index/packages/vis_demo
[4.232s] -- Up-to-date symlink: /home/dan/train/train/MA_training/visulization_demo/install/vis_demo/share/vis_demo/cmake/ament_cmake_export_dependencies-extras.cmake
[4.232s] -- Up-to-date symlink: /home/dan/train/train/MA_training/visulization_demo/install/vis_demo/share/vis_demo/cmake/vis_demoConfig.cmake
[4.232s] -- Up-to-date symlink: /home/dan/train/train/MA_training/visulization_demo/install/vis_demo/share/vis_demo/cmake/vis_demoConfig-version.cmake
[4.232s] -- Up-to-date symlink: /home/dan/train/train/MA_training/visulization_demo/install/vis_demo/share/vis_demo/package.xml
[4.235s] Invoked command in '/home/dan/train/train/MA_training/visulization_demo/build/vis_demo' returned '0': CMAKE_PREFIX_PATH=${CMAKE_PREFIX_PATH}:/opt/ros/humble /usr/bin/cmake --install /home/dan/train/train/MA_training/visulization_demo/build/vis_demo
