[0.242s] DEBUG:colcon:Command line arguments: ['/usr/bin/colcon', 'build']
[0.242s] DEBUG:colcon:Parsed command line arguments: Namespace(log_base=None, log_level=None, verb_name='build', build_base='build', install_base='install', merge_install=False, symlink_install=False, test_result_base=None, continue_on_error=False, executor='parallel', parallel_workers=16, event_handlers=None, ignore_user_meta=False, metas=['./colcon.meta'], base_paths=['.'], packages_ignore=None, packages_ignore_regex=None, paths=None, packages_up_to=None, packages_up_to_regex=None, packages_above=None, packages_above_and_dependencies=None, packages_above_depth=None, packages_select_by_dep=None, packages_skip_by_dep=None, packages_skip_up_to=None, packages_select_build_failed=False, packages_skip_build_finished=False, packages_select_test_failures=False, packages_skip_test_passed=False, packages_select=None, packages_skip=None, packages_select_regex=None, packages_skip_regex=None, packages_start=None, packages_end=None, allow_overriding=[], cmake_args=None, cmake_target=None, cmake_target_skip_unavailable=False, cmake_clean_cache=False, cmake_clean_first=False, cmake_force_configure=False, ament_cmake_args=None, catkin_cmake_args=None, catkin_skip_building_tests=False, verb_parser=<colcon_defaults.argument_parser.defaults.DefaultArgumentsDecorator object at 0x7ffb7e66fb50>, verb_extension=<colcon_core.verb.build.BuildVerb object at 0x7ffb7e7fd570>, main=<bound method BuildVerb.main of <colcon_core.verb.build.BuildVerb object at 0x7ffb7e7fd570>>)
[0.266s] Level 1:colcon.colcon_core.package_discovery:discover_packages(colcon_meta) check parameters
[0.267s] Level 1:colcon.colcon_core.package_discovery:discover_packages(recursive) check parameters
[0.267s] Level 1:colcon.colcon_core.package_discovery:discover_packages(ignore) check parameters
[0.267s] Level 1:colcon.colcon_core.package_discovery:discover_packages(path) check parameters
[0.267s] Level 1:colcon.colcon_core.package_discovery:discover_packages(colcon_meta) discover
[0.267s] Level 1:colcon.colcon_core.package_discovery:discover_packages(recursive) discover
[0.267s] INFO:colcon.colcon_core.package_discovery:Crawling recursively for packages in '/home/dan/train/train/MA_training/MA_train_for_ros/ros2'
[0.267s] Level 1:colcon.colcon_core.package_identification:_identify(.) by extensions ['ignore', 'ignore_ament_install']
[0.267s] Level 1:colcon.colcon_core.package_identification:_identify(.) by extension 'ignore'
[0.267s] Level 1:colcon.colcon_core.package_identification:_identify(.) by extension 'ignore_ament_install'
[0.267s] Level 1:colcon.colcon_core.package_identification:_identify(.) by extensions ['colcon_pkg']
[0.267s] Level 1:colcon.colcon_core.package_identification:_identify(.) by extension 'colcon_pkg'
[0.267s] Level 1:colcon.colcon_core.package_identification:_identify(.) by extensions ['colcon_meta']
[0.267s] Level 1:colcon.colcon_core.package_identification:_identify(.) by extension 'colcon_meta'
[0.267s] Level 1:colcon.colcon_core.package_identification:_identify(.) by extensions ['ros']
[0.267s] Level 1:colcon.colcon_core.package_identification:_identify(.) by extension 'ros'
[0.277s] Level 1:colcon.colcon_core.package_identification:_identify(.) by extensions ['cmake', 'python']
[0.278s] Level 1:colcon.colcon_core.package_identification:_identify(.) by extension 'cmake'
[0.278s] Level 1:colcon.colcon_core.package_identification:_identify(.) by extension 'python'
[0.278s] Level 1:colcon.colcon_core.package_identification:_identify(.) by extensions ['python_setup_py']
[0.278s] Level 1:colcon.colcon_core.package_identification:_identify(.) by extension 'python_setup_py'
[0.278s] Level 1:colcon.colcon_core.package_identification:_identify(build) by extensions ['ignore', 'ignore_ament_install']
[0.278s] Level 1:colcon.colcon_core.package_identification:_identify(build) by extension 'ignore'
[0.278s] Level 1:colcon.colcon_core.package_identification:_identify(build) ignored
[0.278s] Level 1:colcon.colcon_core.package_identification:_identify(install) by extensions ['ignore', 'ignore_ament_install']
[0.278s] Level 1:colcon.colcon_core.package_identification:_identify(install) by extension 'ignore'
[0.278s] Level 1:colcon.colcon_core.package_identification:_identify(install) ignored
[0.278s] Level 1:colcon.colcon_core.package_identification:_identify(log) by extensions ['ignore', 'ignore_ament_install']
[0.278s] Level 1:colcon.colcon_core.package_identification:_identify(log) by extension 'ignore'
[0.278s] Level 1:colcon.colcon_core.package_identification:_identify(log) ignored
[0.278s] Level 1:colcon.colcon_core.package_identification:_identify(src) by extensions ['ignore', 'ignore_ament_install']
[0.278s] Level 1:colcon.colcon_core.package_identification:_identify(src) by extension 'ignore'
[0.278s] Level 1:colcon.colcon_core.package_identification:_identify(src) by extension 'ignore_ament_install'
[0.278s] Level 1:colcon.colcon_core.package_identification:_identify(src) by extensions ['colcon_pkg']
[0.279s] Level 1:colcon.colcon_core.package_identification:_identify(src) by extension 'colcon_pkg'
[0.279s] Level 1:colcon.colcon_core.package_identification:_identify(src) by extensions ['colcon_meta']
[0.279s] Level 1:colcon.colcon_core.package_identification:_identify(src) by extension 'colcon_meta'
[0.279s] Level 1:colcon.colcon_core.package_identification:_identify(src) by extensions ['ros']
[0.279s] Level 1:colcon.colcon_core.package_identification:_identify(src) by extension 'ros'
[0.279s] Level 1:colcon.colcon_core.package_identification:_identify(src) by extensions ['cmake', 'python']
[0.279s] Level 1:colcon.colcon_core.package_identification:_identify(src) by extension 'cmake'
[0.279s] Level 1:colcon.colcon_core.package_identification:_identify(src) by extension 'python'
[0.279s] Level 1:colcon.colcon_core.package_identification:_identify(src) by extensions ['python_setup_py']
[0.279s] Level 1:colcon.colcon_core.package_identification:_identify(src) by extension 'python_setup_py'
[0.279s] Level 1:colcon.colcon_core.package_identification:_identify(src/marker_array) by extensions ['ignore', 'ignore_ament_install']
[0.279s] Level 1:colcon.colcon_core.package_identification:_identify(src/marker_array) by extension 'ignore'
[0.279s] Level 1:colcon.colcon_core.package_identification:_identify(src/marker_array) by extension 'ignore_ament_install'
[0.279s] Level 1:colcon.colcon_core.package_identification:_identify(src/marker_array) by extensions ['colcon_pkg']
[0.279s] Level 1:colcon.colcon_core.package_identification:_identify(src/marker_array) by extension 'colcon_pkg'
[0.279s] Level 1:colcon.colcon_core.package_identification:_identify(src/marker_array) by extensions ['colcon_meta']
[0.279s] Level 1:colcon.colcon_core.package_identification:_identify(src/marker_array) by extension 'colcon_meta'
[0.279s] Level 1:colcon.colcon_core.package_identification:_identify(src/marker_array) by extensions ['ros']
[0.279s] Level 1:colcon.colcon_core.package_identification:_identify(src/marker_array) by extension 'ros'
[0.281s] DEBUG:colcon.colcon_core.package_identification:Package 'src/marker_array' with type 'ros.ament_cmake' and name 'marker_array'
[0.281s] Level 1:colcon.colcon_core.package_identification:_identify(src/serial_example) by extensions ['ignore', 'ignore_ament_install']
[0.281s] Level 1:colcon.colcon_core.package_identification:_identify(src/serial_example) by extension 'ignore'
[0.281s] Level 1:colcon.colcon_core.package_identification:_identify(src/serial_example) by extension 'ignore_ament_install'
[0.281s] Level 1:colcon.colcon_core.package_identification:_identify(src/serial_example) by extensions ['colcon_pkg']
[0.281s] Level 1:colcon.colcon_core.package_identification:_identify(src/serial_example) by extension 'colcon_pkg'
[0.281s] Level 1:colcon.colcon_core.package_identification:_identify(src/serial_example) by extensions ['colcon_meta']
[0.281s] Level 1:colcon.colcon_core.package_identification:_identify(src/serial_example) by extension 'colcon_meta'
[0.281s] Level 1:colcon.colcon_core.package_identification:_identify(src/serial_example) by extensions ['ros']
[0.281s] Level 1:colcon.colcon_core.package_identification:_identify(src/serial_example) by extension 'ros'
[0.282s] DEBUG:colcon.colcon_core.package_identification:Package 'src/serial_example' with type 'ros.ament_cmake' and name 'serial_example'
[0.282s] Level 1:colcon.colcon_core.package_identification:_identify(src/urdf_demo) by extensions ['ignore', 'ignore_ament_install']
[0.282s] Level 1:colcon.colcon_core.package_identification:_identify(src/urdf_demo) by extension 'ignore'
[0.282s] Level 1:colcon.colcon_core.package_identification:_identify(src/urdf_demo) by extension 'ignore_ament_install'
[0.282s] Level 1:colcon.colcon_core.package_identification:_identify(src/urdf_demo) by extensions ['colcon_pkg']
[0.282s] Level 1:colcon.colcon_core.package_identification:_identify(src/urdf_demo) by extension 'colcon_pkg'
[0.282s] Level 1:colcon.colcon_core.package_identification:_identify(src/urdf_demo) by extensions ['colcon_meta']
[0.282s] Level 1:colcon.colcon_core.package_identification:_identify(src/urdf_demo) by extension 'colcon_meta'
[0.282s] Level 1:colcon.colcon_core.package_identification:_identify(src/urdf_demo) by extensions ['ros']
[0.282s] Level 1:colcon.colcon_core.package_identification:_identify(src/urdf_demo) by extension 'ros'
[0.283s] DEBUG:colcon.colcon_core.package_identification:Package 'src/urdf_demo' with type 'ros.ament_cmake' and name 'urdf_demo'
[0.283s] Level 1:colcon.colcon_core.package_identification:_identify(src/urdf_example) by extensions ['ignore', 'ignore_ament_install']
[0.283s] Level 1:colcon.colcon_core.package_identification:_identify(src/urdf_example) by extension 'ignore'
[0.283s] Level 1:colcon.colcon_core.package_identification:_identify(src/urdf_example) by extension 'ignore_ament_install'
[0.283s] Level 1:colcon.colcon_core.package_identification:_identify(src/urdf_example) by extensions ['colcon_pkg']
[0.283s] Level 1:colcon.colcon_core.package_identification:_identify(src/urdf_example) by extension 'colcon_pkg'
[0.283s] Level 1:colcon.colcon_core.package_identification:_identify(src/urdf_example) by extensions ['colcon_meta']
[0.283s] Level 1:colcon.colcon_core.package_identification:_identify(src/urdf_example) by extension 'colcon_meta'
[0.283s] Level 1:colcon.colcon_core.package_identification:_identify(src/urdf_example) by extensions ['ros']
[0.283s] Level 1:colcon.colcon_core.package_identification:_identify(src/urdf_example) by extension 'ros'
[0.284s] DEBUG:colcon.colcon_core.package_identification:Package 'src/urdf_example' with type 'ros.ament_cmake' and name 'urdf_example'
[0.284s] Level 1:colcon.colcon_core.package_identification:_identify(src/urdf_with_stl) by extensions ['ignore', 'ignore_ament_install']
[0.284s] Level 1:colcon.colcon_core.package_identification:_identify(src/urdf_with_stl) by extension 'ignore'
[0.284s] Level 1:colcon.colcon_core.package_identification:_identify(src/urdf_with_stl) by extension 'ignore_ament_install'
[0.284s] Level 1:colcon.colcon_core.package_identification:_identify(src/urdf_with_stl) by extensions ['colcon_pkg']
[0.284s] Level 1:colcon.colcon_core.package_identification:_identify(src/urdf_with_stl) by extension 'colcon_pkg'
[0.284s] Level 1:colcon.colcon_core.package_identification:_identify(src/urdf_with_stl) by extensions ['colcon_meta']
[0.284s] Level 1:colcon.colcon_core.package_identification:_identify(src/urdf_with_stl) by extension 'colcon_meta'
[0.284s] Level 1:colcon.colcon_core.package_identification:_identify(src/urdf_with_stl) by extensions ['ros']
[0.284s] Level 1:colcon.colcon_core.package_identification:_identify(src/urdf_with_stl) by extension 'ros'
[0.284s] DEBUG:colcon.colcon_core.package_identification:Package 'src/urdf_with_stl' with type 'ros.ament_cmake' and name 'urdf_with_stl'
[0.284s] Level 1:colcon.colcon_core.package_identification:_identify(src/vis_demo) by extensions ['ignore', 'ignore_ament_install']
[0.284s] Level 1:colcon.colcon_core.package_identification:_identify(src/vis_demo) by extension 'ignore'
[0.284s] Level 1:colcon.colcon_core.package_identification:_identify(src/vis_demo) by extension 'ignore_ament_install'
[0.285s] Level 1:colcon.colcon_core.package_identification:_identify(src/vis_demo) by extensions ['colcon_pkg']
[0.285s] Level 1:colcon.colcon_core.package_identification:_identify(src/vis_demo) by extension 'colcon_pkg'
[0.285s] Level 1:colcon.colcon_core.package_identification:_identify(src/vis_demo) by extensions ['colcon_meta']
[0.285s] Level 1:colcon.colcon_core.package_identification:_identify(src/vis_demo) by extension 'colcon_meta'
[0.285s] Level 1:colcon.colcon_core.package_identification:_identify(src/vis_demo) by extensions ['ros']
[0.285s] Level 1:colcon.colcon_core.package_identification:_identify(src/vis_demo) by extension 'ros'
[0.285s] DEBUG:colcon.colcon_core.package_identification:Package 'src/vis_demo' with type 'ros.ament_cmake' and name 'vis_demo'
[0.285s] Level 1:colcon.colcon_core.package_discovery:discover_packages(recursive) using defaults
[0.285s] Level 1:colcon.colcon_core.package_discovery:discover_packages(ignore) discover
[0.285s] Level 1:colcon.colcon_core.package_discovery:discover_packages(ignore) using defaults
[0.285s] Level 1:colcon.colcon_core.package_discovery:discover_packages(path) discover
[0.285s] Level 1:colcon.colcon_core.package_discovery:discover_packages(path) using defaults
[0.304s] Level 1:colcon.colcon_core.package_discovery:discover_packages(prefix_path) check parameters
[0.304s] Level 1:colcon.colcon_core.package_discovery:discover_packages(prefix_path) discover
[0.307s] DEBUG:colcon.colcon_installed_package_information.package_discovery:Found 6 installed packages in /home/dan/train/train/MA_training/MA_train_for_ros/ros2/install
[0.307s] DEBUG:colcon.colcon_installed_package_information.package_discovery:Found 1 installed packages in /home/dan/Downloads/livox_driver2/install
[0.309s] DEBUG:colcon.colcon_installed_package_information.package_discovery:Found 403 installed packages in /opt/ros/humble
[0.311s] Level 1:colcon.colcon_core.package_discovery:discover_packages(prefix_path) using defaults
[0.366s] Level 5:colcon.colcon_core.verb:set package 'marker_array' build argument 'cmake_args' from command line to 'None'
[0.366s] Level 5:colcon.colcon_core.verb:set package 'marker_array' build argument 'cmake_target' from command line to 'None'
[0.366s] Level 5:colcon.colcon_core.verb:set package 'marker_array' build argument 'cmake_target_skip_unavailable' from command line to 'False'
[0.366s] Level 5:colcon.colcon_core.verb:set package 'marker_array' build argument 'cmake_clean_cache' from command line to 'False'
[0.366s] Level 5:colcon.colcon_core.verb:set package 'marker_array' build argument 'cmake_clean_first' from command line to 'False'
[0.366s] Level 5:colcon.colcon_core.verb:set package 'marker_array' build argument 'cmake_force_configure' from command line to 'False'
[0.366s] Level 5:colcon.colcon_core.verb:set package 'marker_array' build argument 'ament_cmake_args' from command line to 'None'
[0.366s] Level 5:colcon.colcon_core.verb:set package 'marker_array' build argument 'catkin_cmake_args' from command line to 'None'
[0.366s] Level 5:colcon.colcon_core.verb:set package 'marker_array' build argument 'catkin_skip_building_tests' from command line to 'False'
[0.366s] DEBUG:colcon.colcon_core.verb:Building package 'marker_array' with the following arguments: {'ament_cmake_args': None, 'build_base': '/home/dan/train/train/MA_training/MA_train_for_ros/ros2/build/marker_array', 'catkin_cmake_args': None, 'catkin_skip_building_tests': False, 'cmake_args': None, 'cmake_clean_cache': False, 'cmake_clean_first': False, 'cmake_force_configure': False, 'cmake_target': None, 'cmake_target_skip_unavailable': False, 'install_base': '/home/dan/train/train/MA_training/MA_train_for_ros/ros2/install/marker_array', 'merge_install': False, 'path': '/home/dan/train/train/MA_training/MA_train_for_ros/ros2/src/marker_array', 'symlink_install': False, 'test_result_base': None}
[0.367s] Level 5:colcon.colcon_core.verb:set package 'serial_example' build argument 'cmake_args' from command line to 'None'
[0.367s] Level 5:colcon.colcon_core.verb:set package 'serial_example' build argument 'cmake_target' from command line to 'None'
[0.367s] Level 5:colcon.colcon_core.verb:set package 'serial_example' build argument 'cmake_target_skip_unavailable' from command line to 'False'
[0.367s] Level 5:colcon.colcon_core.verb:set package 'serial_example' build argument 'cmake_clean_cache' from command line to 'False'
[0.367s] Level 5:colcon.colcon_core.verb:set package 'serial_example' build argument 'cmake_clean_first' from command line to 'False'
[0.367s] Level 5:colcon.colcon_core.verb:set package 'serial_example' build argument 'cmake_force_configure' from command line to 'False'
[0.367s] Level 5:colcon.colcon_core.verb:set package 'serial_example' build argument 'ament_cmake_args' from command line to 'None'
[0.367s] Level 5:colcon.colcon_core.verb:set package 'serial_example' build argument 'catkin_cmake_args' from command line to 'None'
[0.367s] Level 5:colcon.colcon_core.verb:set package 'serial_example' build argument 'catkin_skip_building_tests' from command line to 'False'
[0.367s] DEBUG:colcon.colcon_core.verb:Building package 'serial_example' with the following arguments: {'ament_cmake_args': None, 'build_base': '/home/dan/train/train/MA_training/MA_train_for_ros/ros2/build/serial_example', 'catkin_cmake_args': None, 'catkin_skip_building_tests': False, 'cmake_args': None, 'cmake_clean_cache': False, 'cmake_clean_first': False, 'cmake_force_configure': False, 'cmake_target': None, 'cmake_target_skip_unavailable': False, 'install_base': '/home/dan/train/train/MA_training/MA_train_for_ros/ros2/install/serial_example', 'merge_install': False, 'path': '/home/dan/train/train/MA_training/MA_train_for_ros/ros2/src/serial_example', 'symlink_install': False, 'test_result_base': None}
[0.368s] Level 5:colcon.colcon_core.verb:set package 'urdf_demo' build argument 'cmake_args' from command line to 'None'
[0.368s] Level 5:colcon.colcon_core.verb:set package 'urdf_demo' build argument 'cmake_target' from command line to 'None'
[0.368s] Level 5:colcon.colcon_core.verb:set package 'urdf_demo' build argument 'cmake_target_skip_unavailable' from command line to 'False'
[0.368s] Level 5:colcon.colcon_core.verb:set package 'urdf_demo' build argument 'cmake_clean_cache' from command line to 'False'
[0.368s] Level 5:colcon.colcon_core.verb:set package 'urdf_demo' build argument 'cmake_clean_first' from command line to 'False'
[0.368s] Level 5:colcon.colcon_core.verb:set package 'urdf_demo' build argument 'cmake_force_configure' from command line to 'False'
[0.368s] Level 5:colcon.colcon_core.verb:set package 'urdf_demo' build argument 'ament_cmake_args' from command line to 'None'
[0.368s] Level 5:colcon.colcon_core.verb:set package 'urdf_demo' build argument 'catkin_cmake_args' from command line to 'None'
[0.368s] Level 5:colcon.colcon_core.verb:set package 'urdf_demo' build argument 'catkin_skip_building_tests' from command line to 'False'
[0.368s] DEBUG:colcon.colcon_core.verb:Building package 'urdf_demo' with the following arguments: {'ament_cmake_args': None, 'build_base': '/home/dan/train/train/MA_training/MA_train_for_ros/ros2/build/urdf_demo', 'catkin_cmake_args': None, 'catkin_skip_building_tests': False, 'cmake_args': None, 'cmake_clean_cache': False, 'cmake_clean_first': False, 'cmake_force_configure': False, 'cmake_target': None, 'cmake_target_skip_unavailable': False, 'install_base': '/home/dan/train/train/MA_training/MA_train_for_ros/ros2/install/urdf_demo', 'merge_install': False, 'path': '/home/dan/train/train/MA_training/MA_train_for_ros/ros2/src/urdf_demo', 'symlink_install': False, 'test_result_base': None}
[0.369s] Level 5:colcon.colcon_core.verb:set package 'urdf_example' build argument 'cmake_args' from command line to 'None'
[0.369s] Level 5:colcon.colcon_core.verb:set package 'urdf_example' build argument 'cmake_target' from command line to 'None'
[0.369s] Level 5:colcon.colcon_core.verb:set package 'urdf_example' build argument 'cmake_target_skip_unavailable' from command line to 'False'
[0.369s] Level 5:colcon.colcon_core.verb:set package 'urdf_example' build argument 'cmake_clean_cache' from command line to 'False'
[0.369s] Level 5:colcon.colcon_core.verb:set package 'urdf_example' build argument 'cmake_clean_first' from command line to 'False'
[0.369s] Level 5:colcon.colcon_core.verb:set package 'urdf_example' build argument 'cmake_force_configure' from command line to 'False'
[0.369s] Level 5:colcon.colcon_core.verb:set package 'urdf_example' build argument 'ament_cmake_args' from command line to 'None'
[0.369s] Level 5:colcon.colcon_core.verb:set package 'urdf_example' build argument 'catkin_cmake_args' from command line to 'None'
[0.369s] Level 5:colcon.colcon_core.verb:set package 'urdf_example' build argument 'catkin_skip_building_tests' from command line to 'False'
[0.369s] DEBUG:colcon.colcon_core.verb:Building package 'urdf_example' with the following arguments: {'ament_cmake_args': None, 'build_base': '/home/dan/train/train/MA_training/MA_train_for_ros/ros2/build/urdf_example', 'catkin_cmake_args': None, 'catkin_skip_building_tests': False, 'cmake_args': None, 'cmake_clean_cache': False, 'cmake_clean_first': False, 'cmake_force_configure': False, 'cmake_target': None, 'cmake_target_skip_unavailable': False, 'install_base': '/home/dan/train/train/MA_training/MA_train_for_ros/ros2/install/urdf_example', 'merge_install': False, 'path': '/home/dan/train/train/MA_training/MA_train_for_ros/ros2/src/urdf_example', 'symlink_install': False, 'test_result_base': None}
[0.370s] Level 5:colcon.colcon_core.verb:set package 'urdf_with_stl' build argument 'cmake_args' from command line to 'None'
[0.370s] Level 5:colcon.colcon_core.verb:set package 'urdf_with_stl' build argument 'cmake_target' from command line to 'None'
[0.370s] Level 5:colcon.colcon_core.verb:set package 'urdf_with_stl' build argument 'cmake_target_skip_unavailable' from command line to 'False'
[0.370s] Level 5:colcon.colcon_core.verb:set package 'urdf_with_stl' build argument 'cmake_clean_cache' from command line to 'False'
[0.370s] Level 5:colcon.colcon_core.verb:set package 'urdf_with_stl' build argument 'cmake_clean_first' from command line to 'False'
[0.370s] Level 5:colcon.colcon_core.verb:set package 'urdf_with_stl' build argument 'cmake_force_configure' from command line to 'False'
[0.370s] Level 5:colcon.colcon_core.verb:set package 'urdf_with_stl' build argument 'ament_cmake_args' from command line to 'None'
[0.370s] Level 5:colcon.colcon_core.verb:set package 'urdf_with_stl' build argument 'catkin_cmake_args' from command line to 'None'
[0.370s] Level 5:colcon.colcon_core.verb:set package 'urdf_with_stl' build argument 'catkin_skip_building_tests' from command line to 'False'
[0.370s] DEBUG:colcon.colcon_core.verb:Building package 'urdf_with_stl' with the following arguments: {'ament_cmake_args': None, 'build_base': '/home/dan/train/train/MA_training/MA_train_for_ros/ros2/build/urdf_with_stl', 'catkin_cmake_args': None, 'catkin_skip_building_tests': False, 'cmake_args': None, 'cmake_clean_cache': False, 'cmake_clean_first': False, 'cmake_force_configure': False, 'cmake_target': None, 'cmake_target_skip_unavailable': False, 'install_base': '/home/dan/train/train/MA_training/MA_train_for_ros/ros2/install/urdf_with_stl', 'merge_install': False, 'path': '/home/dan/train/train/MA_training/MA_train_for_ros/ros2/src/urdf_with_stl', 'symlink_install': False, 'test_result_base': None}
[0.371s] Level 5:colcon.colcon_core.verb:set package 'vis_demo' build argument 'cmake_args' from command line to 'None'
[0.371s] Level 5:colcon.colcon_core.verb:set package 'vis_demo' build argument 'cmake_target' from command line to 'None'
[0.371s] Level 5:colcon.colcon_core.verb:set package 'vis_demo' build argument 'cmake_target_skip_unavailable' from command line to 'False'
[0.371s] Level 5:colcon.colcon_core.verb:set package 'vis_demo' build argument 'cmake_clean_cache' from command line to 'False'
[0.371s] Level 5:colcon.colcon_core.verb:set package 'vis_demo' build argument 'cmake_clean_first' from command line to 'False'
[0.371s] Level 5:colcon.colcon_core.verb:set package 'vis_demo' build argument 'cmake_force_configure' from command line to 'False'
[0.371s] Level 5:colcon.colcon_core.verb:set package 'vis_demo' build argument 'ament_cmake_args' from command line to 'None'
[0.371s] Level 5:colcon.colcon_core.verb:set package 'vis_demo' build argument 'catkin_cmake_args' from command line to 'None'
[0.371s] Level 5:colcon.colcon_core.verb:set package 'vis_demo' build argument 'catkin_skip_building_tests' from command line to 'False'
[0.371s] DEBUG:colcon.colcon_core.verb:Building package 'vis_demo' with the following arguments: {'ament_cmake_args': None, 'build_base': '/home/dan/train/train/MA_training/MA_train_for_ros/ros2/build/vis_demo', 'catkin_cmake_args': None, 'catkin_skip_building_tests': False, 'cmake_args': None, 'cmake_clean_cache': False, 'cmake_clean_first': False, 'cmake_force_configure': False, 'cmake_target': None, 'cmake_target_skip_unavailable': False, 'install_base': '/home/dan/train/train/MA_training/MA_train_for_ros/ros2/install/vis_demo', 'merge_install': False, 'path': '/home/dan/train/train/MA_training/MA_train_for_ros/ros2/src/vis_demo', 'symlink_install': False, 'test_result_base': None}
[0.371s] INFO:colcon.colcon_core.executor:Executing jobs using 'parallel' executor
[0.374s] DEBUG:colcon.colcon_parallel_executor.executor.parallel:run_until_complete
[0.374s] INFO:colcon.colcon_ros.task.ament_cmake.build:Building ROS package in '/home/dan/train/train/MA_training/MA_train_for_ros/ros2/src/marker_array' with build type 'ament_cmake'
[0.375s] INFO:colcon.colcon_cmake.task.cmake.build:Building CMake package in '/home/dan/train/train/MA_training/MA_train_for_ros/ros2/src/marker_array'
[0.378s] INFO:colcon.colcon_core.plugin_system:Skipping extension 'colcon_core.shell.bat': Not used on non-Windows systems
[0.378s] INFO:colcon.colcon_core.shell:Skip shell extension 'powershell' for command environment: Not usable outside of PowerShell
[0.378s] DEBUG:colcon.colcon_core.shell:Skip shell extension 'dsv' for command environment
[0.383s] INFO:colcon.colcon_ros.task.ament_cmake.build:Building ROS package in '/home/dan/train/train/MA_training/MA_train_for_ros/ros2/src/serial_example' with build type 'ament_cmake'
[0.383s] INFO:colcon.colcon_cmake.task.cmake.build:Building CMake package in '/home/dan/train/train/MA_training/MA_train_for_ros/ros2/src/serial_example'
[0.385s] INFO:colcon.colcon_core.shell:Skip shell extension 'powershell' for command environment: Not usable outside of PowerShell
[0.385s] DEBUG:colcon.colcon_core.shell:Skip shell extension 'dsv' for command environment
[0.391s] INFO:colcon.colcon_ros.task.ament_cmake.build:Building ROS package in '/home/dan/train/train/MA_training/MA_train_for_ros/ros2/src/urdf_demo' with build type 'ament_cmake'
[0.391s] INFO:colcon.colcon_cmake.task.cmake.build:Building CMake package in '/home/dan/train/train/MA_training/MA_train_for_ros/ros2/src/urdf_demo'
[0.400s] INFO:colcon.colcon_core.shell:Skip shell extension 'powershell' for command environment: Not usable outside of PowerShell
[0.401s] DEBUG:colcon.colcon_core.shell:Skip shell extension 'dsv' for command environment
[0.419s] INFO:colcon.colcon_ros.task.ament_cmake.build:Building ROS package in '/home/dan/train/train/MA_training/MA_train_for_ros/ros2/src/urdf_example' with build type 'ament_cmake'
[0.419s] INFO:colcon.colcon_cmake.task.cmake.build:Building CMake package in '/home/dan/train/train/MA_training/MA_train_for_ros/ros2/src/urdf_example'
[0.421s] INFO:colcon.colcon_core.shell:Skip shell extension 'powershell' for command environment: Not usable outside of PowerShell
[0.421s] DEBUG:colcon.colcon_core.shell:Skip shell extension 'dsv' for command environment
[0.444s] INFO:colcon.colcon_ros.task.ament_cmake.build:Building ROS package in '/home/dan/train/train/MA_training/MA_train_for_ros/ros2/src/urdf_with_stl' with build type 'ament_cmake'
[0.445s] INFO:colcon.colcon_cmake.task.cmake.build:Building CMake package in '/home/dan/train/train/MA_training/MA_train_for_ros/ros2/src/urdf_with_stl'
[0.448s] INFO:colcon.colcon_core.shell:Skip shell extension 'powershell' for command environment: Not usable outside of PowerShell
[0.448s] DEBUG:colcon.colcon_core.shell:Skip shell extension 'dsv' for command environment
[0.458s] INFO:colcon.colcon_ros.task.ament_cmake.build:Building ROS package in '/home/dan/train/train/MA_training/MA_train_for_ros/ros2/src/vis_demo' with build type 'ament_cmake'
[0.458s] INFO:colcon.colcon_cmake.task.cmake.build:Building CMake package in '/home/dan/train/train/MA_training/MA_train_for_ros/ros2/src/vis_demo'
[0.460s] INFO:colcon.colcon_core.shell:Skip shell extension 'powershell' for command environment: Not usable outside of PowerShell
[0.460s] DEBUG:colcon.colcon_core.shell:Skip shell extension 'dsv' for command environment
[0.475s] DEBUG:colcon.colcon_core.event_handler.log_command:Invoking command in '/home/dan/train/train/MA_training/MA_train_for_ros/ros2/build/marker_array': CMAKE_PREFIX_PATH=${CMAKE_PREFIX_PATH}:/opt/ros/humble /home/dan/.local/bin/cmake --build /home/dan/train/train/MA_training/MA_train_for_ros/ros2/build/marker_array -- -j16 -l16
[0.480s] DEBUG:colcon.colcon_core.event_handler.log_command:Invoking command in '/home/dan/train/train/MA_training/MA_train_for_ros/ros2/build/serial_example': CMAKE_PREFIX_PATH=${CMAKE_PREFIX_PATH}:/opt/ros/humble /home/dan/.local/bin/cmake --build /home/dan/train/train/MA_training/MA_train_for_ros/ros2/build/serial_example -- -j16 -l16
[0.483s] DEBUG:colcon.colcon_core.event_handler.log_command:Invoking command in '/home/dan/train/train/MA_training/MA_train_for_ros/ros2/build/urdf_demo': CMAKE_PREFIX_PATH=${CMAKE_PREFIX_PATH}:/opt/ros/humble /home/dan/.local/bin/cmake --build /home/dan/train/train/MA_training/MA_train_for_ros/ros2/build/urdf_demo -- -j16 -l16
[0.487s] DEBUG:colcon.colcon_core.event_handler.log_command:Invoking command in '/home/dan/train/train/MA_training/MA_train_for_ros/ros2/build/urdf_example': CMAKE_PREFIX_PATH=${CMAKE_PREFIX_PATH}:/opt/ros/humble /home/dan/.local/bin/cmake --build /home/dan/train/train/MA_training/MA_train_for_ros/ros2/build/urdf_example -- -j16 -l16
[0.494s] DEBUG:colcon.colcon_core.event_handler.log_command:Invoking command in '/home/dan/train/train/MA_training/MA_train_for_ros/ros2/build/urdf_with_stl': CMAKE_PREFIX_PATH=${CMAKE_PREFIX_PATH}:/opt/ros/humble /home/dan/.local/bin/cmake --build /home/dan/train/train/MA_training/MA_train_for_ros/ros2/build/urdf_with_stl -- -j16 -l16
[0.523s] DEBUG:colcon.colcon_core.event_handler.log_command:Invoking command in '/home/dan/train/train/MA_training/MA_train_for_ros/ros2/build/vis_demo': CMAKE_PREFIX_PATH=${CMAKE_PREFIX_PATH}:/opt/ros/humble /home/dan/.local/bin/cmake --build /home/dan/train/train/MA_training/MA_train_for_ros/ros2/build/vis_demo -- -j16 -l16
[0.580s] DEBUG:colcon.colcon_core.event_handler.log_command:Invoked command in '/home/dan/train/train/MA_training/MA_train_for_ros/ros2/build/urdf_example' returned '0': CMAKE_PREFIX_PATH=${CMAKE_PREFIX_PATH}:/opt/ros/humble /home/dan/.local/bin/cmake --build /home/dan/train/train/MA_training/MA_train_for_ros/ros2/build/urdf_example -- -j16 -l16
[0.583s] DEBUG:colcon.colcon_core.event_handler.log_command:Invoked command in '/home/dan/train/train/MA_training/MA_train_for_ros/ros2/build/urdf_demo' returned '0': CMAKE_PREFIX_PATH=${CMAKE_PREFIX_PATH}:/opt/ros/humble /home/dan/.local/bin/cmake --build /home/dan/train/train/MA_training/MA_train_for_ros/ros2/build/urdf_demo -- -j16 -l16
[0.600s] DEBUG:colcon.colcon_core.event_handler.log_command:Invoked command in '/home/dan/train/train/MA_training/MA_train_for_ros/ros2/build/urdf_with_stl' returned '0': CMAKE_PREFIX_PATH=${CMAKE_PREFIX_PATH}:/opt/ros/humble /home/dan/.local/bin/cmake --build /home/dan/train/train/MA_training/MA_train_for_ros/ros2/build/urdf_with_stl -- -j16 -l16
[0.612s] DEBUG:colcon.colcon_core.event_handler.log_command:Invoked command in '/home/dan/train/train/MA_training/MA_train_for_ros/ros2/build/marker_array' returned '0': CMAKE_PREFIX_PATH=${CMAKE_PREFIX_PATH}:/opt/ros/humble /home/dan/.local/bin/cmake --build /home/dan/train/train/MA_training/MA_train_for_ros/ros2/build/marker_array -- -j16 -l16
[0.615s] DEBUG:colcon.colcon_core.event_handler.log_command:Invoked command in '/home/dan/train/train/MA_training/MA_train_for_ros/ros2/build/serial_example' returned '0': CMAKE_PREFIX_PATH=${CMAKE_PREFIX_PATH}:/opt/ros/humble /home/dan/.local/bin/cmake --build /home/dan/train/train/MA_training/MA_train_for_ros/ros2/build/serial_example -- -j16 -l16
[0.647s] DEBUG:colcon.colcon_core.event_handler.log_command:Invoked command in '/home/dan/train/train/MA_training/MA_train_for_ros/ros2/build/vis_demo' returned '0': CMAKE_PREFIX_PATH=${CMAKE_PREFIX_PATH}:/opt/ros/humble /home/dan/.local/bin/cmake --build /home/dan/train/train/MA_training/MA_train_for_ros/ros2/build/vis_demo -- -j16 -l16
[0.705s] DEBUG:colcon.colcon_core.event_handler.log_command:Invoking command in '/home/dan/train/train/MA_training/MA_train_for_ros/ros2/build/urdf_example': CMAKE_PREFIX_PATH=${CMAKE_PREFIX_PATH}:/opt/ros/humble /home/dan/.local/bin/cmake --install /home/dan/train/train/MA_training/MA_train_for_ros/ros2/build/urdf_example
[0.708s] DEBUG:colcon.colcon_core.event_handler.log_command:Invoking command in '/home/dan/train/train/MA_training/MA_train_for_ros/ros2/build/urdf_demo': CMAKE_PREFIX_PATH=${CMAKE_PREFIX_PATH}:/opt/ros/humble /home/dan/.local/bin/cmake --install /home/dan/train/train/MA_training/MA_train_for_ros/ros2/build/urdf_demo
[0.710s] DEBUG:colcon.colcon_core.event_handler.log_command:Invoking command in '/home/dan/train/train/MA_training/MA_train_for_ros/ros2/build/urdf_with_stl': CMAKE_PREFIX_PATH=${CMAKE_PREFIX_PATH}:/opt/ros/humble /home/dan/.local/bin/cmake --install /home/dan/train/train/MA_training/MA_train_for_ros/ros2/build/urdf_with_stl
[0.713s] DEBUG:colcon.colcon_core.event_handler.log_command:Invoking command in '/home/dan/train/train/MA_training/MA_train_for_ros/ros2/build/marker_array': CMAKE_PREFIX_PATH=${CMAKE_PREFIX_PATH}:/opt/ros/humble /home/dan/.local/bin/cmake --install /home/dan/train/train/MA_training/MA_train_for_ros/ros2/build/marker_array
[0.715s] DEBUG:colcon.colcon_core.event_handler.log_command:Invoking command in '/home/dan/train/train/MA_training/MA_train_for_ros/ros2/build/serial_example': CMAKE_PREFIX_PATH=${CMAKE_PREFIX_PATH}:/opt/ros/humble /home/dan/.local/bin/cmake --install /home/dan/train/train/MA_training/MA_train_for_ros/ros2/build/serial_example
[0.718s] DEBUG:colcon.colcon_core.event_handler.log_command:Invoking command in '/home/dan/train/train/MA_training/MA_train_for_ros/ros2/build/vis_demo': CMAKE_PREFIX_PATH=${CMAKE_PREFIX_PATH}:/opt/ros/humble /home/dan/.local/bin/cmake --install /home/dan/train/train/MA_training/MA_train_for_ros/ros2/build/vis_demo
[0.745s] Level 1:colcon.colcon_core.environment:create_environment_scripts_only(urdf_example)
[0.748s] DEBUG:colcon.colcon_core.event_handler.log_command:Invoked command in '/home/dan/train/train/MA_training/MA_train_for_ros/ros2/build/urdf_example' returned '0': CMAKE_PREFIX_PATH=${CMAKE_PREFIX_PATH}:/opt/ros/humble /home/dan/.local/bin/cmake --install /home/dan/train/train/MA_training/MA_train_for_ros/ros2/build/urdf_example
[0.762s] Level 1:colcon.colcon_core.environment:checking '/home/dan/train/train/MA_training/MA_train_for_ros/ros2/install/urdf_example' for CMake module files
[0.763s] Level 1:colcon.colcon_core.environment:checking '/home/dan/train/train/MA_training/MA_train_for_ros/ros2/install/urdf_example' for CMake config files
[0.763s] Level 1:colcon.colcon_core.shell:create_environment_hook('urdf_example', 'cmake_prefix_path')
[0.764s] INFO:colcon.colcon_core.shell:Creating environment hook '/home/dan/train/train/MA_training/MA_train_for_ros/ros2/install/urdf_example/share/urdf_example/hook/cmake_prefix_path.ps1'
[0.765s] INFO:colcon.colcon_core.shell:Creating environment descriptor '/home/dan/train/train/MA_training/MA_train_for_ros/ros2/install/urdf_example/share/urdf_example/hook/cmake_prefix_path.dsv'
[0.765s] INFO:colcon.colcon_core.shell:Creating environment hook '/home/dan/train/train/MA_training/MA_train_for_ros/ros2/install/urdf_example/share/urdf_example/hook/cmake_prefix_path.sh'
[0.766s] Level 1:colcon.colcon_core.environment:checking '/home/dan/train/train/MA_training/MA_train_for_ros/ros2/install/urdf_example/bin'
[0.766s] Level 1:colcon.colcon_core.environment:checking '/home/dan/train/train/MA_training/MA_train_for_ros/ros2/install/urdf_example/lib/pkgconfig/urdf_example.pc'
[0.766s] Level 1:colcon.colcon_core.environment:checking '/home/dan/train/train/MA_training/MA_train_for_ros/ros2/install/urdf_example/lib/python3.10/site-packages'
[0.766s] Level 1:colcon.colcon_core.environment:checking '/home/dan/train/train/MA_training/MA_train_for_ros/ros2/install/urdf_example/bin'
[0.767s] INFO:colcon.colcon_core.shell:Creating package script '/home/dan/train/train/MA_training/MA_train_for_ros/ros2/install/urdf_example/share/urdf_example/package.ps1'
[0.768s] INFO:colcon.colcon_core.shell:Creating package descriptor '/home/dan/train/train/MA_training/MA_train_for_ros/ros2/install/urdf_example/share/urdf_example/package.dsv'
[0.768s] INFO:colcon.colcon_core.shell:Creating package script '/home/dan/train/train/MA_training/MA_train_for_ros/ros2/install/urdf_example/share/urdf_example/package.sh'
[0.769s] INFO:colcon.colcon_core.shell:Creating package script '/home/dan/train/train/MA_training/MA_train_for_ros/ros2/install/urdf_example/share/urdf_example/package.bash'
[0.769s] INFO:colcon.colcon_core.shell:Creating package script '/home/dan/train/train/MA_training/MA_train_for_ros/ros2/install/urdf_example/share/urdf_example/package.zsh'
[0.770s] Level 1:colcon.colcon_core.environment:create_file_with_runtime_dependencies(/home/dan/train/train/MA_training/MA_train_for_ros/ros2/install/urdf_example/share/colcon-core/packages/urdf_example)
[0.772s] Level 1:colcon.colcon_core.environment:create_environment_scripts_only(urdf_demo)
[0.775s] Level 1:colcon.colcon_core.environment:checking '/home/dan/train/train/MA_training/MA_train_for_ros/ros2/install/urdf_demo' for CMake module files
[0.776s] DEBUG:colcon.colcon_core.event_handler.log_command:Invoked command in '/home/dan/train/train/MA_training/MA_train_for_ros/ros2/build/urdf_demo' returned '0': CMAKE_PREFIX_PATH=${CMAKE_PREFIX_PATH}:/opt/ros/humble /home/dan/.local/bin/cmake --install /home/dan/train/train/MA_training/MA_train_for_ros/ros2/build/urdf_demo
[0.777s] Level 1:colcon.colcon_core.environment:checking '/home/dan/train/train/MA_training/MA_train_for_ros/ros2/install/urdf_demo' for CMake config files
[0.777s] Level 1:colcon.colcon_core.shell:create_environment_hook('urdf_demo', 'cmake_prefix_path')
[0.778s] INFO:colcon.colcon_core.shell:Creating environment hook '/home/dan/train/train/MA_training/MA_train_for_ros/ros2/install/urdf_demo/share/urdf_demo/hook/cmake_prefix_path.ps1'
[0.779s] INFO:colcon.colcon_core.shell:Creating environment descriptor '/home/dan/train/train/MA_training/MA_train_for_ros/ros2/install/urdf_demo/share/urdf_demo/hook/cmake_prefix_path.dsv'
[0.779s] INFO:colcon.colcon_core.shell:Creating environment hook '/home/dan/train/train/MA_training/MA_train_for_ros/ros2/install/urdf_demo/share/urdf_demo/hook/cmake_prefix_path.sh'
[0.780s] Level 1:colcon.colcon_core.environment:checking '/home/dan/train/train/MA_training/MA_train_for_ros/ros2/install/urdf_demo/bin'
[0.780s] Level 1:colcon.colcon_core.environment:checking '/home/dan/train/train/MA_training/MA_train_for_ros/ros2/install/urdf_demo/lib/pkgconfig/urdf_demo.pc'
[0.780s] Level 1:colcon.colcon_core.environment:checking '/home/dan/train/train/MA_training/MA_train_for_ros/ros2/install/urdf_demo/lib/python3.10/site-packages'
[0.780s] Level 1:colcon.colcon_core.environment:checking '/home/dan/train/train/MA_training/MA_train_for_ros/ros2/install/urdf_demo/bin'
[0.781s] INFO:colcon.colcon_core.shell:Creating package script '/home/dan/train/train/MA_training/MA_train_for_ros/ros2/install/urdf_demo/share/urdf_demo/package.ps1'
[0.782s] INFO:colcon.colcon_core.shell:Creating package descriptor '/home/dan/train/train/MA_training/MA_train_for_ros/ros2/install/urdf_demo/share/urdf_demo/package.dsv'
[0.782s] INFO:colcon.colcon_core.shell:Creating package script '/home/dan/train/train/MA_training/MA_train_for_ros/ros2/install/urdf_demo/share/urdf_demo/package.sh'
[0.783s] INFO:colcon.colcon_core.shell:Creating package script '/home/dan/train/train/MA_training/MA_train_for_ros/ros2/install/urdf_demo/share/urdf_demo/package.bash'
[0.783s] INFO:colcon.colcon_core.shell:Creating package script '/home/dan/train/train/MA_training/MA_train_for_ros/ros2/install/urdf_demo/share/urdf_demo/package.zsh'
[0.783s] Level 1:colcon.colcon_core.environment:create_file_with_runtime_dependencies(/home/dan/train/train/MA_training/MA_train_for_ros/ros2/install/urdf_demo/share/colcon-core/packages/urdf_demo)
[0.785s] Level 1:colcon.colcon_core.environment:create_environment_scripts_only(urdf_with_stl)
[0.786s] Level 1:colcon.colcon_core.environment:checking '/home/dan/train/train/MA_training/MA_train_for_ros/ros2/install/urdf_with_stl' for CMake module files
[0.787s] DEBUG:colcon.colcon_core.event_handler.log_command:Invoked command in '/home/dan/train/train/MA_training/MA_train_for_ros/ros2/build/urdf_with_stl' returned '0': CMAKE_PREFIX_PATH=${CMAKE_PREFIX_PATH}:/opt/ros/humble /home/dan/.local/bin/cmake --install /home/dan/train/train/MA_training/MA_train_for_ros/ros2/build/urdf_with_stl
[0.787s] Level 1:colcon.colcon_core.environment:checking '/home/dan/train/train/MA_training/MA_train_for_ros/ros2/install/urdf_with_stl' for CMake config files
[0.787s] Level 1:colcon.colcon_core.shell:create_environment_hook('urdf_with_stl', 'cmake_prefix_path')
[0.789s] INFO:colcon.colcon_core.shell:Creating environment hook '/home/dan/train/train/MA_training/MA_train_for_ros/ros2/install/urdf_with_stl/share/urdf_with_stl/hook/cmake_prefix_path.ps1'
[0.789s] INFO:colcon.colcon_core.shell:Creating environment descriptor '/home/dan/train/train/MA_training/MA_train_for_ros/ros2/install/urdf_with_stl/share/urdf_with_stl/hook/cmake_prefix_path.dsv'
[0.789s] INFO:colcon.colcon_core.shell:Creating environment hook '/home/dan/train/train/MA_training/MA_train_for_ros/ros2/install/urdf_with_stl/share/urdf_with_stl/hook/cmake_prefix_path.sh'
[0.790s] Level 1:colcon.colcon_core.environment:checking '/home/dan/train/train/MA_training/MA_train_for_ros/ros2/install/urdf_with_stl/bin'
[0.790s] Level 1:colcon.colcon_core.environment:checking '/home/dan/train/train/MA_training/MA_train_for_ros/ros2/install/urdf_with_stl/lib/pkgconfig/urdf_with_stl.pc'
[0.790s] Level 1:colcon.colcon_core.environment:checking '/home/dan/train/train/MA_training/MA_train_for_ros/ros2/install/urdf_with_stl/lib/python3.10/site-packages'
[0.790s] Level 1:colcon.colcon_core.environment:checking '/home/dan/train/train/MA_training/MA_train_for_ros/ros2/install/urdf_with_stl/bin'
[0.792s] INFO:colcon.colcon_core.shell:Creating package script '/home/dan/train/train/MA_training/MA_train_for_ros/ros2/install/urdf_with_stl/share/urdf_with_stl/package.ps1'
[0.792s] INFO:colcon.colcon_core.shell:Creating package descriptor '/home/dan/train/train/MA_training/MA_train_for_ros/ros2/install/urdf_with_stl/share/urdf_with_stl/package.dsv'
[0.793s] INFO:colcon.colcon_core.shell:Creating package script '/home/dan/train/train/MA_training/MA_train_for_ros/ros2/install/urdf_with_stl/share/urdf_with_stl/package.sh'
[0.793s] INFO:colcon.colcon_core.shell:Creating package script '/home/dan/train/train/MA_training/MA_train_for_ros/ros2/install/urdf_with_stl/share/urdf_with_stl/package.bash'
[0.793s] INFO:colcon.colcon_core.shell:Creating package script '/home/dan/train/train/MA_training/MA_train_for_ros/ros2/install/urdf_with_stl/share/urdf_with_stl/package.zsh'
[0.793s] Level 1:colcon.colcon_core.environment:create_file_with_runtime_dependencies(/home/dan/train/train/MA_training/MA_train_for_ros/ros2/install/urdf_with_stl/share/colcon-core/packages/urdf_with_stl)
[0.797s] Level 1:colcon.colcon_core.environment:create_environment_scripts_only(serial_example)
[0.800s] Level 1:colcon.colcon_core.environment:checking '/home/dan/train/train/MA_training/MA_train_for_ros/ros2/install/serial_example' for CMake module files
[0.801s] DEBUG:colcon.colcon_core.event_handler.log_command:Invoked command in '/home/dan/train/train/MA_training/MA_train_for_ros/ros2/build/serial_example' returned '0': CMAKE_PREFIX_PATH=${CMAKE_PREFIX_PATH}:/opt/ros/humble /home/dan/.local/bin/cmake --install /home/dan/train/train/MA_training/MA_train_for_ros/ros2/build/serial_example
[0.801s] Level 1:colcon.colcon_core.environment:checking '/home/dan/train/train/MA_training/MA_train_for_ros/ros2/install/serial_example' for CMake config files
[0.802s] Level 1:colcon.colcon_core.shell:create_environment_hook('serial_example', 'cmake_prefix_path')
[0.803s] INFO:colcon.colcon_core.shell:Creating environment hook '/home/dan/train/train/MA_training/MA_train_for_ros/ros2/install/serial_example/share/serial_example/hook/cmake_prefix_path.ps1'
[0.804s] INFO:colcon.colcon_core.shell:Creating environment descriptor '/home/dan/train/train/MA_training/MA_train_for_ros/ros2/install/serial_example/share/serial_example/hook/cmake_prefix_path.dsv'
[0.804s] INFO:colcon.colcon_core.shell:Creating environment hook '/home/dan/train/train/MA_training/MA_train_for_ros/ros2/install/serial_example/share/serial_example/hook/cmake_prefix_path.sh'
[0.805s] Level 1:colcon.colcon_core.environment:checking '/home/dan/train/train/MA_training/MA_train_for_ros/ros2/install/serial_example/lib'
[0.805s] Level 1:colcon.colcon_core.environment:checking '/home/dan/train/train/MA_training/MA_train_for_ros/ros2/install/serial_example/bin'
[0.805s] Level 1:colcon.colcon_core.environment:checking '/home/dan/train/train/MA_training/MA_train_for_ros/ros2/install/serial_example/lib/pkgconfig/serial_example.pc'
[0.806s] Level 1:colcon.colcon_core.environment:checking '/home/dan/train/train/MA_training/MA_train_for_ros/ros2/install/serial_example/lib/python3.10/site-packages'
[0.806s] Level 1:colcon.colcon_core.environment:checking '/home/dan/train/train/MA_training/MA_train_for_ros/ros2/install/serial_example/bin'
[0.808s] INFO:colcon.colcon_core.shell:Creating package script '/home/dan/train/train/MA_training/MA_train_for_ros/ros2/install/serial_example/share/serial_example/package.ps1'
[0.808s] INFO:colcon.colcon_core.shell:Creating package descriptor '/home/dan/train/train/MA_training/MA_train_for_ros/ros2/install/serial_example/share/serial_example/package.dsv'
[0.809s] INFO:colcon.colcon_core.shell:Creating package script '/home/dan/train/train/MA_training/MA_train_for_ros/ros2/install/serial_example/share/serial_example/package.sh'
[0.809s] INFO:colcon.colcon_core.shell:Creating package script '/home/dan/train/train/MA_training/MA_train_for_ros/ros2/install/serial_example/share/serial_example/package.bash'
[0.810s] INFO:colcon.colcon_core.shell:Creating package script '/home/dan/train/train/MA_training/MA_train_for_ros/ros2/install/serial_example/share/serial_example/package.zsh'
[0.810s] Level 1:colcon.colcon_core.environment:create_file_with_runtime_dependencies(/home/dan/train/train/MA_training/MA_train_for_ros/ros2/install/serial_example/share/colcon-core/packages/serial_example)
[0.815s] Level 1:colcon.colcon_core.environment:create_environment_scripts_only(vis_demo)
[0.817s] Level 1:colcon.colcon_core.environment:checking '/home/dan/train/train/MA_training/MA_train_for_ros/ros2/install/vis_demo' for CMake module files
[0.818s] Level 1:colcon.colcon_core.environment:checking '/home/dan/train/train/MA_training/MA_train_for_ros/ros2/install/vis_demo' for CMake config files
[0.819s] Level 1:colcon.colcon_core.shell:create_environment_hook('vis_demo', 'cmake_prefix_path')
[0.818s] DEBUG:colcon.colcon_core.event_handler.log_command:Invoked command in '/home/dan/train/train/MA_training/MA_train_for_ros/ros2/build/vis_demo' returned '0': CMAKE_PREFIX_PATH=${CMAKE_PREFIX_PATH}:/opt/ros/humble /home/dan/.local/bin/cmake --install /home/dan/train/train/MA_training/MA_train_for_ros/ros2/build/vis_demo
[0.821s] INFO:colcon.colcon_core.shell:Creating environment hook '/home/dan/train/train/MA_training/MA_train_for_ros/ros2/install/vis_demo/share/vis_demo/hook/cmake_prefix_path.ps1'
[0.822s] INFO:colcon.colcon_core.shell:Creating environment descriptor '/home/dan/train/train/MA_training/MA_train_for_ros/ros2/install/vis_demo/share/vis_demo/hook/cmake_prefix_path.dsv'
[0.822s] INFO:colcon.colcon_core.shell:Creating environment hook '/home/dan/train/train/MA_training/MA_train_for_ros/ros2/install/vis_demo/share/vis_demo/hook/cmake_prefix_path.sh'
[0.823s] Level 1:colcon.colcon_core.environment:checking '/home/dan/train/train/MA_training/MA_train_for_ros/ros2/install/vis_demo/lib'
[0.823s] Level 1:colcon.colcon_core.environment:checking '/home/dan/train/train/MA_training/MA_train_for_ros/ros2/install/vis_demo/bin'
[0.823s] Level 1:colcon.colcon_core.environment:checking '/home/dan/train/train/MA_training/MA_train_for_ros/ros2/install/vis_demo/lib/pkgconfig/vis_demo.pc'
[0.823s] Level 1:colcon.colcon_core.environment:checking '/home/dan/train/train/MA_training/MA_train_for_ros/ros2/install/vis_demo/lib/python3.10/site-packages'
[0.823s] Level 1:colcon.colcon_core.environment:checking '/home/dan/train/train/MA_training/MA_train_for_ros/ros2/install/vis_demo/bin'
[0.825s] INFO:colcon.colcon_core.shell:Creating package script '/home/dan/train/train/MA_training/MA_train_for_ros/ros2/install/vis_demo/share/vis_demo/package.ps1'
[0.826s] INFO:colcon.colcon_core.shell:Creating package descriptor '/home/dan/train/train/MA_training/MA_train_for_ros/ros2/install/vis_demo/share/vis_demo/package.dsv'
[0.826s] INFO:colcon.colcon_core.shell:Creating package script '/home/dan/train/train/MA_training/MA_train_for_ros/ros2/install/vis_demo/share/vis_demo/package.sh'
[0.827s] INFO:colcon.colcon_core.shell:Creating package script '/home/dan/train/train/MA_training/MA_train_for_ros/ros2/install/vis_demo/share/vis_demo/package.bash'
[0.827s] INFO:colcon.colcon_core.shell:Creating package script '/home/dan/train/train/MA_training/MA_train_for_ros/ros2/install/vis_demo/share/vis_demo/package.zsh'
[0.828s] Level 1:colcon.colcon_core.environment:create_file_with_runtime_dependencies(/home/dan/train/train/MA_training/MA_train_for_ros/ros2/install/vis_demo/share/colcon-core/packages/vis_demo)
[0.829s] Level 1:colcon.colcon_core.environment:create_environment_scripts_only(marker_array)
[0.831s] Level 1:colcon.colcon_core.environment:checking '/home/dan/train/train/MA_training/MA_train_for_ros/ros2/install/marker_array' for CMake module files
[0.832s] DEBUG:colcon.colcon_core.event_handler.log_command:Invoked command in '/home/dan/train/train/MA_training/MA_train_for_ros/ros2/build/marker_array' returned '0': CMAKE_PREFIX_PATH=${CMAKE_PREFIX_PATH}:/opt/ros/humble /home/dan/.local/bin/cmake --install /home/dan/train/train/MA_training/MA_train_for_ros/ros2/build/marker_array
[0.832s] Level 1:colcon.colcon_core.environment:checking '/home/dan/train/train/MA_training/MA_train_for_ros/ros2/install/marker_array' for CMake config files
[0.833s] Level 1:colcon.colcon_core.shell:create_environment_hook('marker_array', 'cmake_prefix_path')
[0.834s] INFO:colcon.colcon_core.shell:Creating environment hook '/home/dan/train/train/MA_training/MA_train_for_ros/ros2/install/marker_array/share/marker_array/hook/cmake_prefix_path.ps1'
[0.835s] INFO:colcon.colcon_core.shell:Creating environment descriptor '/home/dan/train/train/MA_training/MA_train_for_ros/ros2/install/marker_array/share/marker_array/hook/cmake_prefix_path.dsv'
[0.835s] INFO:colcon.colcon_core.shell:Creating environment hook '/home/dan/train/train/MA_training/MA_train_for_ros/ros2/install/marker_array/share/marker_array/hook/cmake_prefix_path.sh'
[0.836s] Level 1:colcon.colcon_core.environment:checking '/home/dan/train/train/MA_training/MA_train_for_ros/ros2/install/marker_array/lib'
[0.836s] Level 1:colcon.colcon_core.environment:checking '/home/dan/train/train/MA_training/MA_train_for_ros/ros2/install/marker_array/bin'
[0.836s] Level 1:colcon.colcon_core.environment:checking '/home/dan/train/train/MA_training/MA_train_for_ros/ros2/install/marker_array/lib/pkgconfig/marker_array.pc'
[0.837s] Level 1:colcon.colcon_core.environment:checking '/home/dan/train/train/MA_training/MA_train_for_ros/ros2/install/marker_array/lib/python3.10/site-packages'
[0.837s] Level 1:colcon.colcon_core.environment:checking '/home/dan/train/train/MA_training/MA_train_for_ros/ros2/install/marker_array/bin'
[0.839s] INFO:colcon.colcon_core.shell:Creating package script '/home/dan/train/train/MA_training/MA_train_for_ros/ros2/install/marker_array/share/marker_array/package.ps1'
[0.839s] INFO:colcon.colcon_core.shell:Creating package descriptor '/home/dan/train/train/MA_training/MA_train_for_ros/ros2/install/marker_array/share/marker_array/package.dsv'
[0.840s] INFO:colcon.colcon_core.shell:Creating package script '/home/dan/train/train/MA_training/MA_train_for_ros/ros2/install/marker_array/share/marker_array/package.sh'
[0.840s] INFO:colcon.colcon_core.shell:Creating package script '/home/dan/train/train/MA_training/MA_train_for_ros/ros2/install/marker_array/share/marker_array/package.bash'
[0.841s] INFO:colcon.colcon_core.shell:Creating package script '/home/dan/train/train/MA_training/MA_train_for_ros/ros2/install/marker_array/share/marker_array/package.zsh'
[0.841s] Level 1:colcon.colcon_core.environment:create_file_with_runtime_dependencies(/home/dan/train/train/MA_training/MA_train_for_ros/ros2/install/marker_array/share/colcon-core/packages/marker_array)
[0.845s] Level 1:colcon.colcon_core.environment:create_environment_scripts_only(urdf_example)
[0.847s] Level 1:colcon.colcon_core.environment:checking '/home/dan/train/train/MA_training/MA_train_for_ros/ros2/install/urdf_example' for CMake module files
[0.848s] Level 1:colcon.colcon_core.environment:checking '/home/dan/train/train/MA_training/MA_train_for_ros/ros2/install/urdf_example' for CMake config files
[0.848s] Level 1:colcon.colcon_core.shell:create_environment_hook('urdf_example', 'cmake_prefix_path')
[0.850s] INFO:colcon.colcon_core.shell:Creating environment hook '/home/dan/train/train/MA_training/MA_train_for_ros/ros2/install/urdf_example/share/urdf_example/hook/cmake_prefix_path.ps1'
[0.850s] INFO:colcon.colcon_core.shell:Creating environment descriptor '/home/dan/train/train/MA_training/MA_train_for_ros/ros2/install/urdf_example/share/urdf_example/hook/cmake_prefix_path.dsv'
[0.851s] INFO:colcon.colcon_core.shell:Creating environment hook '/home/dan/train/train/MA_training/MA_train_for_ros/ros2/install/urdf_example/share/urdf_example/hook/cmake_prefix_path.sh'
[0.851s] Level 1:colcon.colcon_core.environment:checking '/home/dan/train/train/MA_training/MA_train_for_ros/ros2/install/urdf_example/bin'
[0.851s] Level 1:colcon.colcon_core.environment:checking '/home/dan/train/train/MA_training/MA_train_for_ros/ros2/install/urdf_example/lib/pkgconfig/urdf_example.pc'
[0.852s] Level 1:colcon.colcon_core.environment:checking '/home/dan/train/train/MA_training/MA_train_for_ros/ros2/install/urdf_example/lib/python3.10/site-packages'
[0.852s] Level 1:colcon.colcon_core.environment:checking '/home/dan/train/train/MA_training/MA_train_for_ros/ros2/install/urdf_example/bin'
[0.853s] INFO:colcon.colcon_core.shell:Creating package script '/home/dan/train/train/MA_training/MA_train_for_ros/ros2/install/urdf_example/share/urdf_example/package.ps1'
[0.854s] INFO:colcon.colcon_core.shell:Creating package descriptor '/home/dan/train/train/MA_training/MA_train_for_ros/ros2/install/urdf_example/share/urdf_example/package.dsv'
[0.854s] INFO:colcon.colcon_core.shell:Creating package script '/home/dan/train/train/MA_training/MA_train_for_ros/ros2/install/urdf_example/share/urdf_example/package.sh'
[0.855s] INFO:colcon.colcon_core.shell:Creating package script '/home/dan/train/train/MA_training/MA_train_for_ros/ros2/install/urdf_example/share/urdf_example/package.bash'
[0.855s] INFO:colcon.colcon_core.shell:Creating package script '/home/dan/train/train/MA_training/MA_train_for_ros/ros2/install/urdf_example/share/urdf_example/package.zsh'
[0.856s] Level 1:colcon.colcon_core.environment:create_file_with_runtime_dependencies(/home/dan/train/train/MA_training/MA_train_for_ros/ros2/install/urdf_example/share/colcon-core/packages/urdf_example)
[0.857s] Level 1:colcon.colcon_core.environment:create_environment_scripts_only(urdf_demo)
[0.859s] Level 1:colcon.colcon_core.environment:checking '/home/dan/train/train/MA_training/MA_train_for_ros/ros2/install/urdf_demo' for CMake module files
[0.860s] Level 1:colcon.colcon_core.environment:checking '/home/dan/train/train/MA_training/MA_train_for_ros/ros2/install/urdf_demo' for CMake config files
[0.860s] Level 1:colcon.colcon_core.shell:create_environment_hook('urdf_demo', 'cmake_prefix_path')
[0.862s] INFO:colcon.colcon_core.shell:Creating environment hook '/home/dan/train/train/MA_training/MA_train_for_ros/ros2/install/urdf_demo/share/urdf_demo/hook/cmake_prefix_path.ps1'
[0.862s] INFO:colcon.colcon_core.shell:Creating environment descriptor '/home/dan/train/train/MA_training/MA_train_for_ros/ros2/install/urdf_demo/share/urdf_demo/hook/cmake_prefix_path.dsv'
[0.863s] INFO:colcon.colcon_core.shell:Creating environment hook '/home/dan/train/train/MA_training/MA_train_for_ros/ros2/install/urdf_demo/share/urdf_demo/hook/cmake_prefix_path.sh'
[0.863s] Level 1:colcon.colcon_core.environment:checking '/home/dan/train/train/MA_training/MA_train_for_ros/ros2/install/urdf_demo/bin'
[0.863s] Level 1:colcon.colcon_core.environment:checking '/home/dan/train/train/MA_training/MA_train_for_ros/ros2/install/urdf_demo/lib/pkgconfig/urdf_demo.pc'
[0.863s] Level 1:colcon.colcon_core.environment:checking '/home/dan/train/train/MA_training/MA_train_for_ros/ros2/install/urdf_demo/lib/python3.10/site-packages'
[0.863s] Level 1:colcon.colcon_core.environment:checking '/home/dan/train/train/MA_training/MA_train_for_ros/ros2/install/urdf_demo/bin'
[0.865s] INFO:colcon.colcon_core.shell:Creating package script '/home/dan/train/train/MA_training/MA_train_for_ros/ros2/install/urdf_demo/share/urdf_demo/package.ps1'
[0.865s] INFO:colcon.colcon_core.shell:Creating package descriptor '/home/dan/train/train/MA_training/MA_train_for_ros/ros2/install/urdf_demo/share/urdf_demo/package.dsv'
[0.866s] INFO:colcon.colcon_core.shell:Creating package script '/home/dan/train/train/MA_training/MA_train_for_ros/ros2/install/urdf_demo/share/urdf_demo/package.sh'
[0.867s] INFO:colcon.colcon_core.shell:Creating package script '/home/dan/train/train/MA_training/MA_train_for_ros/ros2/install/urdf_demo/share/urdf_demo/package.bash'
[0.867s] INFO:colcon.colcon_core.shell:Creating package script '/home/dan/train/train/MA_training/MA_train_for_ros/ros2/install/urdf_demo/share/urdf_demo/package.zsh'
[0.867s] Level 1:colcon.colcon_core.environment:create_file_with_runtime_dependencies(/home/dan/train/train/MA_training/MA_train_for_ros/ros2/install/urdf_demo/share/colcon-core/packages/urdf_demo)
[0.870s] Level 1:colcon.colcon_core.environment:create_environment_scripts_only(urdf_with_stl)
[0.872s] Level 1:colcon.colcon_core.environment:checking '/home/dan/train/train/MA_training/MA_train_for_ros/ros2/install/urdf_with_stl' for CMake module files
[0.872s] Level 1:colcon.colcon_core.environment:checking '/home/dan/train/train/MA_training/MA_train_for_ros/ros2/install/urdf_with_stl' for CMake config files
[0.873s] Level 1:colcon.colcon_core.shell:create_environment_hook('urdf_with_stl', 'cmake_prefix_path')
[0.874s] INFO:colcon.colcon_core.shell:Creating environment hook '/home/dan/train/train/MA_training/MA_train_for_ros/ros2/install/urdf_with_stl/share/urdf_with_stl/hook/cmake_prefix_path.ps1'
[0.874s] INFO:colcon.colcon_core.shell:Creating environment descriptor '/home/dan/train/train/MA_training/MA_train_for_ros/ros2/install/urdf_with_stl/share/urdf_with_stl/hook/cmake_prefix_path.dsv'
[0.875s] INFO:colcon.colcon_core.shell:Creating environment hook '/home/dan/train/train/MA_training/MA_train_for_ros/ros2/install/urdf_with_stl/share/urdf_with_stl/hook/cmake_prefix_path.sh'
[0.875s] Level 1:colcon.colcon_core.environment:checking '/home/dan/train/train/MA_training/MA_train_for_ros/ros2/install/urdf_with_stl/bin'
[0.875s] Level 1:colcon.colcon_core.environment:checking '/home/dan/train/train/MA_training/MA_train_for_ros/ros2/install/urdf_with_stl/lib/pkgconfig/urdf_with_stl.pc'
[0.875s] Level 1:colcon.colcon_core.environment:checking '/home/dan/train/train/MA_training/MA_train_for_ros/ros2/install/urdf_with_stl/lib/python3.10/site-packages'
[0.876s] Level 1:colcon.colcon_core.environment:checking '/home/dan/train/train/MA_training/MA_train_for_ros/ros2/install/urdf_with_stl/bin'
[0.877s] INFO:colcon.colcon_core.shell:Creating package script '/home/dan/train/train/MA_training/MA_train_for_ros/ros2/install/urdf_with_stl/share/urdf_with_stl/package.ps1'
[0.878s] INFO:colcon.colcon_core.shell:Creating package descriptor '/home/dan/train/train/MA_training/MA_train_for_ros/ros2/install/urdf_with_stl/share/urdf_with_stl/package.dsv'
[0.878s] INFO:colcon.colcon_core.shell:Creating package script '/home/dan/train/train/MA_training/MA_train_for_ros/ros2/install/urdf_with_stl/share/urdf_with_stl/package.sh'
[0.878s] INFO:colcon.colcon_core.shell:Creating package script '/home/dan/train/train/MA_training/MA_train_for_ros/ros2/install/urdf_with_stl/share/urdf_with_stl/package.bash'
[0.879s] INFO:colcon.colcon_core.shell:Creating package script '/home/dan/train/train/MA_training/MA_train_for_ros/ros2/install/urdf_with_stl/share/urdf_with_stl/package.zsh'
[0.879s] Level 1:colcon.colcon_core.environment:create_file_with_runtime_dependencies(/home/dan/train/train/MA_training/MA_train_for_ros/ros2/install/urdf_with_stl/share/colcon-core/packages/urdf_with_stl)
[0.880s] Level 1:colcon.colcon_core.environment:create_environment_scripts_only(serial_example)
[0.885s] Level 1:colcon.colcon_core.environment:checking '/home/dan/train/train/MA_training/MA_train_for_ros/ros2/install/serial_example' for CMake module files
[0.886s] Level 1:colcon.colcon_core.environment:checking '/home/dan/train/train/MA_training/MA_train_for_ros/ros2/install/serial_example' for CMake config files
[0.887s] Level 1:colcon.colcon_core.shell:create_environment_hook('serial_example', 'cmake_prefix_path')
[0.888s] INFO:colcon.colcon_core.shell:Creating environment hook '/home/dan/train/train/MA_training/MA_train_for_ros/ros2/install/serial_example/share/serial_example/hook/cmake_prefix_path.ps1'
[0.889s] INFO:colcon.colcon_core.shell:Creating environment descriptor '/home/dan/train/train/MA_training/MA_train_for_ros/ros2/install/serial_example/share/serial_example/hook/cmake_prefix_path.dsv'
[0.889s] INFO:colcon.colcon_core.shell:Creating environment hook '/home/dan/train/train/MA_training/MA_train_for_ros/ros2/install/serial_example/share/serial_example/hook/cmake_prefix_path.sh'
[0.890s] Level 1:colcon.colcon_core.environment:checking '/home/dan/train/train/MA_training/MA_train_for_ros/ros2/install/serial_example/lib'
[0.890s] Level 1:colcon.colcon_core.environment:checking '/home/dan/train/train/MA_training/MA_train_for_ros/ros2/install/serial_example/bin'
[0.890s] Level 1:colcon.colcon_core.environment:checking '/home/dan/train/train/MA_training/MA_train_for_ros/ros2/install/serial_example/lib/pkgconfig/serial_example.pc'
[0.890s] Level 1:colcon.colcon_core.environment:checking '/home/dan/train/train/MA_training/MA_train_for_ros/ros2/install/serial_example/lib/python3.10/site-packages'
[0.890s] Level 1:colcon.colcon_core.environment:checking '/home/dan/train/train/MA_training/MA_train_for_ros/ros2/install/serial_example/bin'
[0.892s] INFO:colcon.colcon_core.shell:Creating package script '/home/dan/train/train/MA_training/MA_train_for_ros/ros2/install/serial_example/share/serial_example/package.ps1'
[0.893s] INFO:colcon.colcon_core.shell:Creating package descriptor '/home/dan/train/train/MA_training/MA_train_for_ros/ros2/install/serial_example/share/serial_example/package.dsv'
[0.893s] INFO:colcon.colcon_core.shell:Creating package script '/home/dan/train/train/MA_training/MA_train_for_ros/ros2/install/serial_example/share/serial_example/package.sh'
[0.894s] INFO:colcon.colcon_core.shell:Creating package script '/home/dan/train/train/MA_training/MA_train_for_ros/ros2/install/serial_example/share/serial_example/package.bash'
[0.894s] INFO:colcon.colcon_core.shell:Creating package script '/home/dan/train/train/MA_training/MA_train_for_ros/ros2/install/serial_example/share/serial_example/package.zsh'
[0.895s] Level 1:colcon.colcon_core.environment:create_file_with_runtime_dependencies(/home/dan/train/train/MA_training/MA_train_for_ros/ros2/install/serial_example/share/colcon-core/packages/serial_example)
[0.898s] Level 1:colcon.colcon_core.environment:create_environment_scripts_only(vis_demo)
[0.899s] Level 1:colcon.colcon_core.environment:checking '/home/dan/train/train/MA_training/MA_train_for_ros/ros2/install/vis_demo' for CMake module files
[0.899s] Level 1:colcon.colcon_core.environment:checking '/home/dan/train/train/MA_training/MA_train_for_ros/ros2/install/vis_demo' for CMake config files
[0.900s] Level 1:colcon.colcon_core.shell:create_environment_hook('vis_demo', 'cmake_prefix_path')
[0.900s] INFO:colcon.colcon_core.shell:Creating environment hook '/home/dan/train/train/MA_training/MA_train_for_ros/ros2/install/vis_demo/share/vis_demo/hook/cmake_prefix_path.ps1'
[0.901s] INFO:colcon.colcon_core.shell:Creating environment descriptor '/home/dan/train/train/MA_training/MA_train_for_ros/ros2/install/vis_demo/share/vis_demo/hook/cmake_prefix_path.dsv'
[0.901s] INFO:colcon.colcon_core.shell:Creating environment hook '/home/dan/train/train/MA_training/MA_train_for_ros/ros2/install/vis_demo/share/vis_demo/hook/cmake_prefix_path.sh'
[0.902s] Level 1:colcon.colcon_core.environment:checking '/home/dan/train/train/MA_training/MA_train_for_ros/ros2/install/vis_demo/lib'
[0.902s] Level 1:colcon.colcon_core.environment:checking '/home/dan/train/train/MA_training/MA_train_for_ros/ros2/install/vis_demo/bin'
[0.902s] Level 1:colcon.colcon_core.environment:checking '/home/dan/train/train/MA_training/MA_train_for_ros/ros2/install/vis_demo/lib/pkgconfig/vis_demo.pc'
[0.902s] Level 1:colcon.colcon_core.environment:checking '/home/dan/train/train/MA_training/MA_train_for_ros/ros2/install/vis_demo/lib/python3.10/site-packages'
[0.902s] Level 1:colcon.colcon_core.environment:checking '/home/dan/train/train/MA_training/MA_train_for_ros/ros2/install/vis_demo/bin'
[0.904s] INFO:colcon.colcon_core.shell:Creating package script '/home/dan/train/train/MA_training/MA_train_for_ros/ros2/install/vis_demo/share/vis_demo/package.ps1'
[0.905s] INFO:colcon.colcon_core.shell:Creating package descriptor '/home/dan/train/train/MA_training/MA_train_for_ros/ros2/install/vis_demo/share/vis_demo/package.dsv'
[0.905s] INFO:colcon.colcon_core.shell:Creating package script '/home/dan/train/train/MA_training/MA_train_for_ros/ros2/install/vis_demo/share/vis_demo/package.sh'
[0.906s] INFO:colcon.colcon_core.shell:Creating package script '/home/dan/train/train/MA_training/MA_train_for_ros/ros2/install/vis_demo/share/vis_demo/package.bash'
[0.907s] INFO:colcon.colcon_core.shell:Creating package script '/home/dan/train/train/MA_training/MA_train_for_ros/ros2/install/vis_demo/share/vis_demo/package.zsh'
[0.907s] Level 1:colcon.colcon_core.environment:create_file_with_runtime_dependencies(/home/dan/train/train/MA_training/MA_train_for_ros/ros2/install/vis_demo/share/colcon-core/packages/vis_demo)
[0.909s] Level 1:colcon.colcon_core.environment:create_environment_scripts_only(marker_array)
[0.912s] Level 1:colcon.colcon_core.environment:checking '/home/dan/train/train/MA_training/MA_train_for_ros/ros2/install/marker_array' for CMake module files
[0.913s] Level 1:colcon.colcon_core.environment:checking '/home/dan/train/train/MA_training/MA_train_for_ros/ros2/install/marker_array' for CMake config files
[0.913s] Level 1:colcon.colcon_core.shell:create_environment_hook('marker_array', 'cmake_prefix_path')
[0.914s] INFO:colcon.colcon_core.shell:Creating environment hook '/home/dan/train/train/MA_training/MA_train_for_ros/ros2/install/marker_array/share/marker_array/hook/cmake_prefix_path.ps1'
[0.915s] INFO:colcon.colcon_core.shell:Creating environment descriptor '/home/dan/train/train/MA_training/MA_train_for_ros/ros2/install/marker_array/share/marker_array/hook/cmake_prefix_path.dsv'
[0.915s] INFO:colcon.colcon_core.shell:Creating environment hook '/home/dan/train/train/MA_training/MA_train_for_ros/ros2/install/marker_array/share/marker_array/hook/cmake_prefix_path.sh'
[0.916s] Level 1:colcon.colcon_core.environment:checking '/home/dan/train/train/MA_training/MA_train_for_ros/ros2/install/marker_array/lib'
[0.916s] Level 1:colcon.colcon_core.environment:checking '/home/dan/train/train/MA_training/MA_train_for_ros/ros2/install/marker_array/bin'
[0.916s] Level 1:colcon.colcon_core.environment:checking '/home/dan/train/train/MA_training/MA_train_for_ros/ros2/install/marker_array/lib/pkgconfig/marker_array.pc'
[0.916s] Level 1:colcon.colcon_core.environment:checking '/home/dan/train/train/MA_training/MA_train_for_ros/ros2/install/marker_array/lib/python3.10/site-packages'
[0.916s] Level 1:colcon.colcon_core.environment:checking '/home/dan/train/train/MA_training/MA_train_for_ros/ros2/install/marker_array/bin'
[0.918s] INFO:colcon.colcon_core.shell:Creating package script '/home/dan/train/train/MA_training/MA_train_for_ros/ros2/install/marker_array/share/marker_array/package.ps1'
[0.919s] INFO:colcon.colcon_core.shell:Creating package descriptor '/home/dan/train/train/MA_training/MA_train_for_ros/ros2/install/marker_array/share/marker_array/package.dsv'
[0.920s] INFO:colcon.colcon_core.shell:Creating package script '/home/dan/train/train/MA_training/MA_train_for_ros/ros2/install/marker_array/share/marker_array/package.sh'
[0.920s] INFO:colcon.colcon_core.shell:Creating package script '/home/dan/train/train/MA_training/MA_train_for_ros/ros2/install/marker_array/share/marker_array/package.bash'
[0.921s] INFO:colcon.colcon_core.shell:Creating package script '/home/dan/train/train/MA_training/MA_train_for_ros/ros2/install/marker_array/share/marker_array/package.zsh'
[0.922s] Level 1:colcon.colcon_core.environment:create_file_with_runtime_dependencies(/home/dan/train/train/MA_training/MA_train_for_ros/ros2/install/marker_array/share/colcon-core/packages/marker_array)
[0.922s] DEBUG:colcon.colcon_parallel_executor.executor.parallel:closing loop
[0.923s] DEBUG:colcon.colcon_parallel_executor.executor.parallel:loop closed
[0.923s] DEBUG:colcon.colcon_parallel_executor.executor.parallel:run_until_complete finished with '0'
[0.923s] DEBUG:colcon.colcon_core.event_reactor:joining thread
[0.934s] INFO:colcon.colcon_core.plugin_system:Skipping extension 'colcon_notification.desktop_notification.terminal_notifier': Not used on non-Darwin systems
[0.934s] INFO:colcon.colcon_core.plugin_system:Skipping extension 'colcon_notification.desktop_notification.win32': Not used on non-Windows systems
[0.934s] INFO:colcon.colcon_notification.desktop_notification:Sending desktop notification using 'notify2'
[0.948s] DEBUG:colcon.colcon_core.event_reactor:joined thread
[0.950s] INFO:colcon.colcon_core.shell:Creating prefix script '/home/dan/train/train/MA_training/MA_train_for_ros/ros2/install/local_setup.ps1'
[0.951s] INFO:colcon.colcon_core.shell:Creating prefix util module '/home/dan/train/train/MA_training/MA_train_for_ros/ros2/install/_local_setup_util_ps1.py'
[0.952s] INFO:colcon.colcon_core.shell:Creating prefix chain script '/home/dan/train/train/MA_training/MA_train_for_ros/ros2/install/setup.ps1'
[0.955s] INFO:colcon.colcon_core.shell:Creating prefix script '/home/dan/train/train/MA_training/MA_train_for_ros/ros2/install/local_setup.sh'
[0.955s] INFO:colcon.colcon_core.shell:Creating prefix util module '/home/dan/train/train/MA_training/MA_train_for_ros/ros2/install/_local_setup_util_sh.py'
[0.956s] INFO:colcon.colcon_core.shell:Creating prefix chain script '/home/dan/train/train/MA_training/MA_train_for_ros/ros2/install/setup.sh'
[0.958s] INFO:colcon.colcon_core.shell:Creating prefix script '/home/dan/train/train/MA_training/MA_train_for_ros/ros2/install/local_setup.bash'
[0.958s] INFO:colcon.colcon_core.shell:Creating prefix chain script '/home/dan/train/train/MA_training/MA_train_for_ros/ros2/install/setup.bash'
[0.960s] INFO:colcon.colcon_core.shell:Creating prefix script '/home/dan/train/train/MA_training/MA_train_for_ros/ros2/install/local_setup.zsh'
[0.960s] INFO:colcon.colcon_core.shell:Creating prefix chain script '/home/dan/train/train/MA_training/MA_train_for_ros/ros2/install/setup.zsh'
