[0.014s] Invoking command in '/home/dan/train/train/MA_training/MA_train_for_ros/ros2/build/marker_array': CMAKE_PREFIX_PATH=/opt/ros/humble /usr/bin/cmake /home/dan/train/train/MA_training/MA_train_for_ros/ros2/src/marker_array -DAMENT_CMAKE_SYMLINK_INSTALL=1 -DCMAKE_INSTALL_PREFIX=/home/dan/train/train/MA_training/MA_train_for_ros/ros2/install/marker_array
[0.083s] -- The C compiler identification is GNU 11.3.0
[0.150s] -- The CXX compiler identification is GNU 11.3.0
[0.157s] -- Detecting C compiler ABI info
[0.213s] -- Detecting C compiler ABI info - done
[0.219s] -- Check for working C compiler: /usr/bin/cc - skipped
[0.219s] -- Detecting C compile features
[0.219s] -- Detecting C compile features - done
[0.222s] -- Detecting CXX compiler ABI info
[0.284s] -- Detecting CXX compiler ABI info - done
[0.290s] -- Check for working CXX compiler: /usr/bin/c++ - skipped
[0.290s] -- Detecting CXX compile features
[0.291s] -- Detecting CXX compile features - done
[0.293s] -- Found ament_cmake: 1.3.5 (/opt/ros/humble/share/ament_cmake/cmake)
[0.415s] -- Found Python3: /usr/bin/python3.10 (found version "3.10.6") found components: Interpreter 
[0.464s] -- Override CMake install command with custom implementation using symlinks instead of copying resources
[0.485s] -- Found rclcpp: 16.0.4 (/opt/ros/humble/share/rclcpp/cmake)
[0.517s] -- Found rosidl_generator_c: 3.1.4 (/opt/ros/humble/share/rosidl_generator_c/cmake)
[0.521s] -- Found rosidl_adapter: 3.1.4 (/opt/ros/humble/share/rosidl_adapter/cmake)
[0.527s] -- Found rosidl_generator_cpp: 3.1.4 (/opt/ros/humble/share/rosidl_generator_cpp/cmake)
[0.539s] -- Using all available rosidl_typesupport_c: rosidl_typesupport_fastrtps_c;rosidl_typesupport_introspection_c
[0.554s] -- Using all available rosidl_typesupport_cpp: rosidl_typesupport_fastrtps_cpp;rosidl_typesupport_introspection_cpp
[0.610s] -- Found rmw_implementation_cmake: 6.1.1 (/opt/ros/humble/share/rmw_implementation_cmake/cmake)
[0.611s] -- Found rmw_fastrtps_cpp: 6.2.2 (/opt/ros/humble/share/rmw_fastrtps_cpp/cmake)
[0.697s] -- Found OpenSSL: /usr/lib/x86_64-linux-gnu/libcrypto.so (found version "3.0.2")  
[0.718s] -- Found FastRTPS: /opt/ros/humble/include  
[0.756s] -- Using RMW implementation 'rmw_fastrtps_cpp' as default
[0.763s] -- Looking for pthread.h
[0.822s] -- Looking for pthread.h - found
[0.823s] -- Performing Test CMAKE_HAVE_LIBC_PTHREAD
[0.882s] -- Performing Test CMAKE_HAVE_LIBC_PTHREAD - Success
[0.883s] -- Found Threads: TRUE  
[1.021s] -- Configuring incomplete, errors occurred!
[1.022s] See also "/home/dan/train/train/MA_training/MA_train_for_ros/ros2/build/marker_array/CMakeFiles/CMakeOutput.log".
[1.022s] [31mCMake Error at CMakeLists.txt:19 (find_package):
[1.022s]   By not providing "Findvisulization_msgs.cmake" in CMAKE_MODULE_PATH this
[1.022s]   project has asked CMake to find a package configuration file provided by
[1.022s]   "visulization_msgs", but CMake did not find one.
[1.022s] 
[1.022s]   Could not find a package configuration file provided by "visulization_msgs"
[1.022s]   with any of the following names:
[1.023s] 
[1.023s]     visulization_msgsConfig.cmake
[1.023s]     visulization_msgs-config.cmake
[1.023s] 
[1.023s]   Add the installation prefix of "visulization_msgs" to CMAKE_PREFIX_PATH or
[1.023s]   set "visulization_msgs_DIR" to a directory containing one of the above
[1.023s]   files.  If "visulization_msgs" provides a separate development package or
[1.023s]   SDK, be sure it has been installed.
[1.023s] 
[1.023s] [0m
[1.031s] Invoked command in '/home/dan/train/train/MA_training/MA_train_for_ros/ros2/build/marker_array' returned '1': CMAKE_PREFIX_PATH=/opt/ros/humble /usr/bin/cmake /home/dan/train/train/MA_training/MA_train_for_ros/ros2/src/marker_array -DAMENT_CMAKE_SYMLINK_INSTALL=1 -DCMAKE_INSTALL_PREFIX=/home/dan/train/train/MA_training/MA_train_for_ros/ros2/install/marker_array
