[0.015s] Invoking command in '/home/dan/train/train/MA_training/visulization_demo/build/vis_demo': CMAKE_PREFIX_PATH=${CMAKE_PREFIX_PATH}:/opt/ros/humble /usr/bin/cmake --build /home/dan/train/train/MA_training/visulization_demo/build/vis_demo -- -j16 -l16
[0.054s] [35m[1mConsolidate compiler generated dependencies of target demo[0m
[0.074s] [ 50%] [32mBuilding CXX object CMakeFiles/demo.dir/src/vis_demo.cpp.o[0m
[3.512s] [100%] [32m[1mLinking CXX executable demo[0m
[3.700s] [100%] Built target demo
[3.711s] Invoked command in '/home/dan/train/train/MA_training/visulization_demo/build/vis_demo' returned '0': CMAKE_PREFIX_PATH=${CMAKE_PREFIX_PATH}:/opt/ros/humble /usr/bin/cmake --build /home/dan/train/train/MA_training/visulization_demo/build/vis_demo -- -j16 -l16
[3.740s] Invoking command in '/home/dan/train/train/MA_training/visulization_demo/build/vis_demo': CMAKE_PREFIX_PATH=${CMAKE_PREFIX_PATH}:/opt/ros/humble /usr/bin/cmake --install /home/dan/train/train/MA_training/visulization_demo/build/vis_demo
[3.746s] -- Install configuration: ""
[3.746s] -- Execute custom install script
[3.746s] -- Up-to-date symlink: /home/dan/train/train/MA_training/visulization_demo/install/vis_demo/lib/vis_demo/demo
[3.746s] -- Up-to-date symlink: /home/dan/train/train/MA_training/visulization_demo/install/vis_demo/share/ament_index/resource_index/package_run_dependencies/vis_demo
[3.746s] -- Up-to-date symlink: /home/dan/train/train/MA_training/visulization_demo/install/vis_demo/share/ament_index/resource_index/parent_prefix_path/vis_demo
[3.746s] -- Up-to-date symlink: /home/dan/train/train/MA_training/visulization_demo/install/vis_demo/share/vis_demo/environment/ament_prefix_path.sh
[3.746s] -- Up-to-date symlink: /home/dan/train/train/MA_training/visulization_demo/install/vis_demo/share/vis_demo/environment/ament_prefix_path.dsv
[3.747s] -- Up-to-date symlink: /home/dan/train/train/MA_training/visulization_demo/install/vis_demo/share/vis_demo/environment/path.sh
[3.747s] -- Up-to-date symlink: /home/dan/train/train/MA_training/visulization_demo/install/vis_demo/share/vis_demo/environment/path.dsv
[3.747s] -- Up-to-date symlink: /home/dan/train/train/MA_training/visulization_demo/install/vis_demo/share/vis_demo/local_setup.bash
[3.747s] -- Up-to-date symlink: /home/dan/train/train/MA_training/visulization_demo/install/vis_demo/share/vis_demo/local_setup.sh
[3.747s] -- Up-to-date symlink: /home/dan/train/train/MA_training/visulization_demo/install/vis_demo/share/vis_demo/local_setup.zsh
[3.747s] -- Up-to-date symlink: /home/dan/train/train/MA_training/visulization_demo/install/vis_demo/share/vis_demo/local_setup.dsv
[3.747s] -- Symlinking: /home/dan/train/train/MA_training/visulization_demo/install/vis_demo/share/vis_demo/package.dsv
[3.754s] -- Up-to-date symlink: /home/dan/train/train/MA_training/visulization_demo/install/vis_demo/share/ament_index/resource_index/packages/vis_demo
[3.754s] -- Up-to-date symlink: /home/dan/train/train/MA_training/visulization_demo/install/vis_demo/share/vis_demo/cmake/ament_cmake_export_dependencies-extras.cmake
[3.755s] -- Up-to-date symlink: /home/dan/train/train/MA_training/visulization_demo/install/vis_demo/share/vis_demo/cmake/vis_demoConfig.cmake
[3.755s] -- Up-to-date symlink: /home/dan/train/train/MA_training/visulization_demo/install/vis_demo/share/vis_demo/cmake/vis_demoConfig-version.cmake
[3.755s] -- Up-to-date symlink: /home/dan/train/train/MA_training/visulization_demo/install/vis_demo/share/vis_demo/package.xml
[3.757s] Invoked command in '/home/dan/train/train/MA_training/visulization_demo/build/vis_demo' returned '0': CMAKE_PREFIX_PATH=${CMAKE_PREFIX_PATH}:/opt/ros/humble /usr/bin/cmake --install /home/dan/train/train/MA_training/visulization_demo/build/vis_demo
