[0.010s] Invoking command in '/home/dan/train/train/MA_training/MA_train_for_ros/ros2/build/vis_demo': CMAKE_PREFIX_PATH=/opt/ros/humble /usr/bin/cmake --build /home/dan/train/train/MA_training/MA_train_for_ros/ros2/build/vis_demo -- -j16 -l16
[0.044s] [35m[1mConsolidate compiler generated dependencies of target demo[0m
[0.059s] [100%] Built target demo
[0.068s] Invoked command in '/home/dan/train/train/MA_training/MA_train_for_ros/ros2/build/vis_demo' returned '0': CMAKE_PREFIX_PATH=/opt/ros/humble /usr/bin/cmake --build /home/dan/train/train/MA_training/MA_train_for_ros/ros2/build/vis_demo -- -j16 -l16
[0.094s] Invoking command in '/home/dan/train/train/MA_training/MA_train_for_ros/ros2/build/vis_demo': CMAKE_PREFIX_PATH=/opt/ros/humble /usr/bin/cmake --install /home/dan/train/train/MA_training/MA_train_for_ros/ros2/build/vis_demo
[0.098s] -- Install configuration: ""
[0.098s] -- Execute custom install script
[0.099s] -- Up-to-date symlink: /home/dan/train/train/MA_training/MA_train_for_ros/ros2/install/vis_demo/lib/vis_demo/demo
[0.100s] -- Up-to-date symlink: /home/dan/train/train/MA_training/MA_train_for_ros/ros2/install/vis_demo/share/ament_index/resource_index/package_run_dependencies/vis_demo
[0.100s] -- Up-to-date symlink: /home/dan/train/train/MA_training/MA_train_for_ros/ros2/install/vis_demo/share/ament_index/resource_index/parent_prefix_path/vis_demo
[0.100s] -- Up-to-date symlink: /home/dan/train/train/MA_training/MA_train_for_ros/ros2/install/vis_demo/share/vis_demo/environment/ament_prefix_path.sh
[0.100s] -- Up-to-date symlink: /home/dan/train/train/MA_training/MA_train_for_ros/ros2/install/vis_demo/share/vis_demo/environment/ament_prefix_path.dsv
[0.100s] -- Up-to-date symlink: /home/dan/train/train/MA_training/MA_train_for_ros/ros2/install/vis_demo/share/vis_demo/environment/path.sh
[0.101s] -- Up-to-date symlink: /home/dan/train/train/MA_training/MA_train_for_ros/ros2/install/vis_demo/share/vis_demo/environment/path.dsv
[0.101s] -- Up-to-date symlink: /home/dan/train/train/MA_training/MA_train_for_ros/ros2/install/vis_demo/share/vis_demo/local_setup.bash
[0.101s] -- Up-to-date symlink: /home/dan/train/train/MA_training/MA_train_for_ros/ros2/install/vis_demo/share/vis_demo/local_setup.sh
[0.101s] -- Up-to-date symlink: /home/dan/train/train/MA_training/MA_train_for_ros/ros2/install/vis_demo/share/vis_demo/local_setup.zsh
[0.101s] -- Up-to-date symlink: /home/dan/train/train/MA_training/MA_train_for_ros/ros2/install/vis_demo/share/vis_demo/local_setup.dsv
[0.101s] -- Symlinking: /home/dan/train/train/MA_training/MA_train_for_ros/ros2/install/vis_demo/share/vis_demo/package.dsv
[0.108s] -- Up-to-date symlink: /home/dan/train/train/MA_training/MA_train_for_ros/ros2/install/vis_demo/share/ament_index/resource_index/packages/vis_demo
[0.108s] -- Up-to-date symlink: /home/dan/train/train/MA_training/MA_train_for_ros/ros2/install/vis_demo/share/vis_demo/cmake/ament_cmake_export_dependencies-extras.cmake
[0.108s] -- Up-to-date symlink: /home/dan/train/train/MA_training/MA_train_for_ros/ros2/install/vis_demo/share/vis_demo/cmake/vis_demoConfig.cmake
[0.108s] -- Up-to-date symlink: /home/dan/train/train/MA_training/MA_train_for_ros/ros2/install/vis_demo/share/vis_demo/cmake/vis_demoConfig-version.cmake
[0.109s] -- Up-to-date symlink: /home/dan/train/train/MA_training/MA_train_for_ros/ros2/install/vis_demo/share/vis_demo/package.xml
[0.111s] Invoked command in '/home/dan/train/train/MA_training/MA_train_for_ros/ros2/build/vis_demo' returned '0': CMAKE_PREFIX_PATH=/opt/ros/humble /usr/bin/cmake --install /home/dan/train/train/MA_training/MA_train_for_ros/ros2/build/vis_demo
