[0.048s] Invoking command in '/home/dan/train/train/MA_training/MA_train_for_ros/ros2/build/urdf_with_stl': CMAKE_PREFIX_PATH=${CMAKE_PREFIX_PATH}:/opt/ros/humble /home/dan/.local/bin/cmake --build /home/dan/train/train/MA_training/MA_train_for_ros/ros2/build/urdf_with_stl -- -j16 -l16
[0.126s] -- Found ament_cmake: 1.3.5 (/opt/ros/humble/share/ament_cmake/cmake)
[0.448s] -- Found ament_lint_auto: 0.12.6 (/opt/ros/humble/share/ament_lint_auto/cmake)
[0.535s] -- Added test 'flake8' to check Python code syntax and style conventions
[0.535s] -- Added test 'lint_cmake' to check CMake code style
[0.536s] -- Added test 'pep257' to check Python code against some of the docstring style conventions in PEP 257
[0.537s] -- Added test 'xmllint' to check XML markup files
[0.538s] -- Configuring done (0.4s)
[0.543s] -- Generating done (0.0s)
[0.545s] -- Build files have been written to: /home/dan/train/train/MA_training/MA_train_for_ros/ros2/build/urdf_with_stl
[0.562s] Invoked command in '/home/dan/train/train/MA_training/MA_train_for_ros/ros2/build/urdf_with_stl' returned '0': CMAKE_PREFIX_PATH=${CMAKE_PREFIX_PATH}:/opt/ros/humble /home/dan/.local/bin/cmake --build /home/dan/train/train/MA_training/MA_train_for_ros/ros2/build/urdf_with_stl -- -j16 -l16
[0.614s] Invoking command in '/home/dan/train/train/MA_training/MA_train_for_ros/ros2/build/urdf_with_stl': CMAKE_PREFIX_PATH=${CMAKE_PREFIX_PATH}:/opt/ros/humble /home/dan/.local/bin/cmake --install /home/dan/train/train/MA_training/MA_train_for_ros/ros2/build/urdf_with_stl
[0.635s] -- Install configuration: ""
[0.635s] -- Up-to-date: /home/dan/train/train/MA_training/MA_train_for_ros/ros2/install/urdf_with_stl/share/urdf_with_stl/config
[0.635s] -- Up-to-date: /home/dan/train/train/MA_training/MA_train_for_ros/ros2/install/urdf_with_stl/share/urdf_with_stl/description
[0.635s] -- Up-to-date: /home/dan/train/train/MA_training/MA_train_for_ros/ros2/install/urdf_with_stl/share/urdf_with_stl/description/robot_essentials.xacro
[0.635s] -- Installing: /home/dan/train/train/MA_training/MA_train_for_ros/ros2/install/urdf_with_stl/share/urdf_with_stl/description/robot_base.urdf.xacro
[0.636s] -- Up-to-date: /home/dan/train/train/MA_training/MA_train_for_ros/ros2/install/urdf_with_stl/share/urdf_with_stl/launch
[0.636s] -- Installing: /home/dan/train/train/MA_training/MA_train_for_ros/ros2/install/urdf_with_stl/share/urdf_with_stl/launch/rsp.launch.py
[0.636s] -- Up-to-date: /home/dan/train/train/MA_training/MA_train_for_ros/ros2/install/urdf_with_stl/share/urdf_with_stl/meshes
[0.636s] -- Up-to-date: /home/dan/train/train/MA_training/MA_train_for_ros/ros2/install/urdf_with_stl/share/urdf_with_stl/meshes/arm_base.stl
[0.636s] -- Up-to-date: /home/dan/train/train/MA_training/MA_train_for_ros/ros2/install/urdf_with_stl/share/urdf_with_stl/meshes/wrist.stl
[0.636s] -- Up-to-date: /home/dan/train/train/MA_training/MA_train_for_ros/ros2/install/urdf_with_stl/share/urdf_with_stl/meshes/robot_base.stl
[0.636s] -- Up-to-date: /home/dan/train/train/MA_training/MA_train_for_ros/ros2/install/urdf_with_stl/share/urdf_with_stl/meshes/wheel.stl
[0.636s] -- Up-to-date: /home/dan/train/train/MA_training/MA_train_for_ros/ros2/install/urdf_with_stl/share/urdf_with_stl/meshes/elbow.stl
[0.636s] -- Up-to-date: /home/dan/train/train/MA_training/MA_train_for_ros/ros2/install/urdf_with_stl/share/urdf_with_stl/meshes/bicep.stl
[0.636s] -- Installing: /home/dan/train/train/MA_training/MA_train_for_ros/ros2/install/urdf_with_stl/share/ament_index/resource_index/package_run_dependencies/urdf_with_stl
[0.636s] -- Up-to-date: /home/dan/train/train/MA_training/MA_train_for_ros/ros2/install/urdf_with_stl/share/ament_index/resource_index/parent_prefix_path/urdf_with_stl
[0.636s] -- Up-to-date: /home/dan/train/train/MA_training/MA_train_for_ros/ros2/install/urdf_with_stl/share/urdf_with_stl/environment/ament_prefix_path.sh
[0.636s] -- Installing: /home/dan/train/train/MA_training/MA_train_for_ros/ros2/install/urdf_with_stl/share/urdf_with_stl/environment/ament_prefix_path.dsv
[0.636s] -- Up-to-date: /home/dan/train/train/MA_training/MA_train_for_ros/ros2/install/urdf_with_stl/share/urdf_with_stl/environment/path.sh
[0.636s] -- Installing: /home/dan/train/train/MA_training/MA_train_for_ros/ros2/install/urdf_with_stl/share/urdf_with_stl/environment/path.dsv
[0.637s] -- Up-to-date: /home/dan/train/train/MA_training/MA_train_for_ros/ros2/install/urdf_with_stl/share/urdf_with_stl/local_setup.bash
[0.637s] -- Up-to-date: /home/dan/train/train/MA_training/MA_train_for_ros/ros2/install/urdf_with_stl/share/urdf_with_stl/local_setup.sh
[0.637s] -- Up-to-date: /home/dan/train/train/MA_training/MA_train_for_ros/ros2/install/urdf_with_stl/share/urdf_with_stl/local_setup.zsh
[0.637s] -- Installing: /home/dan/train/train/MA_training/MA_train_for_ros/ros2/install/urdf_with_stl/share/urdf_with_stl/local_setup.dsv
[0.637s] -- Installing: /home/dan/train/train/MA_training/MA_train_for_ros/ros2/install/urdf_with_stl/share/urdf_with_stl/package.dsv
[0.637s] -- Up-to-date: /home/dan/train/train/MA_training/MA_train_for_ros/ros2/install/urdf_with_stl/share/ament_index/resource_index/packages/urdf_with_stl
[0.637s] -- Up-to-date: /home/dan/train/train/MA_training/MA_train_for_ros/ros2/install/urdf_with_stl/share/urdf_with_stl/cmake/urdf_with_stlConfig.cmake
[0.637s] -- Up-to-date: /home/dan/train/train/MA_training/MA_train_for_ros/ros2/install/urdf_with_stl/share/urdf_with_stl/cmake/urdf_with_stlConfig-version.cmake
[0.637s] -- Installing: /home/dan/train/train/MA_training/MA_train_for_ros/ros2/install/urdf_with_stl/share/urdf_with_stl/package.xml
[0.643s] Invoked command in '/home/dan/train/train/MA_training/MA_train_for_ros/ros2/build/urdf_with_stl' returned '0': CMAKE_PREFIX_PATH=${CMAKE_PREFIX_PATH}:/opt/ros/humble /home/dan/.local/bin/cmake --install /home/dan/train/train/MA_training/MA_train_for_ros/ros2/build/urdf_with_stl
