-- Found ament_cmake: 1.3.5 (/opt/ros/humble/share/ament_cmake/cmake)
-- Found rclcpp: 16.0.4 (/opt/ros/humble/share/rclcpp/cmake)
-- Found rosidl_generator_c: 3.1.4 (/opt/ros/humble/share/rosidl_generator_c/cmake)
-- Found rosidl_adapter: 3.1.4 (/opt/ros/humble/share/rosidl_adapter/cmake)
-- Found rosidl_generator_cpp: 3.1.4 (/opt/ros/humble/share/rosidl_generator_cpp/cmake)
-- Using all available rosidl_typesupport_c: rosidl_typesupport_fastrtps_c;rosidl_typesupport_introspection_c
-- Using all available rosidl_typesupport_cpp: rosidl_typesupport_fastrtps_cpp;rosidl_typesupport_introspection_cpp
-- Found rmw_implementation_cmake: 6.1.1 (/opt/ros/humble/share/rmw_implementation_cmake/cmake)
-- Found rmw_fastrtps_cpp: 6.2.2 (/opt/ros/humble/share/rmw_fastrtps_cpp/cmake)
-- Using RMW implementation 'rmw_fastrtps_cpp' as default
-- Found ament_lint_auto: 0.12.6 (/opt/ros/humble/share/ament_lint_auto/cmake)
-- Added test 'lint_cmake' to check CMake code style
-- Added test 'xmllint' to check XML markup files
-- Configuring done
-- Generating done
-- Build files have been written to: /home/dan/train/train/MA_training/MA_train_for_ros/ros2/build/urdf_demo
-- Install configuration: ""
-- Up-to-date: /home/dan/train/train/MA_training/MA_train_for_ros/ros2/install/urdf_demo/share/ament_index/resource_index/package_run_dependencies/urdf_demo
-- Up-to-date: /home/dan/train/train/MA_training/MA_train_for_ros/ros2/install/urdf_demo/share/ament_index/resource_index/parent_prefix_path/urdf_demo
-- Up-to-date: /home/dan/train/train/MA_training/MA_train_for_ros/ros2/install/urdf_demo/share/urdf_demo/environment/ament_prefix_path.sh
-- Installing: /home/dan/train/train/MA_training/MA_train_for_ros/ros2/install/urdf_demo/share/urdf_demo/environment/ament_prefix_path.dsv
-- Up-to-date: /home/dan/train/train/MA_training/MA_train_for_ros/ros2/install/urdf_demo/share/urdf_demo/environment/path.sh
-- Installing: /home/dan/train/train/MA_training/MA_train_for_ros/ros2/install/urdf_demo/share/urdf_demo/environment/path.dsv
-- Up-to-date: /home/dan/train/train/MA_training/MA_train_for_ros/ros2/install/urdf_demo/share/urdf_demo/local_setup.bash
-- Up-to-date: /home/dan/train/train/MA_training/MA_train_for_ros/ros2/install/urdf_demo/share/urdf_demo/local_setup.sh
-- Up-to-date: /home/dan/train/train/MA_training/MA_train_for_ros/ros2/install/urdf_demo/share/urdf_demo/local_setup.zsh
-- Installing: /home/dan/train/train/MA_training/MA_train_for_ros/ros2/install/urdf_demo/share/urdf_demo/local_setup.dsv
-- Installing: /home/dan/train/train/MA_training/MA_train_for_ros/ros2/install/urdf_demo/share/urdf_demo/package.dsv
-- Up-to-date: /home/dan/train/train/MA_training/MA_train_for_ros/ros2/install/urdf_demo/share/ament_index/resource_index/packages/urdf_demo
-- Up-to-date: /home/dan/train/train/MA_training/MA_train_for_ros/ros2/install/urdf_demo/share/urdf_demo/cmake/urdf_demoConfig.cmake
-- Up-to-date: /home/dan/train/train/MA_training/MA_train_for_ros/ros2/install/urdf_demo/share/urdf_demo/cmake/urdf_demoConfig-version.cmake
-- Up-to-date: /home/dan/train/train/MA_training/MA_train_for_ros/ros2/install/urdf_demo/share/urdf_demo/package.xml
