[0.022s] Invoking command in '/home/dan/train/train/MA_training/MA_train_for_ros/ros2/build/urdf_demo': CMAKE_PREFIX_PATH=${CMAKE_PREFIX_PATH}:/opt/ros/humble /usr/bin/cmake --build /home/dan/train/train/MA_training/MA_train_for_ros/ros2/build/urdf_demo -- -j16 -l16
[0.058s] -- Found ament_cmake: 1.3.5 (/opt/ros/humble/share/ament_cmake/cmake)
[0.283s] -- Found rclcpp: 16.0.4 (/opt/ros/humble/share/rclcpp/cmake)
[0.312s] -- Found rosidl_generator_c: 3.1.4 (/opt/ros/humble/share/rosidl_generator_c/cmake)
[0.314s] -- Found rosidl_adapter: 3.1.4 (/opt/ros/humble/share/rosidl_adapter/cmake)
[0.320s] -- Found rosidl_generator_cpp: 3.1.4 (/opt/ros/humble/share/rosidl_generator_cpp/cmake)
[0.338s] -- Using all available rosidl_typesupport_c: rosidl_typesupport_fastrtps_c;rosidl_typesupport_introspection_c
[0.354s] -- Using all available rosidl_typesupport_cpp: rosidl_typesupport_fastrtps_cpp;rosidl_typesupport_introspection_cpp
[0.421s] -- Found rmw_implementation_cmake: 6.1.1 (/opt/ros/humble/share/rmw_implementation_cmake/cmake)
[0.422s] -- Found rmw_fastrtps_cpp: 6.2.2 (/opt/ros/humble/share/rmw_fastrtps_cpp/cmake)
[0.543s] -- Using RMW implementation 'rmw_fastrtps_cpp' as default
[0.687s] -- Found ament_lint_auto: 0.12.6 (/opt/ros/humble/share/ament_lint_auto/cmake)
[0.753s] -- Added test 'lint_cmake' to check CMake code style
[0.754s] -- Added test 'xmllint' to check XML markup files
[0.754s] -- Configuring done
[0.758s] -- Generating done
[0.759s] -- Build files have been written to: /home/dan/train/train/MA_training/MA_train_for_ros/ros2/build/urdf_demo
[0.785s] Invoked command in '/home/dan/train/train/MA_training/MA_train_for_ros/ros2/build/urdf_demo' returned '0': CMAKE_PREFIX_PATH=${CMAKE_PREFIX_PATH}:/opt/ros/humble /usr/bin/cmake --build /home/dan/train/train/MA_training/MA_train_for_ros/ros2/build/urdf_demo -- -j16 -l16
[0.806s] Invoking command in '/home/dan/train/train/MA_training/MA_train_for_ros/ros2/build/urdf_demo': CMAKE_PREFIX_PATH=${CMAKE_PREFIX_PATH}:/opt/ros/humble /usr/bin/cmake --install /home/dan/train/train/MA_training/MA_train_for_ros/ros2/build/urdf_demo
[0.814s] -- Install configuration: ""
[0.814s] -- Up-to-date: /home/dan/train/train/MA_training/MA_train_for_ros/ros2/install/urdf_demo/share/ament_index/resource_index/package_run_dependencies/urdf_demo
[0.814s] -- Up-to-date: /home/dan/train/train/MA_training/MA_train_for_ros/ros2/install/urdf_demo/share/ament_index/resource_index/parent_prefix_path/urdf_demo
[0.814s] -- Up-to-date: /home/dan/train/train/MA_training/MA_train_for_ros/ros2/install/urdf_demo/share/urdf_demo/environment/ament_prefix_path.sh
[0.815s] -- Installing: /home/dan/train/train/MA_training/MA_train_for_ros/ros2/install/urdf_demo/share/urdf_demo/environment/ament_prefix_path.dsv
[0.815s] -- Up-to-date: /home/dan/train/train/MA_training/MA_train_for_ros/ros2/install/urdf_demo/share/urdf_demo/environment/path.sh
[0.815s] -- Installing: /home/dan/train/train/MA_training/MA_train_for_ros/ros2/install/urdf_demo/share/urdf_demo/environment/path.dsv
[0.815s] -- Up-to-date: /home/dan/train/train/MA_training/MA_train_for_ros/ros2/install/urdf_demo/share/urdf_demo/local_setup.bash
[0.815s] -- Up-to-date: /home/dan/train/train/MA_training/MA_train_for_ros/ros2/install/urdf_demo/share/urdf_demo/local_setup.sh
[0.815s] -- Up-to-date: /home/dan/train/train/MA_training/MA_train_for_ros/ros2/install/urdf_demo/share/urdf_demo/local_setup.zsh
[0.815s] -- Installing: /home/dan/train/train/MA_training/MA_train_for_ros/ros2/install/urdf_demo/share/urdf_demo/local_setup.dsv
[0.815s] -- Installing: /home/dan/train/train/MA_training/MA_train_for_ros/ros2/install/urdf_demo/share/urdf_demo/package.dsv
[0.815s] -- Up-to-date: /home/dan/train/train/MA_training/MA_train_for_ros/ros2/install/urdf_demo/share/ament_index/resource_index/packages/urdf_demo
[0.815s] -- Up-to-date: /home/dan/train/train/MA_training/MA_train_for_ros/ros2/install/urdf_demo/share/urdf_demo/cmake/urdf_demoConfig.cmake
[0.815s] -- Up-to-date: /home/dan/train/train/MA_training/MA_train_for_ros/ros2/install/urdf_demo/share/urdf_demo/cmake/urdf_demoConfig-version.cmake
[0.816s] -- Up-to-date: /home/dan/train/train/MA_training/MA_train_for_ros/ros2/install/urdf_demo/share/urdf_demo/package.xml
[0.818s] Invoked command in '/home/dan/train/train/MA_training/MA_train_for_ros/ros2/build/urdf_demo' returned '0': CMAKE_PREFIX_PATH=${CMAKE_PREFIX_PATH}:/opt/ros/humble /usr/bin/cmake --install /home/dan/train/train/MA_training/MA_train_for_ros/ros2/build/urdf_demo
