-- The C compiler identification is GNU 11.4.0
-- The CXX compiler identification is GNU 11.4.0
-- Detecting C compiler ABI info
-- Detecting C compiler ABI info - done
-- Check for working C compiler: /usr/bin/cc - skipped
-- Detecting C compile features
-- Detecting C compile features - done
-- Detecting CXX compiler ABI info
-- Detecting CXX compiler ABI info - done
-- Check for working CXX compiler: /usr/bin/c++ - skipped
-- Detecting CXX compile features
-- Detecting CXX compile features - done
-- Found ament_cmake: 1.3.5 (/opt/ros/humble/share/ament_cmake/cmake)
-- Found Python3: /usr/bin/python3.10 (found version "3.10.12") found components: Interpreter 
-- Found rclcpp: 16.0.4 (/opt/ros/humble/share/rclcpp/cmake)
-- Found rosidl_generator_c: 3.1.4 (/opt/ros/humble/share/rosidl_generator_c/cmake)
-- Found rosidl_adapter: 3.1.4 (/opt/ros/humble/share/rosidl_adapter/cmake)
-- Found rosidl_generator_cpp: 3.1.4 (/opt/ros/humble/share/rosidl_generator_cpp/cmake)
-- Using all available rosidl_typesupport_c: rosidl_typesupport_fastrtps_c;rosidl_typesupport_introspection_c
-- Using all available rosidl_typesupport_cpp: rosidl_typesupport_fastrtps_cpp;rosidl_typesupport_introspection_cpp
-- Found rmw_implementation_cmake: 6.1.1 (/opt/ros/humble/share/rmw_implementation_cmake/cmake)
-- Found rmw_fastrtps_cpp: 6.2.2 (/opt/ros/humble/share/rmw_fastrtps_cpp/cmake)
-- Found OpenSSL: /usr/lib/x86_64-linux-gnu/libcrypto.so (found version "3.0.2")  
-- Found FastRTPS: /opt/ros/humble/include  
-- Using RMW implementation 'rmw_fastrtps_cpp' as default
-- Performing Test CMAKE_HAVE_LIBC_PTHREAD
-- Performing Test CMAKE_HAVE_LIBC_PTHREAD - Success
-- Found Threads: TRUE  
-- Found visualization_msgs: 4.2.3 (/opt/ros/humble/share/visualization_msgs/cmake)
-- Found ament_lint_auto: 0.12.6 (/opt/ros/humble/share/ament_lint_auto/cmake)
-- Added test 'cppcheck' to perform static code analysis on C / C++ code
-- Configured cppcheck include dirs: /home/dan/train/train/MA_training/MA_train_for_ros/ros2/src/marker_array/include
-- Configured cppcheck exclude dirs and/or files: 
-- Added test 'lint_cmake' to check CMake code style
-- Added test 'uncrustify' to check C / C++ code style
-- Configured uncrustify additional arguments: 
-- Added test 'xmllint' to check XML markup files
-- Configuring done (2.6s)
-- Generating done (0.0s)
-- Build files have been written to: /home/dan/train/train/MA_training/MA_train_for_ros/ros2/build/marker_array
[ 50%] [32mBuilding CXX object CMakeFiles/marker_array_demo.dir/src/marker_array_demo.cpp.o[0m
[100%] [32m[1mLinking CXX executable marker_array_demo[0m
[100%] Built target marker_array_demo
-- Install configuration: ""
-- Installing: /home/dan/train/train/MA_training/MA_train_for_ros/ros2/install/marker_array/lib/marker_array/marker_array_demo
-- Set runtime path of "/home/dan/train/train/MA_training/MA_train_for_ros/ros2/install/marker_array/lib/marker_array/marker_array_demo" to ""
-- Installing: /home/dan/train/train/MA_training/MA_train_for_ros/ros2/install/marker_array/share/ament_index/resource_index/package_run_dependencies/marker_array
-- Installing: /home/dan/train/train/MA_training/MA_train_for_ros/ros2/install/marker_array/share/ament_index/resource_index/parent_prefix_path/marker_array
-- Installing: /home/dan/train/train/MA_training/MA_train_for_ros/ros2/install/marker_array/share/marker_array/environment/ament_prefix_path.sh
-- Installing: /home/dan/train/train/MA_training/MA_train_for_ros/ros2/install/marker_array/share/marker_array/environment/ament_prefix_path.dsv
-- Installing: /home/dan/train/train/MA_training/MA_train_for_ros/ros2/install/marker_array/share/marker_array/environment/path.sh
-- Installing: /home/dan/train/train/MA_training/MA_train_for_ros/ros2/install/marker_array/share/marker_array/environment/path.dsv
-- Installing: /home/dan/train/train/MA_training/MA_train_for_ros/ros2/install/marker_array/share/marker_array/local_setup.bash
-- Installing: /home/dan/train/train/MA_training/MA_train_for_ros/ros2/install/marker_array/share/marker_array/local_setup.sh
-- Installing: /home/dan/train/train/MA_training/MA_train_for_ros/ros2/install/marker_array/share/marker_array/local_setup.zsh
-- Installing: /home/dan/train/train/MA_training/MA_train_for_ros/ros2/install/marker_array/share/marker_array/local_setup.dsv
-- Installing: /home/dan/train/train/MA_training/MA_train_for_ros/ros2/install/marker_array/share/marker_array/package.dsv
-- Installing: /home/dan/train/train/MA_training/MA_train_for_ros/ros2/install/marker_array/share/ament_index/resource_index/packages/marker_array
-- Installing: /home/dan/train/train/MA_training/MA_train_for_ros/ros2/install/marker_array/share/marker_array/cmake/ament_cmake_export_dependencies-extras.cmake
-- Installing: /home/dan/train/train/MA_training/MA_train_for_ros/ros2/install/marker_array/share/marker_array/cmake/marker_arrayConfig.cmake
-- Installing: /home/dan/train/train/MA_training/MA_train_for_ros/ros2/install/marker_array/share/marker_array/cmake/marker_arrayConfig-version.cmake
-- Installing: /home/dan/train/train/MA_training/MA_train_for_ros/ros2/install/marker_array/share/marker_array/package.xml
