[0.072s] Invoking command in '/home/dan/train/train/MA_training/MA_train_for_ros/ros2/build/marker_array': CMAKE_PREFIX_PATH=${CMAKE_PREFIX_PATH}:/opt/ros/humble /home/dan/.local/bin/cmake /home/dan/train/train/MA_training/MA_train_for_ros/ros2/src/marker_array -DCMAKE_INSTALL_PREFIX=/home/dan/train/train/MA_training/MA_train_for_ros/ros2/install/marker_array
[0.233s] -- The C compiler identification is GNU 11.4.0
[0.340s] -- The CXX compiler identification is GNU 11.4.0
[0.369s] -- Detecting C compiler ABI info
[0.452s] -- Detecting C compiler ABI info - done
[0.463s] -- Check for working C compiler: /usr/bin/cc - skipped
[0.463s] -- Detecting C compile features
[0.463s] -- Detecting C compile features - done
[0.474s] -- Detecting CXX compiler ABI info
[0.591s] -- Detecting CXX compiler ABI info - done
[0.603s] -- Check for working CXX compiler: /usr/bin/c++ - skipped
[0.604s] -- Detecting CXX compile features
[0.604s] -- Detecting CXX compile features - done
[0.607s] -- Found ament_cmake: 1.3.5 (/opt/ros/humble/share/ament_cmake/cmake)
[1.349s] -- Found Python3: /usr/bin/python3.10 (found version "3.10.12") found components: Interpreter 
[1.457s] -- Found rclcpp: 16.0.4 (/opt/ros/humble/share/rclcpp/cmake)
[1.507s] -- Found rosidl_generator_c: 3.1.4 (/opt/ros/humble/share/rosidl_generator_c/cmake)
[1.513s] -- Found rosidl_adapter: 3.1.4 (/opt/ros/humble/share/rosidl_adapter/cmake)
[1.524s] -- Found rosidl_generator_cpp: 3.1.4 (/opt/ros/humble/share/rosidl_generator_cpp/cmake)
[1.547s] -- Using all available rosidl_typesupport_c: rosidl_typesupport_fastrtps_c;rosidl_typesupport_introspection_c
[1.572s] -- Using all available rosidl_typesupport_cpp: rosidl_typesupport_fastrtps_cpp;rosidl_typesupport_introspection_cpp
[1.669s] -- Found rmw_implementation_cmake: 6.1.1 (/opt/ros/humble/share/rmw_implementation_cmake/cmake)
[1.671s] -- Found rmw_fastrtps_cpp: 6.2.2 (/opt/ros/humble/share/rmw_fastrtps_cpp/cmake)
[1.787s] -- Found OpenSSL: /usr/lib/x86_64-linux-gnu/libcrypto.so (found version "3.0.2")  
[1.838s] -- Found FastRTPS: /opt/ros/humble/include  
[1.926s] -- Using RMW implementation 'rmw_fastrtps_cpp' as default
[1.941s] -- Performing Test CMAKE_HAVE_LIBC_PTHREAD
[2.016s] -- Performing Test CMAKE_HAVE_LIBC_PTHREAD - Success
[2.017s] -- Found Threads: TRUE  
[2.239s] -- Found visualization_msgs: 4.2.3 (/opt/ros/humble/share/visualization_msgs/cmake)
[2.574s] -- Found ament_lint_auto: 0.12.6 (/opt/ros/humble/share/ament_lint_auto/cmake)
[2.683s] -- Added test 'cppcheck' to perform static code analysis on C / C++ code
[2.684s] -- Configured cppcheck include dirs: /home/dan/train/train/MA_training/MA_train_for_ros/ros2/src/marker_array/include
[2.684s] -- Configured cppcheck exclude dirs and/or files: 
[2.685s] -- Added test 'lint_cmake' to check CMake code style
[2.687s] -- Added test 'uncrustify' to check C / C++ code style
[2.687s] -- Configured uncrustify additional arguments: 
[2.688s] -- Added test 'xmllint' to check XML markup files
[2.691s] -- Configuring done (2.6s)
[2.707s] -- Generating done (0.0s)
[2.710s] -- Build files have been written to: /home/dan/train/train/MA_training/MA_train_for_ros/ros2/build/marker_array
[2.727s] Invoked command in '/home/dan/train/train/MA_training/MA_train_for_ros/ros2/build/marker_array' returned '0': CMAKE_PREFIX_PATH=${CMAKE_PREFIX_PATH}:/opt/ros/humble /home/dan/.local/bin/cmake /home/dan/train/train/MA_training/MA_train_for_ros/ros2/src/marker_array -DCMAKE_INSTALL_PREFIX=/home/dan/train/train/MA_training/MA_train_for_ros/ros2/install/marker_array
[2.730s] Invoking command in '/home/dan/train/train/MA_training/MA_train_for_ros/ros2/build/marker_array': CMAKE_PREFIX_PATH=${CMAKE_PREFIX_PATH}:/opt/ros/humble /home/dan/.local/bin/cmake --build /home/dan/train/train/MA_training/MA_train_for_ros/ros2/build/marker_array -- -j16 -l16
[2.783s] [ 50%] [32mBuilding CXX object CMakeFiles/marker_array_demo.dir/src/marker_array_demo.cpp.o[0m
[6.919s] [100%] [32m[1mLinking CXX executable marker_array_demo[0m
[7.235s] [100%] Built target marker_array_demo
[7.320s] Invoked command in '/home/dan/train/train/MA_training/MA_train_for_ros/ros2/build/marker_array' returned '0': CMAKE_PREFIX_PATH=${CMAKE_PREFIX_PATH}:/opt/ros/humble /home/dan/.local/bin/cmake --build /home/dan/train/train/MA_training/MA_train_for_ros/ros2/build/marker_array -- -j16 -l16
[7.370s] Invoking command in '/home/dan/train/train/MA_training/MA_train_for_ros/ros2/build/marker_array': CMAKE_PREFIX_PATH=${CMAKE_PREFIX_PATH}:/opt/ros/humble /home/dan/.local/bin/cmake --install /home/dan/train/train/MA_training/MA_train_for_ros/ros2/build/marker_array
[7.392s] -- Install configuration: ""
[7.393s] -- Installing: /home/dan/train/train/MA_training/MA_train_for_ros/ros2/install/marker_array/lib/marker_array/marker_array_demo
[7.394s] -- Set runtime path of "/home/dan/train/train/MA_training/MA_train_for_ros/ros2/install/marker_array/lib/marker_array/marker_array_demo" to ""
[7.394s] -- Installing: /home/dan/train/train/MA_training/MA_train_for_ros/ros2/install/marker_array/share/ament_index/resource_index/package_run_dependencies/marker_array
[7.394s] -- Installing: /home/dan/train/train/MA_training/MA_train_for_ros/ros2/install/marker_array/share/ament_index/resource_index/parent_prefix_path/marker_array
[7.394s] -- Installing: /home/dan/train/train/MA_training/MA_train_for_ros/ros2/install/marker_array/share/marker_array/environment/ament_prefix_path.sh
[7.395s] -- Installing: /home/dan/train/train/MA_training/MA_train_for_ros/ros2/install/marker_array/share/marker_array/environment/ament_prefix_path.dsv
[7.395s] -- Installing: /home/dan/train/train/MA_training/MA_train_for_ros/ros2/install/marker_array/share/marker_array/environment/path.sh
[7.395s] -- Installing: /home/dan/train/train/MA_training/MA_train_for_ros/ros2/install/marker_array/share/marker_array/environment/path.dsv
[7.395s] -- Installing: /home/dan/train/train/MA_training/MA_train_for_ros/ros2/install/marker_array/share/marker_array/local_setup.bash
[7.395s] -- Installing: /home/dan/train/train/MA_training/MA_train_for_ros/ros2/install/marker_array/share/marker_array/local_setup.sh
[7.395s] -- Installing: /home/dan/train/train/MA_training/MA_train_for_ros/ros2/install/marker_array/share/marker_array/local_setup.zsh
[7.395s] -- Installing: /home/dan/train/train/MA_training/MA_train_for_ros/ros2/install/marker_array/share/marker_array/local_setup.dsv
[7.395s] -- Installing: /home/dan/train/train/MA_training/MA_train_for_ros/ros2/install/marker_array/share/marker_array/package.dsv
[7.396s] -- Installing: /home/dan/train/train/MA_training/MA_train_for_ros/ros2/install/marker_array/share/ament_index/resource_index/packages/marker_array
[7.396s] -- Installing: /home/dan/train/train/MA_training/MA_train_for_ros/ros2/install/marker_array/share/marker_array/cmake/ament_cmake_export_dependencies-extras.cmake
[7.396s] -- Installing: /home/dan/train/train/MA_training/MA_train_for_ros/ros2/install/marker_array/share/marker_array/cmake/marker_arrayConfig.cmake
[7.396s] -- Installing: /home/dan/train/train/MA_training/MA_train_for_ros/ros2/install/marker_array/share/marker_array/cmake/marker_arrayConfig-version.cmake
[7.396s] -- Installing: /home/dan/train/train/MA_training/MA_train_for_ros/ros2/install/marker_array/share/marker_array/package.xml
[7.401s] Invoked command in '/home/dan/train/train/MA_training/MA_train_for_ros/ros2/build/marker_array' returned '0': CMAKE_PREFIX_PATH=${CMAKE_PREFIX_PATH}:/opt/ros/humble /home/dan/.local/bin/cmake --install /home/dan/train/train/MA_training/MA_train_for_ros/ros2/build/marker_array
