[0.064s] Invoking command in '/home/dan/train/train/MA_training/MA_train_for_ros/ros2/build/vis_demo': CMAKE_PREFIX_PATH=${CMAKE_PREFIX_PATH}:/opt/ros/humble /home/dan/.local/bin/cmake /home/dan/train/train/MA_training/MA_train_for_ros/ros2/src/vis_demo -DCMAKE_INSTALL_PREFIX=/home/dan/train/train/MA_training/MA_train_for_ros/ros2/install/vis_demo
[0.234s] -- The C compiler identification is GNU 11.4.0
[0.338s] -- The CXX compiler identification is GNU 11.4.0
[0.361s] -- Detecting C compiler ABI info
[0.436s] -- Detecting C compiler ABI info - done
[0.449s] -- Check for working C compiler: /usr/bin/cc - skipped
[0.449s] -- Detecting C compile features
[0.450s] -- Detecting C compile features - done
[0.459s] -- Detecting CXX compiler ABI info
[0.569s] -- Detecting CXX compiler ABI info - done
[0.587s] -- Check for working CXX compiler: /usr/bin/c++ - skipped
[0.587s] -- Detecting CXX compile features
[0.588s] -- Detecting CXX compile features - done
[0.591s] -- Found ament_cmake: 1.3.5 (/opt/ros/humble/share/ament_cmake/cmake)
[1.346s] -- Found Python3: /usr/bin/python3.10 (found version "3.10.12") found components: Interpreter 
[1.455s] -- Found rclcpp: 16.0.4 (/opt/ros/humble/share/rclcpp/cmake)
[1.514s] -- Found rosidl_generator_c: 3.1.4 (/opt/ros/humble/share/rosidl_generator_c/cmake)
[1.520s] -- Found rosidl_adapter: 3.1.4 (/opt/ros/humble/share/rosidl_adapter/cmake)
[1.530s] -- Found rosidl_generator_cpp: 3.1.4 (/opt/ros/humble/share/rosidl_generator_cpp/cmake)
[1.549s] -- Using all available rosidl_typesupport_c: rosidl_typesupport_fastrtps_c;rosidl_typesupport_introspection_c
[1.575s] -- Using all available rosidl_typesupport_cpp: rosidl_typesupport_fastrtps_cpp;rosidl_typesupport_introspection_cpp
[1.669s] -- Found rmw_implementation_cmake: 6.1.1 (/opt/ros/humble/share/rmw_implementation_cmake/cmake)
[1.672s] -- Found rmw_fastrtps_cpp: 6.2.2 (/opt/ros/humble/share/rmw_fastrtps_cpp/cmake)
[1.808s] -- Found OpenSSL: /usr/lib/x86_64-linux-gnu/libcrypto.so (found version "3.0.2")  
[1.868s] -- Found FastRTPS: /opt/ros/humble/include  
[1.934s] -- Using RMW implementation 'rmw_fastrtps_cpp' as default
[1.947s] -- Performing Test CMAKE_HAVE_LIBC_PTHREAD
[2.019s] -- Performing Test CMAKE_HAVE_LIBC_PTHREAD - Success
[2.021s] -- Found Threads: TRUE  
[2.247s] -- Found OpenCV: /usr (found version "4.5.4") 
[2.249s] -- Found visualization_msgs: 4.2.3 (/opt/ros/humble/share/visualization_msgs/cmake)
[2.583s] -- Found ament_lint_auto: 0.12.6 (/opt/ros/humble/share/ament_lint_auto/cmake)
[2.689s] -- Added test 'cppcheck' to perform static code analysis on C / C++ code
[2.689s] -- Configured cppcheck include dirs: /home/dan/train/train/MA_training/MA_train_for_ros/ros2/src/vis_demo/include
[2.689s] -- Configured cppcheck exclude dirs and/or files: 
[2.690s] -- Added test 'lint_cmake' to check CMake code style
[2.691s] -- Added test 'uncrustify' to check C / C++ code style
[2.691s] -- Configured uncrustify additional arguments: 
[2.692s] -- Added test 'xmllint' to check XML markup files
[2.695s] -- Configuring done (2.6s)
[2.713s] -- Generating done (0.0s)
[2.716s] -- Build files have been written to: /home/dan/train/train/MA_training/MA_train_for_ros/ros2/build/vis_demo
[2.738s] Invoked command in '/home/dan/train/train/MA_training/MA_train_for_ros/ros2/build/vis_demo' returned '0': CMAKE_PREFIX_PATH=${CMAKE_PREFIX_PATH}:/opt/ros/humble /home/dan/.local/bin/cmake /home/dan/train/train/MA_training/MA_train_for_ros/ros2/src/vis_demo -DCMAKE_INSTALL_PREFIX=/home/dan/train/train/MA_training/MA_train_for_ros/ros2/install/vis_demo
[2.741s] Invoking command in '/home/dan/train/train/MA_training/MA_train_for_ros/ros2/build/vis_demo': CMAKE_PREFIX_PATH=${CMAKE_PREFIX_PATH}:/opt/ros/humble /home/dan/.local/bin/cmake --build /home/dan/train/train/MA_training/MA_train_for_ros/ros2/build/vis_demo -- -j16 -l16
[2.785s] [ 50%] [32mBuilding CXX object CMakeFiles/demo.dir/src/vis_demo.cpp.o[0m
[6.688s] [100%] [32m[1mLinking CXX executable demo[0m
[6.906s] [100%] Built target demo
[6.951s] Invoked command in '/home/dan/train/train/MA_training/MA_train_for_ros/ros2/build/vis_demo' returned '0': CMAKE_PREFIX_PATH=${CMAKE_PREFIX_PATH}:/opt/ros/humble /home/dan/.local/bin/cmake --build /home/dan/train/train/MA_training/MA_train_for_ros/ros2/build/vis_demo -- -j16 -l16
[7.026s] Invoking command in '/home/dan/train/train/MA_training/MA_train_for_ros/ros2/build/vis_demo': CMAKE_PREFIX_PATH=${CMAKE_PREFIX_PATH}:/opt/ros/humble /home/dan/.local/bin/cmake --install /home/dan/train/train/MA_training/MA_train_for_ros/ros2/build/vis_demo
[7.063s] -- Install configuration: ""
[7.063s] -- Installing: /home/dan/train/train/MA_training/MA_train_for_ros/ros2/install/vis_demo/lib/vis_demo/demo
[7.064s] -- Set runtime path of "/home/dan/train/train/MA_training/MA_train_for_ros/ros2/install/vis_demo/lib/vis_demo/demo" to ""
[7.065s] -- Installing: /home/dan/train/train/MA_training/MA_train_for_ros/ros2/install/vis_demo/share/ament_index/resource_index/package_run_dependencies/vis_demo
[7.065s] -- Installing: /home/dan/train/train/MA_training/MA_train_for_ros/ros2/install/vis_demo/share/ament_index/resource_index/parent_prefix_path/vis_demo
[7.065s] -- Installing: /home/dan/train/train/MA_training/MA_train_for_ros/ros2/install/vis_demo/share/vis_demo/environment/ament_prefix_path.sh
[7.065s] -- Installing: /home/dan/train/train/MA_training/MA_train_for_ros/ros2/install/vis_demo/share/vis_demo/environment/ament_prefix_path.dsv
[7.065s] -- Installing: /home/dan/train/train/MA_training/MA_train_for_ros/ros2/install/vis_demo/share/vis_demo/environment/path.sh
[7.065s] -- Installing: /home/dan/train/train/MA_training/MA_train_for_ros/ros2/install/vis_demo/share/vis_demo/environment/path.dsv
[7.065s] -- Installing: /home/dan/train/train/MA_training/MA_train_for_ros/ros2/install/vis_demo/share/vis_demo/local_setup.bash
[7.065s] -- Installing: /home/dan/train/train/MA_training/MA_train_for_ros/ros2/install/vis_demo/share/vis_demo/local_setup.sh
[7.065s] -- Installing: /home/dan/train/train/MA_training/MA_train_for_ros/ros2/install/vis_demo/share/vis_demo/local_setup.zsh
[7.066s] -- Installing: /home/dan/train/train/MA_training/MA_train_for_ros/ros2/install/vis_demo/share/vis_demo/local_setup.dsv
[7.066s] -- Installing: /home/dan/train/train/MA_training/MA_train_for_ros/ros2/install/vis_demo/share/vis_demo/package.dsv
[7.066s] -- Installing: /home/dan/train/train/MA_training/MA_train_for_ros/ros2/install/vis_demo/share/ament_index/resource_index/packages/vis_demo
[7.066s] -- Installing: /home/dan/train/train/MA_training/MA_train_for_ros/ros2/install/vis_demo/share/vis_demo/cmake/ament_cmake_export_dependencies-extras.cmake
[7.066s] -- Installing: /home/dan/train/train/MA_training/MA_train_for_ros/ros2/install/vis_demo/share/vis_demo/cmake/vis_demoConfig.cmake
[7.066s] -- Installing: /home/dan/train/train/MA_training/MA_train_for_ros/ros2/install/vis_demo/share/vis_demo/cmake/vis_demoConfig-version.cmake
[7.066s] -- Installing: /home/dan/train/train/MA_training/MA_train_for_ros/ros2/install/vis_demo/share/vis_demo/package.xml
[7.074s] Invoked command in '/home/dan/train/train/MA_training/MA_train_for_ros/ros2/build/vis_demo' returned '0': CMAKE_PREFIX_PATH=${CMAKE_PREFIX_PATH}:/opt/ros/humble /home/dan/.local/bin/cmake --install /home/dan/train/train/MA_training/MA_train_for_ros/ros2/build/vis_demo
