[0.016s] Invoking command in '/home/dan/train/train/MA_training/MA_train_for_ros/ros2/build/marker_array': CMAKE_PREFIX_PATH=${CMAKE_PREFIX_PATH}:/opt/ros/humble /usr/bin/cmake --build /home/dan/train/train/MA_training/MA_train_for_ros/ros2/build/marker_array -- -j16 -l16
[0.046s] [35m[1mConsolidate compiler generated dependencies of target marker_array_demo[0m
[0.060s] [ 50%] [32mBuilding CXX object CMakeFiles/marker_array_demo.dir/src/marker_array_demo.cpp.o[0m
[3.262s] [100%] [32m[1mLinking CXX executable marker_array_demo[0m
[3.437s] [100%] Built target marker_array_demo
[3.447s] Invoked command in '/home/dan/train/train/MA_training/MA_train_for_ros/ros2/build/marker_array' returned '0': CMAKE_PREFIX_PATH=${CMAKE_PREFIX_PATH}:/opt/ros/humble /usr/bin/cmake --build /home/dan/train/train/MA_training/MA_train_for_ros/ros2/build/marker_array -- -j16 -l16
[3.467s] Invoking command in '/home/dan/train/train/MA_training/MA_train_for_ros/ros2/build/marker_array': CMAKE_PREFIX_PATH=${CMAKE_PREFIX_PATH}:/opt/ros/humble /usr/bin/cmake --install /home/dan/train/train/MA_training/MA_train_for_ros/ros2/build/marker_array
[3.472s] -- Install configuration: ""
[3.472s] -- Execute custom install script
[3.473s] -- Up-to-date symlink: /home/dan/train/train/MA_training/MA_train_for_ros/ros2/install/marker_array/lib/marker_array/marker_array_demo
[3.473s] -- Up-to-date symlink: /home/dan/train/train/MA_training/MA_train_for_ros/ros2/install/marker_array/share/ament_index/resource_index/package_run_dependencies/marker_array
[3.473s] -- Up-to-date symlink: /home/dan/train/train/MA_training/MA_train_for_ros/ros2/install/marker_array/share/ament_index/resource_index/parent_prefix_path/marker_array
[3.473s] -- Up-to-date symlink: /home/dan/train/train/MA_training/MA_train_for_ros/ros2/install/marker_array/share/marker_array/environment/ament_prefix_path.sh
[3.473s] -- Up-to-date symlink: /home/dan/train/train/MA_training/MA_train_for_ros/ros2/install/marker_array/share/marker_array/environment/ament_prefix_path.dsv
[3.474s] -- Up-to-date symlink: /home/dan/train/train/MA_training/MA_train_for_ros/ros2/install/marker_array/share/marker_array/environment/path.sh
[3.474s] -- Up-to-date symlink: /home/dan/train/train/MA_training/MA_train_for_ros/ros2/install/marker_array/share/marker_array/environment/path.dsv
[3.474s] -- Up-to-date symlink: /home/dan/train/train/MA_training/MA_train_for_ros/ros2/install/marker_array/share/marker_array/local_setup.bash
[3.474s] -- Up-to-date symlink: /home/dan/train/train/MA_training/MA_train_for_ros/ros2/install/marker_array/share/marker_array/local_setup.sh
[3.474s] -- Up-to-date symlink: /home/dan/train/train/MA_training/MA_train_for_ros/ros2/install/marker_array/share/marker_array/local_setup.zsh
[3.474s] -- Up-to-date symlink: /home/dan/train/train/MA_training/MA_train_for_ros/ros2/install/marker_array/share/marker_array/local_setup.dsv
[3.474s] -- Symlinking: /home/dan/train/train/MA_training/MA_train_for_ros/ros2/install/marker_array/share/marker_array/package.dsv
[3.480s] -- Up-to-date symlink: /home/dan/train/train/MA_training/MA_train_for_ros/ros2/install/marker_array/share/ament_index/resource_index/packages/marker_array
[3.480s] -- Up-to-date symlink: /home/dan/train/train/MA_training/MA_train_for_ros/ros2/install/marker_array/share/marker_array/cmake/ament_cmake_export_dependencies-extras.cmake
[3.481s] -- Up-to-date symlink: /home/dan/train/train/MA_training/MA_train_for_ros/ros2/install/marker_array/share/marker_array/cmake/marker_arrayConfig.cmake
[3.481s] -- Up-to-date symlink: /home/dan/train/train/MA_training/MA_train_for_ros/ros2/install/marker_array/share/marker_array/cmake/marker_arrayConfig-version.cmake
[3.481s] -- Up-to-date symlink: /home/dan/train/train/MA_training/MA_train_for_ros/ros2/install/marker_array/share/marker_array/package.xml
[3.485s] Invoked command in '/home/dan/train/train/MA_training/MA_train_for_ros/ros2/build/marker_array' returned '0': CMAKE_PREFIX_PATH=${CMAKE_PREFIX_PATH}:/opt/ros/humble /usr/bin/cmake --install /home/dan/train/train/MA_training/MA_train_for_ros/ros2/build/marker_array
