[0.028s] Invoking command in '/home/dan/train/train/MA_training/MA_train_for_ros/ros2/build/marker_array': CMAKE_PREFIX_PATH=${CMAKE_PREFIX_PATH}:/opt/ros/humble /usr/bin/cmake --build /home/dan/train/train/MA_training/MA_train_for_ros/ros2/build/marker_array -- -j16 -l16
[0.085s] [35m[1mConsolidate compiler generated dependencies of target marker_array_demo[0m
[0.115s] [100%] Built target marker_array_demo
[0.141s] Invoked command in '/home/dan/train/train/MA_training/MA_train_for_ros/ros2/build/marker_array' returned '0': CMAKE_PREFIX_PATH=${CMAKE_PREFIX_PATH}:/opt/ros/humble /usr/bin/cmake --build /home/dan/train/train/MA_training/MA_train_for_ros/ros2/build/marker_array -- -j16 -l16
[0.187s] Invoking command in '/home/dan/train/train/MA_training/MA_train_for_ros/ros2/build/marker_array': CMAKE_PREFIX_PATH=${CMAKE_PREFIX_PATH}:/opt/ros/humble /usr/bin/cmake --install /home/dan/train/train/MA_training/MA_train_for_ros/ros2/build/marker_array
[0.200s] -- Install configuration: ""
[0.200s] -- Execute custom install script
[0.201s] -- Up-to-date symlink: /home/dan/train/train/MA_training/MA_train_for_ros/ros2/install/marker_array/lib/marker_array/marker_array_demo
[0.201s] -- Up-to-date symlink: /home/dan/train/train/MA_training/MA_train_for_ros/ros2/install/marker_array/share/ament_index/resource_index/package_run_dependencies/marker_array
[0.201s] -- Up-to-date symlink: /home/dan/train/train/MA_training/MA_train_for_ros/ros2/install/marker_array/share/ament_index/resource_index/parent_prefix_path/marker_array
[0.201s] -- Up-to-date symlink: /home/dan/train/train/MA_training/MA_train_for_ros/ros2/install/marker_array/share/marker_array/environment/ament_prefix_path.sh
[0.202s] -- Up-to-date symlink: /home/dan/train/train/MA_training/MA_train_for_ros/ros2/install/marker_array/share/marker_array/environment/ament_prefix_path.dsv
[0.202s] -- Up-to-date symlink: /home/dan/train/train/MA_training/MA_train_for_ros/ros2/install/marker_array/share/marker_array/environment/path.sh
[0.202s] -- Up-to-date symlink: /home/dan/train/train/MA_training/MA_train_for_ros/ros2/install/marker_array/share/marker_array/environment/path.dsv
[0.202s] -- Up-to-date symlink: /home/dan/train/train/MA_training/MA_train_for_ros/ros2/install/marker_array/share/marker_array/local_setup.bash
[0.202s] -- Up-to-date symlink: /home/dan/train/train/MA_training/MA_train_for_ros/ros2/install/marker_array/share/marker_array/local_setup.sh
[0.202s] -- Up-to-date symlink: /home/dan/train/train/MA_training/MA_train_for_ros/ros2/install/marker_array/share/marker_array/local_setup.zsh
[0.203s] -- Up-to-date symlink: /home/dan/train/train/MA_training/MA_train_for_ros/ros2/install/marker_array/share/marker_array/local_setup.dsv
[0.203s] -- Symlinking: /home/dan/train/train/MA_training/MA_train_for_ros/ros2/install/marker_array/share/marker_array/package.dsv
[0.216s] -- Up-to-date symlink: /home/dan/train/train/MA_training/MA_train_for_ros/ros2/install/marker_array/share/ament_index/resource_index/packages/marker_array
[0.216s] -- Up-to-date symlink: /home/dan/train/train/MA_training/MA_train_for_ros/ros2/install/marker_array/share/marker_array/cmake/ament_cmake_export_dependencies-extras.cmake
[0.216s] -- Up-to-date symlink: /home/dan/train/train/MA_training/MA_train_for_ros/ros2/install/marker_array/share/marker_array/cmake/marker_arrayConfig.cmake
[0.216s] -- Up-to-date symlink: /home/dan/train/train/MA_training/MA_train_for_ros/ros2/install/marker_array/share/marker_array/cmake/marker_arrayConfig-version.cmake
[0.216s] -- Up-to-date symlink: /home/dan/train/train/MA_training/MA_train_for_ros/ros2/install/marker_array/share/marker_array/package.xml
[0.222s] Invoked command in '/home/dan/train/train/MA_training/MA_train_for_ros/ros2/build/marker_array' returned '0': CMAKE_PREFIX_PATH=${CMAKE_PREFIX_PATH}:/opt/ros/humble /usr/bin/cmake --install /home/dan/train/train/MA_training/MA_train_for_ros/ros2/build/marker_array
