[0.050s] Invoking command in '/home/dan/train/train/MA_training/MA_train_for_ros/ros2/build/urdf_example': CMAKE_PREFIX_PATH=${CMAKE_PREFIX_PATH}:/opt/ros/humble /home/dan/.local/bin/cmake --build /home/dan/train/train/MA_training/MA_train_for_ros/ros2/build/urdf_example -- -j16 -l16
[0.138s] Invoked command in '/home/dan/train/train/MA_training/MA_train_for_ros/ros2/build/urdf_example' returned '0': CMAKE_PREFIX_PATH=${CMAKE_PREFIX_PATH}:/opt/ros/humble /home/dan/.local/bin/cmake --build /home/dan/train/train/MA_training/MA_train_for_ros/ros2/build/urdf_example -- -j16 -l16
[0.246s] Invoking command in '/home/dan/train/train/MA_training/MA_train_for_ros/ros2/build/urdf_example': CMAKE_PREFIX_PATH=${CMAKE_PREFIX_PATH}:/opt/ros/humble /home/dan/.local/bin/cmake --install /home/dan/train/train/MA_training/MA_train_for_ros/ros2/build/urdf_example
[0.275s] -- Install configuration: ""
[0.275s] -- Up-to-date: /home/dan/train/train/MA_training/MA_train_for_ros/ros2/install/urdf_example/share/ament_index/resource_index/package_run_dependencies/urdf_example
[0.275s] -- Up-to-date: /home/dan/train/train/MA_training/MA_train_for_ros/ros2/install/urdf_example/share/ament_index/resource_index/parent_prefix_path/urdf_example
[0.276s] -- Up-to-date: /home/dan/train/train/MA_training/MA_train_for_ros/ros2/install/urdf_example/share/urdf_example/environment/ament_prefix_path.sh
[0.276s] -- Up-to-date: /home/dan/train/train/MA_training/MA_train_for_ros/ros2/install/urdf_example/share/urdf_example/environment/ament_prefix_path.dsv
[0.276s] -- Up-to-date: /home/dan/train/train/MA_training/MA_train_for_ros/ros2/install/urdf_example/share/urdf_example/environment/path.sh
[0.276s] -- Up-to-date: /home/dan/train/train/MA_training/MA_train_for_ros/ros2/install/urdf_example/share/urdf_example/environment/path.dsv
[0.276s] -- Up-to-date: /home/dan/train/train/MA_training/MA_train_for_ros/ros2/install/urdf_example/share/urdf_example/local_setup.bash
[0.276s] -- Up-to-date: /home/dan/train/train/MA_training/MA_train_for_ros/ros2/install/urdf_example/share/urdf_example/local_setup.sh
[0.276s] -- Up-to-date: /home/dan/train/train/MA_training/MA_train_for_ros/ros2/install/urdf_example/share/urdf_example/local_setup.zsh
[0.276s] -- Up-to-date: /home/dan/train/train/MA_training/MA_train_for_ros/ros2/install/urdf_example/share/urdf_example/local_setup.dsv
[0.276s] -- Installing: /home/dan/train/train/MA_training/MA_train_for_ros/ros2/install/urdf_example/share/urdf_example/package.dsv
[0.277s] -- Up-to-date: /home/dan/train/train/MA_training/MA_train_for_ros/ros2/install/urdf_example/share/ament_index/resource_index/packages/urdf_example
[0.277s] -- Up-to-date: /home/dan/train/train/MA_training/MA_train_for_ros/ros2/install/urdf_example/share/urdf_example/cmake/urdf_exampleConfig.cmake
[0.277s] -- Up-to-date: /home/dan/train/train/MA_training/MA_train_for_ros/ros2/install/urdf_example/share/urdf_example/cmake/urdf_exampleConfig-version.cmake
[0.278s] -- Up-to-date: /home/dan/train/train/MA_training/MA_train_for_ros/ros2/install/urdf_example/share/urdf_example/package.xml
[0.340s] Invoked command in '/home/dan/train/train/MA_training/MA_train_for_ros/ros2/build/urdf_example' returned '0': CMAKE_PREFIX_PATH=${CMAKE_PREFIX_PATH}:/opt/ros/humble /home/dan/.local/bin/cmake --install /home/dan/train/train/MA_training/MA_train_for_ros/ros2/build/urdf_example
