[0.012s] Invoking command in '/home/dan/train/train/MA_training/visulization_demo/build/vis_demo': CMAKE_PREFIX_PATH=/opt/ros/humble /usr/bin/cmake /home/dan/train/train/MA_training/visulization_demo/src/vis_demo -DAMENT_CMAKE_SYMLINK_INSTALL=1 -DCMAKE_INSTALL_PREFIX=/home/dan/train/train/MA_training/visulization_demo/install/vis_demo
[0.087s] -- The C compiler identification is GNU 11.3.0
[0.152s] -- The CXX compiler identification is GNU 11.3.0
[0.159s] -- Detecting C compiler ABI info
[0.215s] -- Detecting C compiler ABI info - done
[0.232s] -- Check for working C compiler: /usr/bin/cc - skipped
[0.233s] -- Detecting C compile features
[0.234s] -- Detecting C compile features - done
[0.240s] -- Detecting CXX compiler ABI info
[0.300s] -- Detecting CXX compiler ABI info - done
[0.307s] -- Check for working CXX compiler: /usr/bin/c++ - skipped
[0.307s] -- Detecting CXX compile features
[0.308s] -- Detecting CXX compile features - done
[0.310s] -- Found ament_cmake: 1.3.5 (/opt/ros/humble/share/ament_cmake/cmake)
[0.438s] -- Found Python3: /usr/bin/python3.10 (found version "3.10.6") found components: Interpreter 
[0.486s] -- Override CMake install command with custom implementation using symlinks instead of copying resources
[0.515s] -- Found rclcpp: 16.0.4 (/opt/ros/humble/share/rclcpp/cmake)
[0.554s] -- Found rosidl_generator_c: 3.1.4 (/opt/ros/humble/share/rosidl_generator_c/cmake)
[0.558s] -- Found rosidl_adapter: 3.1.4 (/opt/ros/humble/share/rosidl_adapter/cmake)
[0.566s] -- Found rosidl_generator_cpp: 3.1.4 (/opt/ros/humble/share/rosidl_generator_cpp/cmake)
[0.580s] -- Using all available rosidl_typesupport_c: rosidl_typesupport_fastrtps_c;rosidl_typesupport_introspection_c
[0.597s] -- Using all available rosidl_typesupport_cpp: rosidl_typesupport_fastrtps_cpp;rosidl_typesupport_introspection_cpp
[0.659s] -- Found rmw_implementation_cmake: 6.1.1 (/opt/ros/humble/share/rmw_implementation_cmake/cmake)
[0.662s] -- Found rmw_fastrtps_cpp: 6.2.2 (/opt/ros/humble/share/rmw_fastrtps_cpp/cmake)
[0.761s] -- Found OpenSSL: /usr/lib/x86_64-linux-gnu/libcrypto.so (found version "3.0.2")  
[0.785s] -- Found FastRTPS: /opt/ros/humble/include  
[0.824s] -- Using RMW implementation 'rmw_fastrtps_cpp' as default
[0.833s] -- Looking for pthread.h
[0.890s] -- Looking for pthread.h - found
[0.890s] -- Performing Test CMAKE_HAVE_LIBC_PTHREAD
[0.943s] -- Performing Test CMAKE_HAVE_LIBC_PTHREAD - Success
[0.943s] -- Found Threads: TRUE  
[1.081s] -- Found ament_lint_auto: 0.12.6 (/opt/ros/humble/share/ament_lint_auto/cmake)
[1.145s] -- Added test 'lint_cmake' to check CMake code style
[1.146s] -- Added test 'xmllint' to check XML markup files
[1.147s] -- Configuring done
[1.150s] -- Generating done
[1.151s] -- Build files have been written to: /home/dan/train/train/MA_training/visulization_demo/build/vis_demo
[1.158s] Invoked command in '/home/dan/train/train/MA_training/visulization_demo/build/vis_demo' returned '0': CMAKE_PREFIX_PATH=/opt/ros/humble /usr/bin/cmake /home/dan/train/train/MA_training/visulization_demo/src/vis_demo -DAMENT_CMAKE_SYMLINK_INSTALL=1 -DCMAKE_INSTALL_PREFIX=/home/dan/train/train/MA_training/visulization_demo/install/vis_demo
[1.161s] Invoking command in '/home/dan/train/train/MA_training/visulization_demo/build/vis_demo': CMAKE_PREFIX_PATH=/opt/ros/humble /usr/bin/cmake --build /home/dan/train/train/MA_training/visulization_demo/build/vis_demo -- -j16 -l16
[1.188s] Invoked command in '/home/dan/train/train/MA_training/visulization_demo/build/vis_demo' returned '0': CMAKE_PREFIX_PATH=/opt/ros/humble /usr/bin/cmake --build /home/dan/train/train/MA_training/visulization_demo/build/vis_demo -- -j16 -l16
[1.210s] Invoking command in '/home/dan/train/train/MA_training/visulization_demo/build/vis_demo': CMAKE_PREFIX_PATH=/opt/ros/humble /usr/bin/cmake --install /home/dan/train/train/MA_training/visulization_demo/build/vis_demo
[1.214s] -- Install configuration: ""
[1.214s] -- Execute custom install script
[1.214s] -- Symlinking: /home/dan/train/train/MA_training/visulization_demo/install/vis_demo/share/ament_index/resource_index/package_run_dependencies/vis_demo
[1.221s] -- Symlinking: /home/dan/train/train/MA_training/visulization_demo/install/vis_demo/share/ament_index/resource_index/parent_prefix_path/vis_demo
[1.228s] -- Symlinking: /home/dan/train/train/MA_training/visulization_demo/install/vis_demo/share/vis_demo/environment/ament_prefix_path.sh
[1.235s] -- Symlinking: /home/dan/train/train/MA_training/visulization_demo/install/vis_demo/share/vis_demo/environment/ament_prefix_path.dsv
[1.241s] -- Symlinking: /home/dan/train/train/MA_training/visulization_demo/install/vis_demo/share/vis_demo/environment/path.sh
[1.249s] -- Symlinking: /home/dan/train/train/MA_training/visulization_demo/install/vis_demo/share/vis_demo/environment/path.dsv
[1.255s] -- Symlinking: /home/dan/train/train/MA_training/visulization_demo/install/vis_demo/share/vis_demo/local_setup.bash
[1.262s] -- Symlinking: /home/dan/train/train/MA_training/visulization_demo/install/vis_demo/share/vis_demo/local_setup.sh
[1.268s] -- Symlinking: /home/dan/train/train/MA_training/visulization_demo/install/vis_demo/share/vis_demo/local_setup.zsh
[1.275s] -- Symlinking: /home/dan/train/train/MA_training/visulization_demo/install/vis_demo/share/vis_demo/local_setup.dsv
[1.281s] -- Symlinking: /home/dan/train/train/MA_training/visulization_demo/install/vis_demo/share/vis_demo/package.dsv
[1.288s] -- Symlinking: /home/dan/train/train/MA_training/visulization_demo/install/vis_demo/share/ament_index/resource_index/packages/vis_demo
[1.295s] -- Symlinking: /home/dan/train/train/MA_training/visulization_demo/install/vis_demo/share/vis_demo/cmake/vis_demoConfig.cmake
[1.302s] -- Symlinking: /home/dan/train/train/MA_training/visulization_demo/install/vis_demo/share/vis_demo/cmake/vis_demoConfig-version.cmake
[1.309s] -- Symlinking: /home/dan/train/train/MA_training/visulization_demo/install/vis_demo/share/vis_demo/package.xml
[1.318s] Invoked command in '/home/dan/train/train/MA_training/visulization_demo/build/vis_demo' returned '0': CMAKE_PREFIX_PATH=/opt/ros/humble /usr/bin/cmake --install /home/dan/train/train/MA_training/visulization_demo/build/vis_demo
