-- Found ament_cmake: 1.3.5 (/opt/ros/humble/share/ament_cmake/cmake)
-- Found Python3: /usr/bin/python3.10 (found version "3.10.12") found components: Interpreter 
-- Override CMake install command with custom implementation using symlinks instead of copying resources
-- Found rclcpp: 16.0.4 (/opt/ros/humble/share/rclcpp/cmake)
-- Found rosidl_generator_c: 3.1.4 (/opt/ros/humble/share/rosidl_generator_c/cmake)
-- Found rosidl_adapter: 3.1.4 (/opt/ros/humble/share/rosidl_adapter/cmake)
-- Found rosidl_generator_cpp: 3.1.4 (/opt/ros/humble/share/rosidl_generator_cpp/cmake)
-- Using all available rosidl_typesupport_c: rosidl_typesupport_fastrtps_c;rosidl_typesupport_introspection_c
-- Using all available rosidl_typesupport_cpp: rosidl_typesupport_fastrtps_cpp;rosidl_typesupport_introspection_cpp
-- Found rmw_implementation_cmake: 6.1.1 (/opt/ros/humble/share/rmw_implementation_cmake/cmake)
-- Found rmw_fastrtps_cpp: 6.2.2 (/opt/ros/humble/share/rmw_fastrtps_cpp/cmake)
-- Using RMW implementation 'rmw_fastrtps_cpp' as default
-- Found visualization_msgs: 4.2.3 (/opt/ros/humble/share/visualization_msgs/cmake)
-- Found ament_lint_auto: 0.12.6 (/opt/ros/humble/share/ament_lint_auto/cmake)
-- Added test 'cppcheck' to perform static code analysis on C / C++ code
-- Configured cppcheck include dirs: /home/dan/train/train/MA_training/MA_train_for_ros/ros2/src/vis_demo/include
-- Configured cppcheck exclude dirs and/or files: 
-- Added test 'lint_cmake' to check CMake code style
-- Added test 'uncrustify' to check C / C++ code style
-- Configured uncrustify additional arguments: 
-- Added test 'xmllint' to check XML markup files
-- Configuring done
-- Generating done
-- Build files have been written to: /home/dan/train/train/MA_training/MA_train_for_ros/ros2/build/vis_demo
[35m[1mConsolidate compiler generated dependencies of target demo[0m
[100%] Built target demo
-- Install configuration: ""
-- Execute custom install script
-- Up-to-date symlink: /home/dan/train/train/MA_training/MA_train_for_ros/ros2/install/vis_demo/lib/vis_demo/demo
-- Up-to-date symlink: /home/dan/train/train/MA_training/MA_train_for_ros/ros2/install/vis_demo/share/ament_index/resource_index/package_run_dependencies/vis_demo
-- Up-to-date symlink: /home/dan/train/train/MA_training/MA_train_for_ros/ros2/install/vis_demo/share/ament_index/resource_index/parent_prefix_path/vis_demo
-- Up-to-date symlink: /home/dan/train/train/MA_training/MA_train_for_ros/ros2/install/vis_demo/share/vis_demo/environment/ament_prefix_path.sh
-- Up-to-date symlink: /home/dan/train/train/MA_training/MA_train_for_ros/ros2/install/vis_demo/share/vis_demo/environment/ament_prefix_path.dsv
-- Up-to-date symlink: /home/dan/train/train/MA_training/MA_train_for_ros/ros2/install/vis_demo/share/vis_demo/environment/path.sh
-- Up-to-date symlink: /home/dan/train/train/MA_training/MA_train_for_ros/ros2/install/vis_demo/share/vis_demo/environment/path.dsv
-- Up-to-date symlink: /home/dan/train/train/MA_training/MA_train_for_ros/ros2/install/vis_demo/share/vis_demo/local_setup.bash
-- Up-to-date symlink: /home/dan/train/train/MA_training/MA_train_for_ros/ros2/install/vis_demo/share/vis_demo/local_setup.sh
-- Up-to-date symlink: /home/dan/train/train/MA_training/MA_train_for_ros/ros2/install/vis_demo/share/vis_demo/local_setup.zsh
-- Up-to-date symlink: /home/dan/train/train/MA_training/MA_train_for_ros/ros2/install/vis_demo/share/vis_demo/local_setup.dsv
-- Symlinking: /home/dan/train/train/MA_training/MA_train_for_ros/ros2/install/vis_demo/share/vis_demo/package.dsv
-- Up-to-date symlink: /home/dan/train/train/MA_training/MA_train_for_ros/ros2/install/vis_demo/share/ament_index/resource_index/packages/vis_demo
-- Up-to-date symlink: /home/dan/train/train/MA_training/MA_train_for_ros/ros2/install/vis_demo/share/vis_demo/cmake/ament_cmake_export_dependencies-extras.cmake
-- Up-to-date symlink: /home/dan/train/train/MA_training/MA_train_for_ros/ros2/install/vis_demo/share/vis_demo/cmake/vis_demoConfig.cmake
-- Up-to-date symlink: /home/dan/train/train/MA_training/MA_train_for_ros/ros2/install/vis_demo/share/vis_demo/cmake/vis_demoConfig-version.cmake
-- Up-to-date symlink: /home/dan/train/train/MA_training/MA_train_for_ros/ros2/install/vis_demo/share/vis_demo/package.xml
