[0.018s] Invoking command in '/home/dan/train/train/MA_training/MA_train_for_ros/ros2/build/vis_demo': CMAKE_PREFIX_PATH=${CMAKE_PREFIX_PATH}:/opt/ros/humble /usr/bin/cmake /home/dan/train/train/MA_training/MA_train_for_ros/ros2/src/vis_demo -DCMAKE_INSTALL_PREFIX=/home/dan/train/train/MA_training/MA_train_for_ros/ros2/install/vis_demo
[0.036s] -- Found ament_cmake: 1.3.5 (/opt/ros/humble/share/ament_cmake/cmake)
[0.113s] -- Found Python3: /usr/bin/python3.10 (found version "3.10.12") found components: Interpreter 
[0.178s] -- Override CMake install command with custom implementation using symlinks instead of copying resources
[0.190s] -- Found rclcpp: 16.0.4 (/opt/ros/humble/share/rclcpp/cmake)
[0.235s] -- Found rosidl_generator_c: 3.1.4 (/opt/ros/humble/share/rosidl_generator_c/cmake)
[0.238s] -- Found rosidl_adapter: 3.1.4 (/opt/ros/humble/share/rosidl_adapter/cmake)
[0.246s] -- Found rosidl_generator_cpp: 3.1.4 (/opt/ros/humble/share/rosidl_generator_cpp/cmake)
[0.258s] -- Using all available rosidl_typesupport_c: rosidl_typesupport_fastrtps_c;rosidl_typesupport_introspection_c
[0.275s] -- Using all available rosidl_typesupport_cpp: rosidl_typesupport_fastrtps_cpp;rosidl_typesupport_introspection_cpp
[0.348s] -- Found rmw_implementation_cmake: 6.1.1 (/opt/ros/humble/share/rmw_implementation_cmake/cmake)
[0.350s] -- Found rmw_fastrtps_cpp: 6.2.2 (/opt/ros/humble/share/rmw_fastrtps_cpp/cmake)
[0.497s] -- Using RMW implementation 'rmw_fastrtps_cpp' as default
[0.728s] -- Found visualization_msgs: 4.2.3 (/opt/ros/humble/share/visualization_msgs/cmake)
[1.068s] -- Found ament_lint_auto: 0.12.6 (/opt/ros/humble/share/ament_lint_auto/cmake)
[1.157s] -- Added test 'cppcheck' to perform static code analysis on C / C++ code
[1.158s] -- Configured cppcheck include dirs: /home/dan/train/train/MA_training/MA_train_for_ros/ros2/src/vis_demo/include
[1.158s] -- Configured cppcheck exclude dirs and/or files: 
[1.158s] -- Added test 'lint_cmake' to check CMake code style
[1.160s] -- Added test 'uncrustify' to check C / C++ code style
[1.160s] -- Configured uncrustify additional arguments: 
[1.160s] -- Added test 'xmllint' to check XML markup files
[1.162s] -- Configuring done
[1.177s] -- Generating done
[1.179s] -- Build files have been written to: /home/dan/train/train/MA_training/MA_train_for_ros/ros2/build/vis_demo
[1.189s] Invoked command in '/home/dan/train/train/MA_training/MA_train_for_ros/ros2/build/vis_demo' returned '0': CMAKE_PREFIX_PATH=${CMAKE_PREFIX_PATH}:/opt/ros/humble /usr/bin/cmake /home/dan/train/train/MA_training/MA_train_for_ros/ros2/src/vis_demo -DCMAKE_INSTALL_PREFIX=/home/dan/train/train/MA_training/MA_train_for_ros/ros2/install/vis_demo
[1.192s] Invoking command in '/home/dan/train/train/MA_training/MA_train_for_ros/ros2/build/vis_demo': CMAKE_PREFIX_PATH=${CMAKE_PREFIX_PATH}:/opt/ros/humble /usr/bin/cmake --build /home/dan/train/train/MA_training/MA_train_for_ros/ros2/build/vis_demo -- -j16 -l16
[1.242s] [35m[1mConsolidate compiler generated dependencies of target demo[0m
[1.275s] [100%] Built target demo
[1.286s] Invoked command in '/home/dan/train/train/MA_training/MA_train_for_ros/ros2/build/vis_demo' returned '0': CMAKE_PREFIX_PATH=${CMAKE_PREFIX_PATH}:/opt/ros/humble /usr/bin/cmake --build /home/dan/train/train/MA_training/MA_train_for_ros/ros2/build/vis_demo -- -j16 -l16
[1.329s] Invoking command in '/home/dan/train/train/MA_training/MA_train_for_ros/ros2/build/vis_demo': CMAKE_PREFIX_PATH=${CMAKE_PREFIX_PATH}:/opt/ros/humble /usr/bin/cmake --install /home/dan/train/train/MA_training/MA_train_for_ros/ros2/build/vis_demo
[1.337s] -- Install configuration: ""
[1.338s] -- Execute custom install script
[1.338s] -- Up-to-date symlink: /home/dan/train/train/MA_training/MA_train_for_ros/ros2/install/vis_demo/lib/vis_demo/demo
[1.339s] -- Up-to-date symlink: /home/dan/train/train/MA_training/MA_train_for_ros/ros2/install/vis_demo/share/ament_index/resource_index/package_run_dependencies/vis_demo
[1.339s] -- Up-to-date symlink: /home/dan/train/train/MA_training/MA_train_for_ros/ros2/install/vis_demo/share/ament_index/resource_index/parent_prefix_path/vis_demo
[1.339s] -- Up-to-date symlink: /home/dan/train/train/MA_training/MA_train_for_ros/ros2/install/vis_demo/share/vis_demo/environment/ament_prefix_path.sh
[1.339s] -- Up-to-date symlink: /home/dan/train/train/MA_training/MA_train_for_ros/ros2/install/vis_demo/share/vis_demo/environment/ament_prefix_path.dsv
[1.340s] -- Up-to-date symlink: /home/dan/train/train/MA_training/MA_train_for_ros/ros2/install/vis_demo/share/vis_demo/environment/path.sh
[1.340s] -- Up-to-date symlink: /home/dan/train/train/MA_training/MA_train_for_ros/ros2/install/vis_demo/share/vis_demo/environment/path.dsv
[1.340s] -- Up-to-date symlink: /home/dan/train/train/MA_training/MA_train_for_ros/ros2/install/vis_demo/share/vis_demo/local_setup.bash
[1.340s] -- Up-to-date symlink: /home/dan/train/train/MA_training/MA_train_for_ros/ros2/install/vis_demo/share/vis_demo/local_setup.sh
[1.340s] -- Up-to-date symlink: /home/dan/train/train/MA_training/MA_train_for_ros/ros2/install/vis_demo/share/vis_demo/local_setup.zsh
[1.340s] -- Up-to-date symlink: /home/dan/train/train/MA_training/MA_train_for_ros/ros2/install/vis_demo/share/vis_demo/local_setup.dsv
[1.340s] -- Symlinking: /home/dan/train/train/MA_training/MA_train_for_ros/ros2/install/vis_demo/share/vis_demo/package.dsv
[1.350s] -- Up-to-date symlink: /home/dan/train/train/MA_training/MA_train_for_ros/ros2/install/vis_demo/share/ament_index/resource_index/packages/vis_demo
[1.351s] -- Up-to-date symlink: /home/dan/train/train/MA_training/MA_train_for_ros/ros2/install/vis_demo/share/vis_demo/cmake/ament_cmake_export_dependencies-extras.cmake
[1.351s] -- Up-to-date symlink: /home/dan/train/train/MA_training/MA_train_for_ros/ros2/install/vis_demo/share/vis_demo/cmake/vis_demoConfig.cmake
[1.351s] -- Up-to-date symlink: /home/dan/train/train/MA_training/MA_train_for_ros/ros2/install/vis_demo/share/vis_demo/cmake/vis_demoConfig-version.cmake
[1.351s] -- Up-to-date symlink: /home/dan/train/train/MA_training/MA_train_for_ros/ros2/install/vis_demo/share/vis_demo/package.xml
[1.354s] Invoked command in '/home/dan/train/train/MA_training/MA_train_for_ros/ros2/build/vis_demo' returned '0': CMAKE_PREFIX_PATH=${CMAKE_PREFIX_PATH}:/opt/ros/humble /usr/bin/cmake --install /home/dan/train/train/MA_training/MA_train_for_ros/ros2/build/vis_demo
