[0.233s] DEBUG:colcon:Command line arguments: ['/usr/bin/colcon', 'build', '--symlink-install']
[0.233s] DEBUG:colcon:Parsed command line arguments: Namespace(log_base=None, log_level=None, verb_name='build', build_base='build', install_base='install', merge_install=False, symlink_install=True, test_result_base=None, continue_on_error=False, executor='parallel', parallel_workers=16, event_handlers=None, ignore_user_meta=False, metas=['./colcon.meta'], base_paths=['.'], packages_ignore=None, packages_ignore_regex=None, paths=None, packages_up_to=None, packages_up_to_regex=None, packages_above=None, packages_above_and_dependencies=None, packages_above_depth=None, packages_select_by_dep=None, packages_skip_by_dep=None, packages_skip_up_to=None, packages_select_build_failed=False, packages_skip_build_finished=False, packages_select_test_failures=False, packages_skip_test_passed=False, packages_select=None, packages_skip=None, packages_select_regex=None, packages_skip_regex=None, packages_start=None, packages_end=None, allow_overriding=[], cmake_args=None, cmake_target=None, cmake_target_skip_unavailable=False, cmake_clean_cache=False, cmake_clean_first=False, cmake_force_configure=False, ament_cmake_args=None, catkin_cmake_args=None, catkin_skip_building_tests=False, verb_parser=<colcon_defaults.argument_parser.defaults.DefaultArgumentsDecorator object at 0x7f76e9ad3d60>, verb_extension=<colcon_core.verb.build.BuildVerb object at 0x7f76e9a3aec0>, main=<bound method BuildVerb.main of <colcon_core.verb.build.BuildVerb object at 0x7f76e9a3aec0>>)
[0.263s] Level 1:colcon.colcon_core.package_discovery:discover_packages(colcon_meta) check parameters
[0.263s] Level 1:colcon.colcon_core.package_discovery:discover_packages(recursive) check parameters
[0.263s] Level 1:colcon.colcon_core.package_discovery:discover_packages(ignore) check parameters
[0.263s] Level 1:colcon.colcon_core.package_discovery:discover_packages(path) check parameters
[0.263s] Level 1:colcon.colcon_core.package_discovery:discover_packages(colcon_meta) discover
[0.263s] Level 1:colcon.colcon_core.package_discovery:discover_packages(recursive) discover
[0.263s] INFO:colcon.colcon_core.package_discovery:Crawling recursively for packages in '/home/dan/train/train/MA_training/MA_train_for_ros/ros2'
[0.263s] Level 1:colcon.colcon_core.package_identification:_identify(.) by extensions ['ignore', 'ignore_ament_install']
[0.263s] Level 1:colcon.colcon_core.package_identification:_identify(.) by extension 'ignore'
[0.263s] Level 1:colcon.colcon_core.package_identification:_identify(.) by extension 'ignore_ament_install'
[0.263s] Level 1:colcon.colcon_core.package_identification:_identify(.) by extensions ['colcon_pkg']
[0.263s] Level 1:colcon.colcon_core.package_identification:_identify(.) by extension 'colcon_pkg'
[0.263s] Level 1:colcon.colcon_core.package_identification:_identify(.) by extensions ['colcon_meta']
[0.263s] Level 1:colcon.colcon_core.package_identification:_identify(.) by extension 'colcon_meta'
[0.263s] Level 1:colcon.colcon_core.package_identification:_identify(.) by extensions ['ros']
[0.263s] Level 1:colcon.colcon_core.package_identification:_identify(.) by extension 'ros'
[0.272s] Level 1:colcon.colcon_core.package_identification:_identify(.) by extensions ['cmake', 'python']
[0.272s] Level 1:colcon.colcon_core.package_identification:_identify(.) by extension 'cmake'
[0.272s] Level 1:colcon.colcon_core.package_identification:_identify(.) by extension 'python'
[0.272s] Level 1:colcon.colcon_core.package_identification:_identify(.) by extensions ['python_setup_py']
[0.272s] Level 1:colcon.colcon_core.package_identification:_identify(.) by extension 'python_setup_py'
[0.272s] Level 1:colcon.colcon_core.package_identification:_identify(build) by extensions ['ignore', 'ignore_ament_install']
[0.272s] Level 1:colcon.colcon_core.package_identification:_identify(build) by extension 'ignore'
[0.272s] Level 1:colcon.colcon_core.package_identification:_identify(build) ignored
[0.272s] Level 1:colcon.colcon_core.package_identification:_identify(install) by extensions ['ignore', 'ignore_ament_install']
[0.272s] Level 1:colcon.colcon_core.package_identification:_identify(install) by extension 'ignore'
[0.273s] Level 1:colcon.colcon_core.package_identification:_identify(install) ignored
[0.273s] Level 1:colcon.colcon_core.package_identification:_identify(log) by extensions ['ignore', 'ignore_ament_install']
[0.273s] Level 1:colcon.colcon_core.package_identification:_identify(log) by extension 'ignore'
[0.273s] Level 1:colcon.colcon_core.package_identification:_identify(log) ignored
[0.273s] Level 1:colcon.colcon_core.package_identification:_identify(src) by extensions ['ignore', 'ignore_ament_install']
[0.273s] Level 1:colcon.colcon_core.package_identification:_identify(src) by extension 'ignore'
[0.273s] Level 1:colcon.colcon_core.package_identification:_identify(src) by extension 'ignore_ament_install'
[0.273s] Level 1:colcon.colcon_core.package_identification:_identify(src) by extensions ['colcon_pkg']
[0.273s] Level 1:colcon.colcon_core.package_identification:_identify(src) by extension 'colcon_pkg'
[0.273s] Level 1:colcon.colcon_core.package_identification:_identify(src) by extensions ['colcon_meta']
[0.273s] Level 1:colcon.colcon_core.package_identification:_identify(src) by extension 'colcon_meta'
[0.273s] Level 1:colcon.colcon_core.package_identification:_identify(src) by extensions ['ros']
[0.273s] Level 1:colcon.colcon_core.package_identification:_identify(src) by extension 'ros'
[0.273s] Level 1:colcon.colcon_core.package_identification:_identify(src) by extensions ['cmake', 'python']
[0.273s] Level 1:colcon.colcon_core.package_identification:_identify(src) by extension 'cmake'
[0.273s] Level 1:colcon.colcon_core.package_identification:_identify(src) by extension 'python'
[0.273s] Level 1:colcon.colcon_core.package_identification:_identify(src) by extensions ['python_setup_py']
[0.273s] Level 1:colcon.colcon_core.package_identification:_identify(src) by extension 'python_setup_py'
[0.273s] Level 1:colcon.colcon_core.package_identification:_identify(src/marker_array) by extensions ['ignore', 'ignore_ament_install']
[0.273s] Level 1:colcon.colcon_core.package_identification:_identify(src/marker_array) by extension 'ignore'
[0.273s] Level 1:colcon.colcon_core.package_identification:_identify(src/marker_array) by extension 'ignore_ament_install'
[0.273s] Level 1:colcon.colcon_core.package_identification:_identify(src/marker_array) by extensions ['colcon_pkg']
[0.273s] Level 1:colcon.colcon_core.package_identification:_identify(src/marker_array) by extension 'colcon_pkg'
[0.273s] Level 1:colcon.colcon_core.package_identification:_identify(src/marker_array) by extensions ['colcon_meta']
[0.273s] Level 1:colcon.colcon_core.package_identification:_identify(src/marker_array) by extension 'colcon_meta'
[0.273s] Level 1:colcon.colcon_core.package_identification:_identify(src/marker_array) by extensions ['ros']
[0.273s] Level 1:colcon.colcon_core.package_identification:_identify(src/marker_array) by extension 'ros'
[0.275s] DEBUG:colcon.colcon_core.package_identification:Package 'src/marker_array' with type 'ros.ament_cmake' and name 'marker_array'
[0.275s] Level 1:colcon.colcon_core.package_identification:_identify(src/vis_demo) by extensions ['ignore', 'ignore_ament_install']
[0.275s] Level 1:colcon.colcon_core.package_identification:_identify(src/vis_demo) by extension 'ignore'
[0.276s] Level 1:colcon.colcon_core.package_identification:_identify(src/vis_demo) by extension 'ignore_ament_install'
[0.276s] Level 1:colcon.colcon_core.package_identification:_identify(src/vis_demo) by extensions ['colcon_pkg']
[0.276s] Level 1:colcon.colcon_core.package_identification:_identify(src/vis_demo) by extension 'colcon_pkg'
[0.276s] Level 1:colcon.colcon_core.package_identification:_identify(src/vis_demo) by extensions ['colcon_meta']
[0.276s] Level 1:colcon.colcon_core.package_identification:_identify(src/vis_demo) by extension 'colcon_meta'
[0.276s] Level 1:colcon.colcon_core.package_identification:_identify(src/vis_demo) by extensions ['ros']
[0.276s] Level 1:colcon.colcon_core.package_identification:_identify(src/vis_demo) by extension 'ros'
[0.276s] DEBUG:colcon.colcon_core.package_identification:Package 'src/vis_demo' with type 'ros.ament_cmake' and name 'vis_demo'
[0.276s] Level 1:colcon.colcon_core.package_discovery:discover_packages(recursive) using defaults
[0.276s] Level 1:colcon.colcon_core.package_discovery:discover_packages(ignore) discover
[0.276s] Level 1:colcon.colcon_core.package_discovery:discover_packages(ignore) using defaults
[0.276s] Level 1:colcon.colcon_core.package_discovery:discover_packages(path) discover
[0.276s] Level 1:colcon.colcon_core.package_discovery:discover_packages(path) using defaults
[0.294s] Level 1:colcon.colcon_core.package_discovery:discover_packages(prefix_path) check parameters
[0.294s] Level 1:colcon.colcon_core.package_discovery:discover_packages(prefix_path) discover
[0.296s] DEBUG:colcon.colcon_installed_package_information.package_discovery:Found 2 installed packages in /home/dan/train/train/MA_training/MA_train_for_ros/ros2/install
[0.298s] DEBUG:colcon.colcon_installed_package_information.package_discovery:Found 368 installed packages in /opt/ros/humble
[0.299s] Level 1:colcon.colcon_core.package_discovery:discover_packages(prefix_path) using defaults
[0.349s] Level 5:colcon.colcon_core.verb:set package 'marker_array' build argument 'cmake_args' from command line to 'None'
[0.349s] Level 5:colcon.colcon_core.verb:set package 'marker_array' build argument 'cmake_target' from command line to 'None'
[0.349s] Level 5:colcon.colcon_core.verb:set package 'marker_array' build argument 'cmake_target_skip_unavailable' from command line to 'False'
[0.349s] Level 5:colcon.colcon_core.verb:set package 'marker_array' build argument 'cmake_clean_cache' from command line to 'False'
[0.349s] Level 5:colcon.colcon_core.verb:set package 'marker_array' build argument 'cmake_clean_first' from command line to 'False'
[0.349s] Level 5:colcon.colcon_core.verb:set package 'marker_array' build argument 'cmake_force_configure' from command line to 'False'
[0.349s] Level 5:colcon.colcon_core.verb:set package 'marker_array' build argument 'ament_cmake_args' from command line to 'None'
[0.349s] Level 5:colcon.colcon_core.verb:set package 'marker_array' build argument 'catkin_cmake_args' from command line to 'None'
[0.349s] Level 5:colcon.colcon_core.verb:set package 'marker_array' build argument 'catkin_skip_building_tests' from command line to 'False'
[0.349s] DEBUG:colcon.colcon_core.verb:Building package 'marker_array' with the following arguments: {'ament_cmake_args': None, 'build_base': '/home/dan/train/train/MA_training/MA_train_for_ros/ros2/build/marker_array', 'catkin_cmake_args': None, 'catkin_skip_building_tests': False, 'cmake_args': None, 'cmake_clean_cache': False, 'cmake_clean_first': False, 'cmake_force_configure': False, 'cmake_target': None, 'cmake_target_skip_unavailable': False, 'install_base': '/home/dan/train/train/MA_training/MA_train_for_ros/ros2/install/marker_array', 'merge_install': False, 'path': '/home/dan/train/train/MA_training/MA_train_for_ros/ros2/src/marker_array', 'symlink_install': True, 'test_result_base': None}
[0.350s] Level 5:colcon.colcon_core.verb:set package 'vis_demo' build argument 'cmake_args' from command line to 'None'
[0.350s] Level 5:colcon.colcon_core.verb:set package 'vis_demo' build argument 'cmake_target' from command line to 'None'
[0.350s] Level 5:colcon.colcon_core.verb:set package 'vis_demo' build argument 'cmake_target_skip_unavailable' from command line to 'False'
[0.350s] Level 5:colcon.colcon_core.verb:set package 'vis_demo' build argument 'cmake_clean_cache' from command line to 'False'
[0.350s] Level 5:colcon.colcon_core.verb:set package 'vis_demo' build argument 'cmake_clean_first' from command line to 'False'
[0.350s] Level 5:colcon.colcon_core.verb:set package 'vis_demo' build argument 'cmake_force_configure' from command line to 'False'
[0.350s] Level 5:colcon.colcon_core.verb:set package 'vis_demo' build argument 'ament_cmake_args' from command line to 'None'
[0.350s] Level 5:colcon.colcon_core.verb:set package 'vis_demo' build argument 'catkin_cmake_args' from command line to 'None'
[0.350s] Level 5:colcon.colcon_core.verb:set package 'vis_demo' build argument 'catkin_skip_building_tests' from command line to 'False'
[0.350s] DEBUG:colcon.colcon_core.verb:Building package 'vis_demo' with the following arguments: {'ament_cmake_args': None, 'build_base': '/home/dan/train/train/MA_training/MA_train_for_ros/ros2/build/vis_demo', 'catkin_cmake_args': None, 'catkin_skip_building_tests': False, 'cmake_args': None, 'cmake_clean_cache': False, 'cmake_clean_first': False, 'cmake_force_configure': False, 'cmake_target': None, 'cmake_target_skip_unavailable': False, 'install_base': '/home/dan/train/train/MA_training/MA_train_for_ros/ros2/install/vis_demo', 'merge_install': False, 'path': '/home/dan/train/train/MA_training/MA_train_for_ros/ros2/src/vis_demo', 'symlink_install': True, 'test_result_base': None}
[0.350s] INFO:colcon.colcon_core.executor:Executing jobs using 'parallel' executor
[0.353s] DEBUG:colcon.colcon_parallel_executor.executor.parallel:run_until_complete
[0.353s] INFO:colcon.colcon_ros.task.ament_cmake.build:Building ROS package in '/home/dan/train/train/MA_training/MA_train_for_ros/ros2/src/marker_array' with build type 'ament_cmake'
[0.353s] INFO:colcon.colcon_cmake.task.cmake.build:Building CMake package in '/home/dan/train/train/MA_training/MA_train_for_ros/ros2/src/marker_array'
[0.357s] INFO:colcon.colcon_core.plugin_system:Skipping extension 'colcon_core.shell.bat': Not used on non-Windows systems
[0.357s] INFO:colcon.colcon_core.shell:Skip shell extension 'powershell' for command environment: Not usable outside of PowerShell
[0.357s] DEBUG:colcon.colcon_core.shell:Skip shell extension 'dsv' for command environment
[0.361s] INFO:colcon.colcon_ros.task.ament_cmake.build:Building ROS package in '/home/dan/train/train/MA_training/MA_train_for_ros/ros2/src/vis_demo' with build type 'ament_cmake'
[0.361s] INFO:colcon.colcon_cmake.task.cmake.build:Building CMake package in '/home/dan/train/train/MA_training/MA_train_for_ros/ros2/src/vis_demo'
[0.363s] INFO:colcon.colcon_core.shell:Skip shell extension 'powershell' for command environment: Not usable outside of PowerShell
[0.363s] DEBUG:colcon.colcon_core.shell:Skip shell extension 'dsv' for command environment
[0.373s] DEBUG:colcon.colcon_core.event_handler.log_command:Invoking command in '/home/dan/train/train/MA_training/MA_train_for_ros/ros2/build/marker_array': CMAKE_PREFIX_PATH=${CMAKE_PREFIX_PATH}:/opt/ros/humble /usr/bin/cmake --build /home/dan/train/train/MA_training/MA_train_for_ros/ros2/build/marker_array -- -j16 -l16
[0.376s] DEBUG:colcon.colcon_core.event_handler.log_command:Invoking command in '/home/dan/train/train/MA_training/MA_train_for_ros/ros2/build/vis_demo': CMAKE_PREFIX_PATH=${CMAKE_PREFIX_PATH}:/opt/ros/humble /usr/bin/cmake --build /home/dan/train/train/MA_training/MA_train_for_ros/ros2/build/vis_demo -- -j16 -l16
[0.431s] DEBUG:colcon.colcon_core.event_handler.log_command:Invoked command in '/home/dan/train/train/MA_training/MA_train_for_ros/ros2/build/vis_demo' returned '0': CMAKE_PREFIX_PATH=${CMAKE_PREFIX_PATH}:/opt/ros/humble /usr/bin/cmake --build /home/dan/train/train/MA_training/MA_train_for_ros/ros2/build/vis_demo -- -j16 -l16
[0.455s] DEBUG:colcon.colcon_core.event_handler.log_command:Invoking command in '/home/dan/train/train/MA_training/MA_train_for_ros/ros2/build/vis_demo': CMAKE_PREFIX_PATH=${CMAKE_PREFIX_PATH}:/opt/ros/humble /usr/bin/cmake --install /home/dan/train/train/MA_training/MA_train_for_ros/ros2/build/vis_demo
[0.473s] Level 1:colcon.colcon_core.environment:create_environment_scripts_only(vis_demo)
[0.474s] DEBUG:colcon.colcon_core.event_handler.log_command:Invoked command in '/home/dan/train/train/MA_training/MA_train_for_ros/ros2/build/vis_demo' returned '0': CMAKE_PREFIX_PATH=${CMAKE_PREFIX_PATH}:/opt/ros/humble /usr/bin/cmake --install /home/dan/train/train/MA_training/MA_train_for_ros/ros2/build/vis_demo
[0.477s] Level 1:colcon.colcon_core.environment:checking '/home/dan/train/train/MA_training/MA_train_for_ros/ros2/install/vis_demo' for CMake module files
[0.477s] Level 1:colcon.colcon_core.environment:checking '/home/dan/train/train/MA_training/MA_train_for_ros/ros2/install/vis_demo' for CMake config files
[0.478s] Level 1:colcon.colcon_core.shell:create_environment_hook('vis_demo', 'cmake_prefix_path')
[0.478s] INFO:colcon.colcon_core.shell:Creating environment hook '/home/dan/train/train/MA_training/MA_train_for_ros/ros2/install/vis_demo/share/vis_demo/hook/cmake_prefix_path.ps1'
[0.479s] INFO:colcon.colcon_core.shell:Creating environment descriptor '/home/dan/train/train/MA_training/MA_train_for_ros/ros2/install/vis_demo/share/vis_demo/hook/cmake_prefix_path.dsv'
[0.479s] INFO:colcon.colcon_core.shell:Creating environment hook '/home/dan/train/train/MA_training/MA_train_for_ros/ros2/install/vis_demo/share/vis_demo/hook/cmake_prefix_path.sh'
[0.480s] Level 1:colcon.colcon_core.environment:checking '/home/dan/train/train/MA_training/MA_train_for_ros/ros2/install/vis_demo/lib'
[0.480s] Level 1:colcon.colcon_core.environment:checking '/home/dan/train/train/MA_training/MA_train_for_ros/ros2/install/vis_demo/bin'
[0.480s] Level 1:colcon.colcon_core.environment:checking '/home/dan/train/train/MA_training/MA_train_for_ros/ros2/install/vis_demo/lib/pkgconfig/vis_demo.pc'
[0.480s] Level 1:colcon.colcon_core.environment:checking '/home/dan/train/train/MA_training/MA_train_for_ros/ros2/install/vis_demo/lib/python3.10/site-packages'
[0.480s] Level 1:colcon.colcon_core.environment:checking '/home/dan/train/train/MA_training/MA_train_for_ros/ros2/install/vis_demo/bin'
[0.481s] INFO:colcon.colcon_core.shell:Creating package script '/home/dan/train/train/MA_training/MA_train_for_ros/ros2/install/vis_demo/share/vis_demo/package.ps1'
[0.482s] INFO:colcon.colcon_core.shell:Creating package descriptor '/home/dan/train/train/MA_training/MA_train_for_ros/ros2/install/vis_demo/share/vis_demo/package.dsv'
[0.483s] INFO:colcon.colcon_core.shell:Creating package script '/home/dan/train/train/MA_training/MA_train_for_ros/ros2/install/vis_demo/share/vis_demo/package.sh'
[0.483s] INFO:colcon.colcon_core.shell:Creating package script '/home/dan/train/train/MA_training/MA_train_for_ros/ros2/install/vis_demo/share/vis_demo/package.bash'
[0.484s] INFO:colcon.colcon_core.shell:Creating package script '/home/dan/train/train/MA_training/MA_train_for_ros/ros2/install/vis_demo/share/vis_demo/package.zsh'
[0.484s] Level 1:colcon.colcon_core.environment:create_file_with_runtime_dependencies(/home/dan/train/train/MA_training/MA_train_for_ros/ros2/install/vis_demo/share/colcon-core/packages/vis_demo)
[0.505s] Level 1:colcon.colcon_core.environment:create_environment_scripts_only(vis_demo)
[0.506s] Level 1:colcon.colcon_core.environment:checking '/home/dan/train/train/MA_training/MA_train_for_ros/ros2/install/vis_demo' for CMake module files
[0.506s] Level 1:colcon.colcon_core.environment:checking '/home/dan/train/train/MA_training/MA_train_for_ros/ros2/install/vis_demo' for CMake config files
[0.506s] Level 1:colcon.colcon_core.shell:create_environment_hook('vis_demo', 'cmake_prefix_path')
[0.507s] INFO:colcon.colcon_core.shell:Creating environment hook '/home/dan/train/train/MA_training/MA_train_for_ros/ros2/install/vis_demo/share/vis_demo/hook/cmake_prefix_path.ps1'
[0.508s] INFO:colcon.colcon_core.shell:Creating environment descriptor '/home/dan/train/train/MA_training/MA_train_for_ros/ros2/install/vis_demo/share/vis_demo/hook/cmake_prefix_path.dsv'
[0.508s] INFO:colcon.colcon_core.shell:Creating environment hook '/home/dan/train/train/MA_training/MA_train_for_ros/ros2/install/vis_demo/share/vis_demo/hook/cmake_prefix_path.sh'
[0.508s] Level 1:colcon.colcon_core.environment:checking '/home/dan/train/train/MA_training/MA_train_for_ros/ros2/install/vis_demo/lib'
[0.508s] Level 1:colcon.colcon_core.environment:checking '/home/dan/train/train/MA_training/MA_train_for_ros/ros2/install/vis_demo/bin'
[0.508s] Level 1:colcon.colcon_core.environment:checking '/home/dan/train/train/MA_training/MA_train_for_ros/ros2/install/vis_demo/lib/pkgconfig/vis_demo.pc'
[0.509s] Level 1:colcon.colcon_core.environment:checking '/home/dan/train/train/MA_training/MA_train_for_ros/ros2/install/vis_demo/lib/python3.10/site-packages'
[0.509s] Level 1:colcon.colcon_core.environment:checking '/home/dan/train/train/MA_training/MA_train_for_ros/ros2/install/vis_demo/bin'
[0.510s] INFO:colcon.colcon_core.shell:Creating package script '/home/dan/train/train/MA_training/MA_train_for_ros/ros2/install/vis_demo/share/vis_demo/package.ps1'
[0.510s] INFO:colcon.colcon_core.shell:Creating package descriptor '/home/dan/train/train/MA_training/MA_train_for_ros/ros2/install/vis_demo/share/vis_demo/package.dsv'
[0.510s] INFO:colcon.colcon_core.shell:Creating package script '/home/dan/train/train/MA_training/MA_train_for_ros/ros2/install/vis_demo/share/vis_demo/package.sh'
[0.511s] INFO:colcon.colcon_core.shell:Creating package script '/home/dan/train/train/MA_training/MA_train_for_ros/ros2/install/vis_demo/share/vis_demo/package.bash'
[0.511s] INFO:colcon.colcon_core.shell:Creating package script '/home/dan/train/train/MA_training/MA_train_for_ros/ros2/install/vis_demo/share/vis_demo/package.zsh'
[0.511s] Level 1:colcon.colcon_core.environment:create_file_with_runtime_dependencies(/home/dan/train/train/MA_training/MA_train_for_ros/ros2/install/vis_demo/share/colcon-core/packages/vis_demo)
[4.190s] DEBUG:colcon.colcon_core.event_handler.log_command:Invoked command in '/home/dan/train/train/MA_training/MA_train_for_ros/ros2/build/marker_array' returned '0': CMAKE_PREFIX_PATH=${CMAKE_PREFIX_PATH}:/opt/ros/humble /usr/bin/cmake --build /home/dan/train/train/MA_training/MA_train_for_ros/ros2/build/marker_array -- -j16 -l16
[4.211s] DEBUG:colcon.colcon_core.event_handler.log_command:Invoking command in '/home/dan/train/train/MA_training/MA_train_for_ros/ros2/build/marker_array': CMAKE_PREFIX_PATH=${CMAKE_PREFIX_PATH}:/opt/ros/humble /usr/bin/cmake --install /home/dan/train/train/MA_training/MA_train_for_ros/ros2/build/marker_array
[4.228s] Level 1:colcon.colcon_core.environment:create_environment_scripts_only(marker_array)
[4.229s] Level 1:colcon.colcon_core.environment:checking '/home/dan/train/train/MA_training/MA_train_for_ros/ros2/install/marker_array' for CMake module files
[4.230s] DEBUG:colcon.colcon_core.event_handler.log_command:Invoked command in '/home/dan/train/train/MA_training/MA_train_for_ros/ros2/build/marker_array' returned '0': CMAKE_PREFIX_PATH=${CMAKE_PREFIX_PATH}:/opt/ros/humble /usr/bin/cmake --install /home/dan/train/train/MA_training/MA_train_for_ros/ros2/build/marker_array
[4.230s] Level 1:colcon.colcon_core.environment:checking '/home/dan/train/train/MA_training/MA_train_for_ros/ros2/install/marker_array' for CMake config files
[4.231s] Level 1:colcon.colcon_core.shell:create_environment_hook('marker_array', 'cmake_prefix_path')
[4.232s] INFO:colcon.colcon_core.shell:Creating environment hook '/home/dan/train/train/MA_training/MA_train_for_ros/ros2/install/marker_array/share/marker_array/hook/cmake_prefix_path.ps1'
[4.232s] INFO:colcon.colcon_core.shell:Creating environment descriptor '/home/dan/train/train/MA_training/MA_train_for_ros/ros2/install/marker_array/share/marker_array/hook/cmake_prefix_path.dsv'
[4.232s] INFO:colcon.colcon_core.shell:Creating environment hook '/home/dan/train/train/MA_training/MA_train_for_ros/ros2/install/marker_array/share/marker_array/hook/cmake_prefix_path.sh'
[4.232s] Level 1:colcon.colcon_core.environment:checking '/home/dan/train/train/MA_training/MA_train_for_ros/ros2/install/marker_array/lib'
[4.233s] Level 1:colcon.colcon_core.environment:checking '/home/dan/train/train/MA_training/MA_train_for_ros/ros2/install/marker_array/bin'
[4.233s] Level 1:colcon.colcon_core.environment:checking '/home/dan/train/train/MA_training/MA_train_for_ros/ros2/install/marker_array/lib/pkgconfig/marker_array.pc'
[4.233s] Level 1:colcon.colcon_core.environment:checking '/home/dan/train/train/MA_training/MA_train_for_ros/ros2/install/marker_array/lib/python3.10/site-packages'
[4.233s] Level 1:colcon.colcon_core.environment:checking '/home/dan/train/train/MA_training/MA_train_for_ros/ros2/install/marker_array/bin'
[4.234s] INFO:colcon.colcon_core.shell:Creating package script '/home/dan/train/train/MA_training/MA_train_for_ros/ros2/install/marker_array/share/marker_array/package.ps1'
[4.234s] INFO:colcon.colcon_core.shell:Creating package descriptor '/home/dan/train/train/MA_training/MA_train_for_ros/ros2/install/marker_array/share/marker_array/package.dsv'
[4.235s] INFO:colcon.colcon_core.shell:Creating package script '/home/dan/train/train/MA_training/MA_train_for_ros/ros2/install/marker_array/share/marker_array/package.sh'
[4.235s] INFO:colcon.colcon_core.shell:Creating package script '/home/dan/train/train/MA_training/MA_train_for_ros/ros2/install/marker_array/share/marker_array/package.bash'
[4.235s] INFO:colcon.colcon_core.shell:Creating package script '/home/dan/train/train/MA_training/MA_train_for_ros/ros2/install/marker_array/share/marker_array/package.zsh'
[4.235s] Level 1:colcon.colcon_core.environment:create_file_with_runtime_dependencies(/home/dan/train/train/MA_training/MA_train_for_ros/ros2/install/marker_array/share/colcon-core/packages/marker_array)
[4.255s] Level 1:colcon.colcon_core.environment:create_environment_scripts_only(marker_array)
[4.256s] Level 1:colcon.colcon_core.environment:checking '/home/dan/train/train/MA_training/MA_train_for_ros/ros2/install/marker_array' for CMake module files
[4.257s] Level 1:colcon.colcon_core.environment:checking '/home/dan/train/train/MA_training/MA_train_for_ros/ros2/install/marker_array' for CMake config files
[4.257s] Level 1:colcon.colcon_core.shell:create_environment_hook('marker_array', 'cmake_prefix_path')
[4.258s] INFO:colcon.colcon_core.shell:Creating environment hook '/home/dan/train/train/MA_training/MA_train_for_ros/ros2/install/marker_array/share/marker_array/hook/cmake_prefix_path.ps1'
[4.258s] INFO:colcon.colcon_core.shell:Creating environment descriptor '/home/dan/train/train/MA_training/MA_train_for_ros/ros2/install/marker_array/share/marker_array/hook/cmake_prefix_path.dsv'
[4.258s] INFO:colcon.colcon_core.shell:Creating environment hook '/home/dan/train/train/MA_training/MA_train_for_ros/ros2/install/marker_array/share/marker_array/hook/cmake_prefix_path.sh'
[4.259s] Level 1:colcon.colcon_core.environment:checking '/home/dan/train/train/MA_training/MA_train_for_ros/ros2/install/marker_array/lib'
[4.259s] Level 1:colcon.colcon_core.environment:checking '/home/dan/train/train/MA_training/MA_train_for_ros/ros2/install/marker_array/bin'
[4.259s] Level 1:colcon.colcon_core.environment:checking '/home/dan/train/train/MA_training/MA_train_for_ros/ros2/install/marker_array/lib/pkgconfig/marker_array.pc'
[4.259s] Level 1:colcon.colcon_core.environment:checking '/home/dan/train/train/MA_training/MA_train_for_ros/ros2/install/marker_array/lib/python3.10/site-packages'
[4.260s] Level 1:colcon.colcon_core.environment:checking '/home/dan/train/train/MA_training/MA_train_for_ros/ros2/install/marker_array/bin'
[4.261s] INFO:colcon.colcon_core.shell:Creating package script '/home/dan/train/train/MA_training/MA_train_for_ros/ros2/install/marker_array/share/marker_array/package.ps1'
[4.261s] INFO:colcon.colcon_core.shell:Creating package descriptor '/home/dan/train/train/MA_training/MA_train_for_ros/ros2/install/marker_array/share/marker_array/package.dsv'
[4.261s] INFO:colcon.colcon_core.shell:Creating package script '/home/dan/train/train/MA_training/MA_train_for_ros/ros2/install/marker_array/share/marker_array/package.sh'
[4.262s] INFO:colcon.colcon_core.shell:Creating package script '/home/dan/train/train/MA_training/MA_train_for_ros/ros2/install/marker_array/share/marker_array/package.bash'
[4.262s] INFO:colcon.colcon_core.shell:Creating package script '/home/dan/train/train/MA_training/MA_train_for_ros/ros2/install/marker_array/share/marker_array/package.zsh'
[4.262s] Level 1:colcon.colcon_core.environment:create_file_with_runtime_dependencies(/home/dan/train/train/MA_training/MA_train_for_ros/ros2/install/marker_array/share/colcon-core/packages/marker_array)
[4.262s] DEBUG:colcon.colcon_parallel_executor.executor.parallel:closing loop
[4.263s] DEBUG:colcon.colcon_parallel_executor.executor.parallel:loop closed
[4.263s] DEBUG:colcon.colcon_parallel_executor.executor.parallel:run_until_complete finished with '0'
[4.263s] DEBUG:colcon.colcon_core.event_reactor:joining thread
[4.267s] INFO:colcon.colcon_core.plugin_system:Skipping extension 'colcon_notification.desktop_notification.terminal_notifier': Not used on non-Darwin systems
[4.267s] INFO:colcon.colcon_core.plugin_system:Skipping extension 'colcon_notification.desktop_notification.win32': Not used on non-Windows systems
[4.267s] INFO:colcon.colcon_notification.desktop_notification:Sending desktop notification using 'notify2'
[4.275s] DEBUG:colcon.colcon_core.event_reactor:joined thread
[4.277s] INFO:colcon.colcon_core.shell:Creating prefix script '/home/dan/train/train/MA_training/MA_train_for_ros/ros2/install/local_setup.ps1'
[4.278s] INFO:colcon.colcon_core.shell:Creating prefix util module '/home/dan/train/train/MA_training/MA_train_for_ros/ros2/install/_local_setup_util_ps1.py'
[4.279s] INFO:colcon.colcon_core.shell:Creating prefix chain script '/home/dan/train/train/MA_training/MA_train_for_ros/ros2/install/setup.ps1'
[4.280s] INFO:colcon.colcon_core.shell:Creating prefix script '/home/dan/train/train/MA_training/MA_train_for_ros/ros2/install/local_setup.sh'
[4.281s] INFO:colcon.colcon_core.shell:Creating prefix util module '/home/dan/train/train/MA_training/MA_train_for_ros/ros2/install/_local_setup_util_sh.py'
[4.281s] INFO:colcon.colcon_core.shell:Creating prefix chain script '/home/dan/train/train/MA_training/MA_train_for_ros/ros2/install/setup.sh'
[4.282s] INFO:colcon.colcon_core.shell:Creating prefix script '/home/dan/train/train/MA_training/MA_train_for_ros/ros2/install/local_setup.bash'
[4.282s] INFO:colcon.colcon_core.shell:Creating prefix chain script '/home/dan/train/train/MA_training/MA_train_for_ros/ros2/install/setup.bash'
[4.283s] INFO:colcon.colcon_core.shell:Creating prefix script '/home/dan/train/train/MA_training/MA_train_for_ros/ros2/install/local_setup.zsh'
[4.284s] INFO:colcon.colcon_core.shell:Creating prefix chain script '/home/dan/train/train/MA_training/MA_train_for_ros/ros2/install/setup.zsh'
