-- Install configuration: ""
-- Up-to-date: /home/dan/train/train/MA_training/MA_train_for_ros/ros2/install/urdf_with_stl/share/urdf_with_stl/config
-- Up-to-date: /home/dan/train/train/MA_training/MA_train_for_ros/ros2/install/urdf_with_stl/share/urdf_with_stl/description
-- Installing: /home/dan/train/train/MA_training/MA_train_for_ros/ros2/install/urdf_with_stl/share/urdf_with_stl/description/robot_essentials.xacro
-- Installing: /home/dan/train/train/MA_training/MA_train_for_ros/ros2/install/urdf_with_stl/share/urdf_with_stl/description/robot_base.urdf.xacro
-- Up-to-date: /home/dan/train/train/MA_training/MA_train_for_ros/ros2/install/urdf_with_stl/share/urdf_with_stl/launch
-- Up-to-date: /home/dan/train/train/MA_training/MA_train_for_ros/ros2/install/urdf_with_stl/share/urdf_with_stl/launch/rsp.launch.py
-- Up-to-date: /home/dan/train/train/MA_training/MA_train_for_ros/ros2/install/urdf_with_stl/share/urdf_with_stl/meshes
-- Up-to-date: /home/dan/train/train/MA_training/MA_train_for_ros/ros2/install/urdf_with_stl/share/urdf_with_stl/meshes/arm_base.stl
-- Up-to-date: /home/dan/train/train/MA_training/MA_train_for_ros/ros2/install/urdf_with_stl/share/urdf_with_stl/meshes/wrist.stl
-- Up-to-date: /home/dan/train/train/MA_training/MA_train_for_ros/ros2/install/urdf_with_stl/share/urdf_with_stl/meshes/robot_base.stl
-- Up-to-date: /home/dan/train/train/MA_training/MA_train_for_ros/ros2/install/urdf_with_stl/share/urdf_with_stl/meshes/wheel.stl
-- Up-to-date: /home/dan/train/train/MA_training/MA_train_for_ros/ros2/install/urdf_with_stl/share/urdf_with_stl/meshes/elbow.stl
-- Up-to-date: /home/dan/train/train/MA_training/MA_train_for_ros/ros2/install/urdf_with_stl/share/urdf_with_stl/meshes/bicep.stl
-- Up-to-date: /home/dan/train/train/MA_training/MA_train_for_ros/ros2/install/urdf_with_stl/share/ament_index/resource_index/package_run_dependencies/urdf_with_stl
-- Up-to-date: /home/dan/train/train/MA_training/MA_train_for_ros/ros2/install/urdf_with_stl/share/ament_index/resource_index/parent_prefix_path/urdf_with_stl
-- Up-to-date: /home/dan/train/train/MA_training/MA_train_for_ros/ros2/install/urdf_with_stl/share/urdf_with_stl/environment/ament_prefix_path.sh
-- Up-to-date: /home/dan/train/train/MA_training/MA_train_for_ros/ros2/install/urdf_with_stl/share/urdf_with_stl/environment/ament_prefix_path.dsv
-- Up-to-date: /home/dan/train/train/MA_training/MA_train_for_ros/ros2/install/urdf_with_stl/share/urdf_with_stl/environment/path.sh
-- Up-to-date: /home/dan/train/train/MA_training/MA_train_for_ros/ros2/install/urdf_with_stl/share/urdf_with_stl/environment/path.dsv
-- Up-to-date: /home/dan/train/train/MA_training/MA_train_for_ros/ros2/install/urdf_with_stl/share/urdf_with_stl/local_setup.bash
-- Up-to-date: /home/dan/train/train/MA_training/MA_train_for_ros/ros2/install/urdf_with_stl/share/urdf_with_stl/local_setup.sh
-- Up-to-date: /home/dan/train/train/MA_training/MA_train_for_ros/ros2/install/urdf_with_stl/share/urdf_with_stl/local_setup.zsh
-- Up-to-date: /home/dan/train/train/MA_training/MA_train_for_ros/ros2/install/urdf_with_stl/share/urdf_with_stl/local_setup.dsv
-- Installing: /home/dan/train/train/MA_training/MA_train_for_ros/ros2/install/urdf_with_stl/share/urdf_with_stl/package.dsv
-- Up-to-date: /home/dan/train/train/MA_training/MA_train_for_ros/ros2/install/urdf_with_stl/share/ament_index/resource_index/packages/urdf_with_stl
-- Up-to-date: /home/dan/train/train/MA_training/MA_train_for_ros/ros2/install/urdf_with_stl/share/urdf_with_stl/cmake/urdf_with_stlConfig.cmake
-- Up-to-date: /home/dan/train/train/MA_training/MA_train_for_ros/ros2/install/urdf_with_stl/share/urdf_with_stl/cmake/urdf_with_stlConfig-version.cmake
-- Up-to-date: /home/dan/train/train/MA_training/MA_train_for_ros/ros2/install/urdf_with_stl/share/urdf_with_stl/package.xml
