[0.053s] Invoking command in '/home/dan/train/train/MA_training/MA_train_for_ros/ros2/build/serial_example': CMAKE_PREFIX_PATH=${CMAKE_PREFIX_PATH}:/opt/ros/humble /home/dan/.local/bin/cmake --build /home/dan/train/train/MA_training/MA_train_for_ros/ros2/build/serial_example -- -j16 -l16
[0.142s] [100%] Built target SERIAL_DEMO
[0.158s] Invoked command in '/home/dan/train/train/MA_training/MA_train_for_ros/ros2/build/serial_example' returned '0': CMAKE_PREFIX_PATH=${CMAKE_PREFIX_PATH}:/opt/ros/humble /home/dan/.local/bin/cmake --build /home/dan/train/train/MA_training/MA_train_for_ros/ros2/build/serial_example -- -j16 -l16
[0.265s] Invoking command in '/home/dan/train/train/MA_training/MA_train_for_ros/ros2/build/serial_example': CMAKE_PREFIX_PATH=${CMAKE_PREFIX_PATH}:/opt/ros/humble /home/dan/.local/bin/cmake --install /home/dan/train/train/MA_training/MA_train_for_ros/ros2/build/serial_example
[0.295s] -- Install configuration: ""
[0.296s] -- Up-to-date: /home/dan/train/train/MA_training/MA_train_for_ros/ros2/install/serial_example/lib/serial_example/SERIAL_DEMO
[0.296s] -- Up-to-date: /home/dan/train/train/MA_training/MA_train_for_ros/ros2/install/serial_example/share/ament_index/resource_index/package_run_dependencies/serial_example
[0.296s] -- Up-to-date: /home/dan/train/train/MA_training/MA_train_for_ros/ros2/install/serial_example/share/ament_index/resource_index/parent_prefix_path/serial_example
[0.296s] -- Up-to-date: /home/dan/train/train/MA_training/MA_train_for_ros/ros2/install/serial_example/share/serial_example/environment/ament_prefix_path.sh
[0.296s] -- Up-to-date: /home/dan/train/train/MA_training/MA_train_for_ros/ros2/install/serial_example/share/serial_example/environment/ament_prefix_path.dsv
[0.296s] -- Up-to-date: /home/dan/train/train/MA_training/MA_train_for_ros/ros2/install/serial_example/share/serial_example/environment/path.sh
[0.297s] -- Up-to-date: /home/dan/train/train/MA_training/MA_train_for_ros/ros2/install/serial_example/share/serial_example/environment/path.dsv
[0.297s] -- Up-to-date: /home/dan/train/train/MA_training/MA_train_for_ros/ros2/install/serial_example/share/serial_example/local_setup.bash
[0.297s] -- Up-to-date: /home/dan/train/train/MA_training/MA_train_for_ros/ros2/install/serial_example/share/serial_example/local_setup.sh
[0.297s] -- Up-to-date: /home/dan/train/train/MA_training/MA_train_for_ros/ros2/install/serial_example/share/serial_example/local_setup.zsh
[0.297s] -- Up-to-date: /home/dan/train/train/MA_training/MA_train_for_ros/ros2/install/serial_example/share/serial_example/local_setup.dsv
[0.297s] -- Installing: /home/dan/train/train/MA_training/MA_train_for_ros/ros2/install/serial_example/share/serial_example/package.dsv
[0.298s] -- Up-to-date: /home/dan/train/train/MA_training/MA_train_for_ros/ros2/install/serial_example/share/ament_index/resource_index/packages/serial_example
[0.298s] -- Up-to-date: /home/dan/train/train/MA_training/MA_train_for_ros/ros2/install/serial_example/share/serial_example/cmake/ament_cmake_export_dependencies-extras.cmake
[0.298s] -- Up-to-date: /home/dan/train/train/MA_training/MA_train_for_ros/ros2/install/serial_example/share/serial_example/cmake/serial_exampleConfig.cmake
[0.298s] -- Up-to-date: /home/dan/train/train/MA_training/MA_train_for_ros/ros2/install/serial_example/share/serial_example/cmake/serial_exampleConfig-version.cmake
[0.298s] -- Up-to-date: /home/dan/train/train/MA_training/MA_train_for_ros/ros2/install/serial_example/share/serial_example/package.xml
[0.344s] Invoked command in '/home/dan/train/train/MA_training/MA_train_for_ros/ros2/build/serial_example' returned '0': CMAKE_PREFIX_PATH=${CMAKE_PREFIX_PATH}:/opt/ros/humble /home/dan/.local/bin/cmake --install /home/dan/train/train/MA_training/MA_train_for_ros/ros2/build/serial_example
