[01m[K/home/dan/train/train/MA_training/MA_train_for_ros/ros2/src/serial_example/src/serial_example.cpp:[m[K In member function ‘[01m[Kvoid SerialPortNode::readCallback()[m[K’:
[01m[K/home/dan/train/train/MA_training/MA_train_for_ros/ros2/src/serial_example/src/serial_example.cpp:28:29:[m[K [01;31m[Kerror: [m[K‘[01m[Kusing element_type = class drivers::serial_driver::SerialDriver[m[K’ {aka ‘[01m[Kclass drivers::serial_driver::SerialDriver[m[K’} has no member named ‘[01m[Kread[m[K’
   28 |         if (serial_driver_->[01;31m[Kread[m[K(data))
      |                             [01;31m[K^~~~[m[K
In file included from [01m[K/usr/include/x86_64-linux-gnu/c++/11/bits/c++allocator.h:33[m[K,
                 from [01m[K/usr/include/c++/11/bits/allocator.h:46[m[K,
                 from [01m[K/usr/include/c++/11/memory:64[m[K,
                 from [01m[K/home/dan/train/train/MA_training/MA_train_for_ros/ros2/src/serial_example/src/serial_example.cpp:2[m[K:
/usr/include/c++/11/ext/new_allocator.h: In instantiation of ‘[01m[Kvoid __gnu_cxx::new_allocator<_Tp>::construct(_Up*, _Args&& ...) [with _Up = drivers::serial_driver::SerialDriver; _Args = {}; _Tp = drivers::serial_driver::SerialDriver][m[K’:
[01m[K/usr/include/c++/11/bits/alloc_traits.h:516:17:[m[K   required from ‘[01m[Kstatic void std::allocator_traits<std::allocator<_Tp1> >::construct(std::allocator_traits<std::allocator<_Tp1> >::allocator_type&, _Up*, _Args&& ...) [with _Up = drivers::serial_driver::SerialDriver; _Args = {}; _Tp = drivers::serial_driver::SerialDriver; std::allocator_traits<std::allocator<_Tp1> >::allocator_type = std::allocator<drivers::serial_driver::SerialDriver>][m[K’
[01m[K/usr/include/c++/11/bits/shared_ptr_base.h:519:39:[m[K   required from ‘[01m[Kstd::_Sp_counted_ptr_inplace<_Tp, _Alloc, _Lp>::_Sp_counted_ptr_inplace(_Alloc, _Args&& ...) [with _Args = {}; _Tp = drivers::serial_driver::SerialDriver; _Alloc = std::allocator<drivers::serial_driver::SerialDriver>; __gnu_cxx::_Lock_policy _Lp = __gnu_cxx::_S_atomic][m[K’
[01m[K/usr/include/c++/11/bits/shared_ptr_base.h:650:16:[m[K   required from ‘[01m[Kstd::__shared_count<_Lp>::__shared_count(_Tp*&, std::_Sp_alloc_shared_tag<_Alloc>, _Args&& ...) [with _Tp = drivers::serial_driver::SerialDriver; _Alloc = std::allocator<drivers::serial_driver::SerialDriver>; _Args = {}; __gnu_cxx::_Lock_policy _Lp = __gnu_cxx::_S_atomic][m[K’
[01m[K/usr/include/c++/11/bits/shared_ptr_base.h:1342:14:[m[K   required from ‘[01m[Kstd::__shared_ptr<_Tp, _Lp>::__shared_ptr(std::_Sp_alloc_shared_tag<_Tp>, _Args&& ...) [with _Alloc = std::allocator<drivers::serial_driver::SerialDriver>; _Args = {}; _Tp = drivers::serial_driver::SerialDriver; __gnu_cxx::_Lock_policy _Lp = __gnu_cxx::_S_atomic][m[K’
[01m[K/usr/include/c++/11/bits/shared_ptr.h:409:59:[m[K   required from ‘[01m[Kstd::shared_ptr<_Tp>::shared_ptr(std::_Sp_alloc_shared_tag<_Tp>, _Args&& ...) [with _Alloc = std::allocator<drivers::serial_driver::SerialDriver>; _Args = {}; _Tp = drivers::serial_driver::SerialDriver][m[K’
[01m[K/usr/include/c++/11/bits/shared_ptr.h:862:14:[m[K   required from ‘[01m[Kstd::shared_ptr<_Tp> std::allocate_shared(const _Alloc&, _Args&& ...) [with _Tp = drivers::serial_driver::SerialDriver; _Alloc = std::allocator<drivers::serial_driver::SerialDriver>; _Args = {}][m[K’
[01m[K/usr/include/c++/11/bits/shared_ptr.h:878:39:[m[K   required from ‘[01m[Kstd::shared_ptr<_Tp> std::make_shared(_Args&& ...) [with _Tp = drivers::serial_driver::SerialDriver; _Args = {}][m[K’
[01m[K/home/dan/train/train/MA_training/MA_train_for_ros/ros2/src/serial_example/src/serial_example.cpp:15:80:[m[K   required from here
[01m[K/usr/include/c++/11/ext/new_allocator.h:162:11:[m[K [01;31m[Kerror: [m[Kno matching function for call to ‘[01m[Kdrivers::serial_driver::SerialDriver::SerialDriver()[m[K’
  162 |         { [01;31m[K::new((void *)__p) _Up(std::forward<_Args>(__args)...)[m[K; }
      |           [01;31m[K^~~~~~~~~~~~~~~~~~~~~~~~~~~~~~~~~~~~~~~~~~~~~~~~~~~~~~[m[K
In file included from [01m[K/home/dan/train/train/MA_training/MA_train_for_ros/ros2/src/serial_example/src/serial_example.cpp:7[m[K:
[01m[K/opt/ros/humble/include/serial_driver/serial_driver.hpp:32:12:[m[K [01;36m[Knote: [m[Kcandidate: ‘[01m[Kdrivers::serial_driver::SerialDriver::SerialDriver(const drivers::common::IoContext&)[m[K’
   32 |   explicit [01;36m[KSerialDriver[m[K(const IoContext & ctx);
      |            [01;36m[K^~~~~~~~~~~~[m[K
[01m[K/opt/ros/humble/include/serial_driver/serial_driver.hpp:32:12:[m[K [01;36m[Knote: [m[K  candidate expects 1 argument, 0 provided
[01m[K/opt/ros/humble/include/serial_driver/serial_driver.hpp:29:7:[m[K [01;36m[Knote: [m[Kcandidate: ‘[01m[Kdrivers::serial_driver::SerialDriver::SerialDriver(const drivers::serial_driver::SerialDriver&)[m[K’
   29 | class [01;36m[KSerialDriver[m[K
      |       [01;36m[K^~~~~~~~~~~~[m[K
[01m[K/opt/ros/humble/include/serial_driver/serial_driver.hpp:29:7:[m[K [01;36m[Knote: [m[K  candidate expects 1 argument, 0 provided
[01m[K/opt/ros/humble/include/serial_driver/serial_driver.hpp:29:7:[m[K [01;36m[Knote: [m[Kcandidate: ‘[01m[Kdrivers::serial_driver::SerialDriver::SerialDriver(drivers::serial_driver::SerialDriver&&)[m[K’
[01m[K/opt/ros/humble/include/serial_driver/serial_driver.hpp:29:7:[m[K [01;36m[Knote: [m[K  candidate expects 1 argument, 0 provided
gmake[2]: *** [CMakeFiles/SERIAL_DEMO.dir/build.make:76: CMakeFiles/SERIAL_DEMO.dir/src/serial_example.cpp.o] Error 1
gmake[1]: *** [CMakeFiles/Makefile2:137: CMakeFiles/SERIAL_DEMO.dir/all] Error 2
gmake: *** [Makefile:146: all] Error 2
