[0.020s] Invoking command in '/home/dan/train/train/MA_training/MA_train_for_ros/ros2/build/serial_example': CMAKE_PREFIX_PATH=${CMAKE_PREFIX_PATH}:/opt/ros/humble /usr/bin/cmake --build /home/dan/train/train/MA_training/MA_train_for_ros/ros2/build/serial_example -- -j16 -l16
[0.049s] -- Found ament_cmake: 1.3.5 (/opt/ros/humble/share/ament_cmake/cmake)
[0.224s] -- Found rclcpp: 16.0.4 (/opt/ros/humble/share/rclcpp/cmake)
[0.254s] -- Found rosidl_generator_c: 3.1.4 (/opt/ros/humble/share/rosidl_generator_c/cmake)
[0.256s] -- Found rosidl_adapter: 3.1.4 (/opt/ros/humble/share/rosidl_adapter/cmake)
[0.261s] -- Found rosidl_generator_cpp: 3.1.4 (/opt/ros/humble/share/rosidl_generator_cpp/cmake)
[0.270s] -- Using all available rosidl_typesupport_c: rosidl_typesupport_fastrtps_c;rosidl_typesupport_introspection_c
[0.283s] -- Using all available rosidl_typesupport_cpp: rosidl_typesupport_fastrtps_cpp;rosidl_typesupport_introspection_cpp
[0.340s] -- Found rmw_implementation_cmake: 6.1.1 (/opt/ros/humble/share/rmw_implementation_cmake/cmake)
[0.341s] -- Found rmw_fastrtps_cpp: 6.2.2 (/opt/ros/humble/share/rmw_fastrtps_cpp/cmake)
[0.468s] -- Using RMW implementation 'rmw_fastrtps_cpp' as default
[0.617s] -- Found serial_driver: 1.2.0 (/opt/ros/humble/share/serial_driver/cmake)
[0.849s] -- Found ament_lint_auto: 0.12.6 (/opt/ros/humble/share/ament_lint_auto/cmake)
[0.915s] -- Added test 'cppcheck' to perform static code analysis on C / C++ code
[0.915s] -- Configured cppcheck include dirs: /home/dan/train/train/MA_training/MA_train_for_ros/ros2/src/serial_example/include
[0.915s] -- Configured cppcheck exclude dirs and/or files: 
[0.916s] -- Added test 'lint_cmake' to check CMake code style
[0.917s] -- Added test 'uncrustify' to check C / C++ code style
[0.917s] -- Configured uncrustify additional arguments: 
[0.917s] -- Added test 'xmllint' to check XML markup files
[0.918s] -- Configuring done
[0.941s] -- Generating done
[0.943s] -- Build files have been written to: /home/dan/train/train/MA_training/MA_train_for_ros/ros2/build/serial_example
[0.978s] [35m[1mConsolidate compiler generated dependencies of target SERIAL_DEMO[0m
[1.000s] [ 50%] [32mBuilding CXX object CMakeFiles/SERIAL_DEMO.dir/src/serial_example.cpp.o[0m
[3.719s] [01m[K/home/dan/train/train/MA_training/MA_train_for_ros/ros2/src/serial_example/src/serial_example.cpp:[m[K In member function ‘[01m[Kvoid SerialPortNode::readCallback()[m[K’:
[3.719s] [01m[K/home/dan/train/train/MA_training/MA_train_for_ros/ros2/src/serial_example/src/serial_example.cpp:28:29:[m[K [01;31m[Kerror: [m[K‘[01m[Kusing element_type = class drivers::serial_driver::SerialDriver[m[K’ {aka ‘[01m[Kclass drivers::serial_driver::SerialDriver[m[K’} has no member named ‘[01m[Kread[m[K’
[3.719s]    28 |         if (serial_driver_->[01;31m[Kread[m[K(data))
[3.720s]       |                             [01;31m[K^~~~[m[K
[4.097s] In file included from [01m[K/usr/include/x86_64-linux-gnu/c++/11/bits/c++allocator.h:33[m[K,
[4.097s]                  from [01m[K/usr/include/c++/11/bits/allocator.h:46[m[K,
[4.097s]                  from [01m[K/usr/include/c++/11/memory:64[m[K,
[4.097s]                  from [01m[K/home/dan/train/train/MA_training/MA_train_for_ros/ros2/src/serial_example/src/serial_example.cpp:2[m[K:
[4.097s] /usr/include/c++/11/ext/new_allocator.h: In instantiation of ‘[01m[Kvoid __gnu_cxx::new_allocator<_Tp>::construct(_Up*, _Args&& ...) [with _Up = drivers::serial_driver::SerialDriver; _Args = {}; _Tp = drivers::serial_driver::SerialDriver][m[K’:
[4.097s] [01m[K/usr/include/c++/11/bits/alloc_traits.h:516:17:[m[K   required from ‘[01m[Kstatic void std::allocator_traits<std::allocator<_Tp1> >::construct(std::allocator_traits<std::allocator<_Tp1> >::allocator_type&, _Up*, _Args&& ...) [with _Up = drivers::serial_driver::SerialDriver; _Args = {}; _Tp = drivers::serial_driver::SerialDriver; std::allocator_traits<std::allocator<_Tp1> >::allocator_type = std::allocator<drivers::serial_driver::SerialDriver>][m[K’
[4.098s] [01m[K/usr/include/c++/11/bits/shared_ptr_base.h:519:39:[m[K   required from ‘[01m[Kstd::_Sp_counted_ptr_inplace<_Tp, _Alloc, _Lp>::_Sp_counted_ptr_inplace(_Alloc, _Args&& ...) [with _Args = {}; _Tp = drivers::serial_driver::SerialDriver; _Alloc = std::allocator<drivers::serial_driver::SerialDriver>; __gnu_cxx::_Lock_policy _Lp = __gnu_cxx::_S_atomic][m[K’
[4.098s] [01m[K/usr/include/c++/11/bits/shared_ptr_base.h:650:16:[m[K   required from ‘[01m[Kstd::__shared_count<_Lp>::__shared_count(_Tp*&, std::_Sp_alloc_shared_tag<_Alloc>, _Args&& ...) [with _Tp = drivers::serial_driver::SerialDriver; _Alloc = std::allocator<drivers::serial_driver::SerialDriver>; _Args = {}; __gnu_cxx::_Lock_policy _Lp = __gnu_cxx::_S_atomic][m[K’
[4.098s] [01m[K/usr/include/c++/11/bits/shared_ptr_base.h:1342:14:[m[K   required from ‘[01m[Kstd::__shared_ptr<_Tp, _Lp>::__shared_ptr(std::_Sp_alloc_shared_tag<_Tp>, _Args&& ...) [with _Alloc = std::allocator<drivers::serial_driver::SerialDriver>; _Args = {}; _Tp = drivers::serial_driver::SerialDriver; __gnu_cxx::_Lock_policy _Lp = __gnu_cxx::_S_atomic][m[K’
[4.098s] [01m[K/usr/include/c++/11/bits/shared_ptr.h:409:59:[m[K   required from ‘[01m[Kstd::shared_ptr<_Tp>::shared_ptr(std::_Sp_alloc_shared_tag<_Tp>, _Args&& ...) [with _Alloc = std::allocator<drivers::serial_driver::SerialDriver>; _Args = {}; _Tp = drivers::serial_driver::SerialDriver][m[K’
[4.098s] [01m[K/usr/include/c++/11/bits/shared_ptr.h:862:14:[m[K   required from ‘[01m[Kstd::shared_ptr<_Tp> std::allocate_shared(const _Alloc&, _Args&& ...) [with _Tp = drivers::serial_driver::SerialDriver; _Alloc = std::allocator<drivers::serial_driver::SerialDriver>; _Args = {}][m[K’
[4.098s] [01m[K/usr/include/c++/11/bits/shared_ptr.h:878:39:[m[K   required from ‘[01m[Kstd::shared_ptr<_Tp> std::make_shared(_Args&& ...) [with _Tp = drivers::serial_driver::SerialDriver; _Args = {}][m[K’
[4.098s] [01m[K/home/dan/train/train/MA_training/MA_train_for_ros/ros2/src/serial_example/src/serial_example.cpp:15:80:[m[K   required from here
[4.098s] [01m[K/usr/include/c++/11/ext/new_allocator.h:162:11:[m[K [01;31m[Kerror: [m[Kno matching function for call to ‘[01m[Kdrivers::serial_driver::SerialDriver::SerialDriver()[m[K’
[4.098s]   162 |         { [01;31m[K::new((void *)__p) _Up(std::forward<_Args>(__args)...)[m[K; }
[4.098s]       |           [01;31m[K^~~~~~~~~~~~~~~~~~~~~~~~~~~~~~~~~~~~~~~~~~~~~~~~~~~~~~[m[K
[4.098s] In file included from [01m[K/home/dan/train/train/MA_training/MA_train_for_ros/ros2/src/serial_example/src/serial_example.cpp:7[m[K:
[4.099s] [01m[K/opt/ros/humble/include/serial_driver/serial_driver.hpp:32:12:[m[K [01;36m[Knote: [m[Kcandidate: ‘[01m[Kdrivers::serial_driver::SerialDriver::SerialDriver(const drivers::common::IoContext&)[m[K’
[4.099s]    32 |   explicit [01;36m[KSerialDriver[m[K(const IoContext & ctx);
[4.099s]       |            [01;36m[K^~~~~~~~~~~~[m[K
[4.099s] [01m[K/opt/ros/humble/include/serial_driver/serial_driver.hpp:32:12:[m[K [01;36m[Knote: [m[K  candidate expects 1 argument, 0 provided
[4.099s] [01m[K/opt/ros/humble/include/serial_driver/serial_driver.hpp:29:7:[m[K [01;36m[Knote: [m[Kcandidate: ‘[01m[Kdrivers::serial_driver::SerialDriver::SerialDriver(const drivers::serial_driver::SerialDriver&)[m[K’
[4.099s]    29 | class [01;36m[KSerialDriver[m[K
[4.099s]       |       [01;36m[K^~~~~~~~~~~~[m[K
[4.099s] [01m[K/opt/ros/humble/include/serial_driver/serial_driver.hpp:29:7:[m[K [01;36m[Knote: [m[K  candidate expects 1 argument, 0 provided
[4.099s] [01m[K/opt/ros/humble/include/serial_driver/serial_driver.hpp:29:7:[m[K [01;36m[Knote: [m[Kcandidate: ‘[01m[Kdrivers::serial_driver::SerialDriver::SerialDriver(drivers::serial_driver::SerialDriver&&)[m[K’
[4.099s] [01m[K/opt/ros/humble/include/serial_driver/serial_driver.hpp:29:7:[m[K [01;36m[Knote: [m[K  candidate expects 1 argument, 0 provided
[4.205s] gmake[2]: *** [CMakeFiles/SERIAL_DEMO.dir/build.make:76: CMakeFiles/SERIAL_DEMO.dir/src/serial_example.cpp.o] Error 1
[4.206s] gmake[1]: *** [CMakeFiles/Makefile2:137: CMakeFiles/SERIAL_DEMO.dir/all] Error 2
[4.206s] gmake: *** [Makefile:146: all] Error 2
[4.209s] Invoked command in '/home/dan/train/train/MA_training/MA_train_for_ros/ros2/build/serial_example' returned '2': CMAKE_PREFIX_PATH=${CMAKE_PREFIX_PATH}:/opt/ros/humble /usr/bin/cmake --build /home/dan/train/train/MA_training/MA_train_for_ros/ros2/build/serial_example -- -j16 -l16
