[  0%] Built target _rm_msgs_generate_messages_check_deps_RobotsPositionData
[  0%] Built target _rm_msgs_generate_messages_check_deps_ContinousDetectorSwitch
[  0%] Built target _rm_msgs_generate_messages_check_deps_PowerManagementUnknownExceptionData
[  0%] Built target _rm_msgs_generate_messages_check_deps_PowerManagementProcessStackOverflowData
[  0%] Built target _rm_msgs_generate_messages_check_deps_ClientMapSendData
[  0%] Built target _rm_msgs_generate_messages_check_deps_EngineerGoal
[  0%] Built target _rm_msgs_generate_messages_check_deps_MapSentryData
[  0%] Built target _rm_msgs_generate_messages_check_deps_EngineerActionFeedback
[  0%] Built target _rm_msgs_generate_messages_check_deps_StatusChange
[  0%] Built target _rm_msgs_generate_messages_check_deps_TrackData
[  0%] Built target _rm_msgs_generate_messages_check_deps_EnableImuTrigger
[  0%] Built target _rm_msgs_generate_messages_check_deps_ManualToReferee
[  0%] Built target _rm_msgs_generate_messages_check_deps_ClientMapReceiveData
[  0%] Built target _rm_msgs_generate_messages_check_deps_RadarData
[  0%] Built target _rm_msgs_generate_messages_check_deps_CameraStatus
[  0%] Built target _rm_msgs_generate_messages_check_deps_RadarMarkData
[  0%] Built target _rm_msgs_generate_messages_check_deps_BulletAllowance
[  0%] Built target _rm_msgs_generate_messages_check_deps_RfidStatus
[  0%] Built target _rm_msgs_generate_messages_check_deps_ShootData
[  0%] Built target _rm_msgs_generate_messages_check_deps_EngineerAction
[  0%] Built target _rm_msgs_generate_messages_check_deps_DartStatus
[  0%] Built target _rm_msgs_generate_messages_check_deps_EngineerUi
[  0%] Built target _rm_msgs_generate_messages_check_deps_DartClientCmd
[  0%] Built target _rm_msgs_generate_messages_check_deps_SetLimitVel
[  0%] Built target _rm_msgs_generate_messages_check_deps_RobotHurt
[  0%] Built target _rm_msgs_generate_messages_check_deps_EventData
[  0%] Built target _rm_msgs_generate_messages_check_deps_IcraBuffDebuffZoneStatus
[  0%] Built target _rm_msgs_generate_messages_check_deps_PowerHeatData
[  0%] Built target geometry_msgs_generate_messages_cpp
[  0%] Built target actionlib_msgs_generate_messages_cpp
[  0%] Built target _rm_msgs_generate_messages_check_deps_KalmanData
[  0%] Built target _rm_msgs_generate_messages_check_deps_EngineerActionGoal
[  0%] Built target _rm_msgs_generate_messages_check_deps_TagMsgArray
[  0%] Built target _rm_msgs_generate_messages_check_deps_GimbalCmd
[  0%] Built target _rm_msgs_generate_messages_check_deps_StateCmd
[  0%] Built target _rm_msgs_generate_messages_check_deps_GameRobotStatus
[  0%] Built target _rm_msgs_generate_messages_check_deps_MultiDofCmd
[  0%] Built target _rm_msgs_generate_messages_check_deps_EngineerResult
[  0%] Built target _rm_msgs_generate_messages_check_deps_GameRobotHp
[  0%] Built target _rm_msgs_generate_messages_check_deps_TargetDetection
[  0%] Built target _rm_msgs_generate_messages_check_deps_EnableGyro
[  0%] Built target _rm_msgs_generate_messages_check_deps_GameStatus
[  0%] Built target std_msgs_generate_messages_cpp
[  0%] Built target _rm_msgs_generate_messages_check_deps_PowerManagementInitializationExceptionData
[  0%] Built target _rm_msgs_generate_messages_check_deps_DartRemainingTime
[  0%] Built target _rm_msgs_generate_messages_check_deps_MovingAverageData
[  0%] Built target _rm_msgs_generate_messages_check_deps_GpioData
[  0%] Built target _rm_msgs_generate_messages_check_deps_SupplyProjectileAction
[  0%] Built target _rm_msgs_generate_messages_check_deps_CapacityData
[  0%] Built target _rm_msgs_generate_messages_check_deps_ActuatorState
[  0%] Built target _rm_msgs_generate_messages_check_deps_PowerManagementSystemExceptionData
[  0%] Built target _rm_msgs_generate_messages_check_deps_DbusData
[  0%] Built target _rm_msgs_generate_messages_check_deps_ChassisCmd
[  0%] Built target _rm_msgs_generate_messages_check_deps_EngineerActionResult
[  0%] Built target _rm_msgs_generate_messages_check_deps_ShootCmd
[  0%] Built target _rm_msgs_generate_messages_check_deps_PowerManagementSampleAndStatusData
[  0%] Built target _rm_msgs_generate_messages_check_deps_BalanceState
[  0%] Built target _rm_msgs_generate_messages_check_deps_ShootState
[  0%] Built target std_msgs_generate_messages_nodejs
[  0%] Built target actionlib_msgs_generate_messages_nodejs
[  0%] Built target geometry_msgs_generate_messages_nodejs
[  0%] Built target _rm_msgs_generate_messages_check_deps_LpData
[  0%] Built target actionlib_msgs_generate_messages_lisp
[  0%] Built target _rm_msgs_generate_messages_check_deps_GimbalDesError
[  0%] Built target std_msgs_generate_messages_lisp
[  0%] Built target geometry_msgs_generate_messages_lisp
[  0%] Built target actionlib_msgs_generate_messages_py
[  0%] Built target _rm_msgs_generate_messages_check_deps_TofRadarData
[  0%] Built target geometry_msgs_generate_messages_py
[  0%] Built target std_msgs_generate_messages_py
[  0%] Built target std_msgs_generate_messages_eus
[  0%] Built target geometry_msgs_generate_messages_eus
[  0%] Built target actionlib_msgs_generate_messages_eus
[  0%] Built target _rm_msgs_generate_messages_check_deps_TagMsg
[  0%] Built target _rm_msgs_generate_messages_check_deps_TargetDetectionArray
[  0%] Built target _rm_msgs_generate_messages_check_deps_EngineerFeedback
[100%] Built target rm_msgs_generate_messages_eus
[100%] Built target rm_msgs_generate_messages_cpp
[100%] Built target rm_msgs_generate_messages_py
[100%] Built target rm_msgs_generate_messages_nodejs
[100%] Built target rm_msgs_generate_messages_lisp
[100%] Built target rm_msgs_generate_messages
