[0.049s] Invoking command in '/home/dan/train/train/MA_training/MA_train_for_ros/ros2/build/urdf_with_stl': CMAKE_PREFIX_PATH=${CMAKE_PREFIX_PATH}:/opt/ros/humble /home/dan/.local/bin/cmake --build /home/dan/train/train/MA_training/MA_train_for_ros/ros2/build/urdf_with_stl -- -j16 -l16
[0.155s] Invoked command in '/home/dan/train/train/MA_training/MA_train_for_ros/ros2/build/urdf_with_stl' returned '0': CMAKE_PREFIX_PATH=${CMAKE_PREFIX_PATH}:/opt/ros/humble /home/dan/.local/bin/cmake --build /home/dan/train/train/MA_training/MA_train_for_ros/ros2/build/urdf_with_stl -- -j16 -l16
[0.265s] Invoking command in '/home/dan/train/train/MA_training/MA_train_for_ros/ros2/build/urdf_with_stl': CMAKE_PREFIX_PATH=${CMAKE_PREFIX_PATH}:/opt/ros/humble /home/dan/.local/bin/cmake --install /home/dan/train/train/MA_training/MA_train_for_ros/ros2/build/urdf_with_stl
[0.296s] -- Install configuration: ""
[0.297s] -- Up-to-date: /home/dan/train/train/MA_training/MA_train_for_ros/ros2/install/urdf_with_stl/share/urdf_with_stl/config
[0.297s] -- Up-to-date: /home/dan/train/train/MA_training/MA_train_for_ros/ros2/install/urdf_with_stl/share/urdf_with_stl/description
[0.297s] -- Up-to-date: /home/dan/train/train/MA_training/MA_train_for_ros/ros2/install/urdf_with_stl/share/urdf_with_stl/description/robot_essentials.xacro
[0.297s] -- Installing: /home/dan/train/train/MA_training/MA_train_for_ros/ros2/install/urdf_with_stl/share/urdf_with_stl/description/robot_base.urdf.xacro
[0.297s] -- Up-to-date: /home/dan/train/train/MA_training/MA_train_for_ros/ros2/install/urdf_with_stl/share/urdf_with_stl/launch
[0.297s] -- Up-to-date: /home/dan/train/train/MA_training/MA_train_for_ros/ros2/install/urdf_with_stl/share/urdf_with_stl/launch/rsp.launch.py
[0.297s] -- Up-to-date: /home/dan/train/train/MA_training/MA_train_for_ros/ros2/install/urdf_with_stl/share/urdf_with_stl/meshes
[0.297s] -- Up-to-date: /home/dan/train/train/MA_training/MA_train_for_ros/ros2/install/urdf_with_stl/share/urdf_with_stl/meshes/arm_base.stl
[0.298s] -- Up-to-date: /home/dan/train/train/MA_training/MA_train_for_ros/ros2/install/urdf_with_stl/share/urdf_with_stl/meshes/wrist.stl
[0.298s] -- Up-to-date: /home/dan/train/train/MA_training/MA_train_for_ros/ros2/install/urdf_with_stl/share/urdf_with_stl/meshes/robot_base.stl
[0.298s] -- Up-to-date: /home/dan/train/train/MA_training/MA_train_for_ros/ros2/install/urdf_with_stl/share/urdf_with_stl/meshes/wheel.stl
[0.298s] -- Up-to-date: /home/dan/train/train/MA_training/MA_train_for_ros/ros2/install/urdf_with_stl/share/urdf_with_stl/meshes/elbow.stl
[0.298s] -- Up-to-date: /home/dan/train/train/MA_training/MA_train_for_ros/ros2/install/urdf_with_stl/share/urdf_with_stl/meshes/bicep.stl
[0.298s] -- Up-to-date: /home/dan/train/train/MA_training/MA_train_for_ros/ros2/install/urdf_with_stl/share/ament_index/resource_index/package_run_dependencies/urdf_with_stl
[0.298s] -- Up-to-date: /home/dan/train/train/MA_training/MA_train_for_ros/ros2/install/urdf_with_stl/share/ament_index/resource_index/parent_prefix_path/urdf_with_stl
[0.298s] -- Up-to-date: /home/dan/train/train/MA_training/MA_train_for_ros/ros2/install/urdf_with_stl/share/urdf_with_stl/environment/ament_prefix_path.sh
[0.298s] -- Up-to-date: /home/dan/train/train/MA_training/MA_train_for_ros/ros2/install/urdf_with_stl/share/urdf_with_stl/environment/ament_prefix_path.dsv
[0.299s] -- Up-to-date: /home/dan/train/train/MA_training/MA_train_for_ros/ros2/install/urdf_with_stl/share/urdf_with_stl/environment/path.sh
[0.299s] -- Up-to-date: /home/dan/train/train/MA_training/MA_train_for_ros/ros2/install/urdf_with_stl/share/urdf_with_stl/environment/path.dsv
[0.299s] -- Up-to-date: /home/dan/train/train/MA_training/MA_train_for_ros/ros2/install/urdf_with_stl/share/urdf_with_stl/local_setup.bash
[0.299s] -- Up-to-date: /home/dan/train/train/MA_training/MA_train_for_ros/ros2/install/urdf_with_stl/share/urdf_with_stl/local_setup.sh
[0.299s] -- Up-to-date: /home/dan/train/train/MA_training/MA_train_for_ros/ros2/install/urdf_with_stl/share/urdf_with_stl/local_setup.zsh
[0.299s] -- Up-to-date: /home/dan/train/train/MA_training/MA_train_for_ros/ros2/install/urdf_with_stl/share/urdf_with_stl/local_setup.dsv
[0.300s] -- Up-to-date: /home/dan/train/train/MA_training/MA_train_for_ros/ros2/install/urdf_with_stl/share/urdf_with_stl/package.dsv
[0.300s] -- Up-to-date: /home/dan/train/train/MA_training/MA_train_for_ros/ros2/install/urdf_with_stl/share/ament_index/resource_index/packages/urdf_with_stl
[0.300s] -- Up-to-date: /home/dan/train/train/MA_training/MA_train_for_ros/ros2/install/urdf_with_stl/share/urdf_with_stl/cmake/urdf_with_stlConfig.cmake
[0.300s] -- Up-to-date: /home/dan/train/train/MA_training/MA_train_for_ros/ros2/install/urdf_with_stl/share/urdf_with_stl/cmake/urdf_with_stlConfig-version.cmake
[0.300s] -- Up-to-date: /home/dan/train/train/MA_training/MA_train_for_ros/ros2/install/urdf_with_stl/share/urdf_with_stl/package.xml
[0.342s] Invoked command in '/home/dan/train/train/MA_training/MA_train_for_ros/ros2/build/urdf_with_stl' returned '0': CMAKE_PREFIX_PATH=${CMAKE_PREFIX_PATH}:/opt/ros/humble /home/dan/.local/bin/cmake --install /home/dan/train/train/MA_training/MA_train_for_ros/ros2/build/urdf_with_stl
