-- Found ament_cmake: 1.3.5 (/opt/ros/humble/share/ament_cmake/cmake)
-- Override CMake install command with custom implementation using symlinks instead of copying resources
-- Found rclcpp: 16.0.4 (/opt/ros/humble/share/rclcpp/cmake)
-- Found rosidl_generator_c: 3.1.4 (/opt/ros/humble/share/rosidl_generator_c/cmake)
-- Found rosidl_adapter: 3.1.4 (/opt/ros/humble/share/rosidl_adapter/cmake)
-- Found rosidl_generator_cpp: 3.1.4 (/opt/ros/humble/share/rosidl_generator_cpp/cmake)
-- Using all available rosidl_typesupport_c: rosidl_typesupport_fastrtps_c;rosidl_typesupport_introspection_c
-- Using all available rosidl_typesupport_cpp: rosidl_typesupport_fastrtps_cpp;rosidl_typesupport_introspection_cpp
-- Found rmw_implementation_cmake: 6.1.1 (/opt/ros/humble/share/rmw_implementation_cmake/cmake)
-- Found rmw_fastrtps_cpp: 6.2.2 (/opt/ros/humble/share/rmw_fastrtps_cpp/cmake)
-- Using RMW implementation 'rmw_fastrtps_cpp' as default
-- Found visualization_msgs: 4.2.3 (/opt/ros/humble/share/visualization_msgs/cmake)
-- Found ament_lint_auto: 0.12.6 (/opt/ros/humble/share/ament_lint_auto/cmake)
-- Added test 'cppcheck' to perform static code analysis on C / C++ code
-- Configured cppcheck include dirs: /home/dan/train/train/MA_training/MA_train_for_ros/ros2/src/marker_array/include
-- Configured cppcheck exclude dirs and/or files: 
-- Added test 'lint_cmake' to check CMake code style
-- Added test 'uncrustify' to check C / C++ code style
-- Configured uncrustify additional arguments: 
-- Added test 'xmllint' to check XML markup files
-- Configuring done
-- Generating done
-- Build files have been written to: /home/dan/train/train/MA_training/MA_train_for_ros/ros2/build/marker_array
[ 50%] [32mBuilding CXX object CMakeFiles/marker_array_demo.dir/src/marker_array_demo.cpp.o[0m
[01m[K/home/dan/train/train/MA_training/MA_train_for_ros/ros2/src/marker_array/src/marker_array_demo.cpp:[m[K In function ‘[01m[Kint main(int, char**)[m[K’:
[01m[K/home/dan/train/train/MA_training/MA_train_for_ros/ros2/src/marker_array/src/marker_array_demo.cpp:52:27:[m[K [01;31m[Kerror: [m[Kno matching function for call to ‘[01m[Krclcpp::Publisher<visualization_msgs::msg::MarkerArray_<std::allocator<void> >, std::allocator<void> >::publish(std::shared_ptr<visualization_msgs::msg::MarkerArray_<std::allocator<void> > >&)[m[K’
   52 |         [01;31m[Kpublisher->publish(marker_msg_array)[m[K;
      |         [01;31m[K~~~~~~~~~~~~~~~~~~^~~~~~~~~~~~~~~~~~[m[K
In file included from [01m[K/opt/ros/humble/include/rclcpp/rclcpp/topic_statistics/subscription_topic_statistics.hpp:31[m[K,
                 from [01m[K/opt/ros/humble/include/rclcpp/rclcpp/subscription.hpp:50[m[K,
                 from [01m[K/opt/ros/humble/include/rclcpp/rclcpp/any_executable.hpp:25[m[K,
                 from [01m[K/opt/ros/humble/include/rclcpp/rclcpp/memory_strategy.hpp:25[m[K,
                 from [01m[K/opt/ros/humble/include/rclcpp/rclcpp/memory_strategies.hpp:18[m[K,
                 from [01m[K/opt/ros/humble/include/rclcpp/rclcpp/executor_options.hpp:20[m[K,
                 from [01m[K/opt/ros/humble/include/rclcpp/rclcpp/executor.hpp:37[m[K,
                 from [01m[K/opt/ros/humble/include/rclcpp/rclcpp/executors/multi_threaded_executor.hpp:25[m[K,
                 from [01m[K/opt/ros/humble/include/rclcpp/rclcpp/executors.hpp:21[m[K,
                 from [01m[K/opt/ros/humble/include/rclcpp/rclcpp/rclcpp.hpp:155[m[K,
                 from [01m[K/home/dan/train/train/MA_training/MA_train_for_ros/ros2/src/marker_array/src/marker_array_demo.cpp:3[m[K:
[01m[K/opt/ros/humble/include/rclcpp/rclcpp/publisher.hpp:251:3:[m[K [01;36m[Knote: [m[Kcandidate: ‘[01m[Ktemplate<class T> std::enable_if_t<(rosidl_generator_traits::is_message<T>::value && std::is_same<T, typename rclcpp::TypeAdapter<MessageT>::ros_message_type>::value)> rclcpp::Publisher<MessageT, AllocatorT>::publish(std::unique_ptr<T, typename std::conditional<std::is_same<typename std::allocator_traits<typename std::allocator_traits<_Allocator>::rebind_traits<typename rclcpp::TypeAdapter<MessageT, void, void>::ros_message_type>::allocator_type>::rebind_alloc<typename rclcpp::TypeAdapter<MessageT, void, void>::ros_message_type>, std::allocator<typename rclcpp::TypeAdapter<MessageT>::ros_message_type> >::value, std::default_delete<typename rclcpp::TypeAdapter<MessageT>::ros_message_type>, rclcpp::allocator::AllocatorDeleter<typename std::allocator_traits<_Allocator>::rebind_traits<typename rclcpp::TypeAdapter<MessageT, void, void>::ros_message_type>::allocator_type> >::type>) [with T = T; MessageT = visualization_msgs::msg::MarkerArray_<std::allocator<void> >; AllocatorT = std::allocator<void>][m[K’
  251 |   [01;36m[Kpublish[m[K(std::unique_ptr<T, ROSMessageTypeDeleter> msg)
      |   [01;36m[K^~~~~~~[m[K
[01m[K/opt/ros/humble/include/rclcpp/rclcpp/publisher.hpp:251:3:[m[K [01;36m[Knote: [m[K  template argument deduction/substitution failed:
[01m[K/home/dan/train/train/MA_training/MA_train_for_ros/ros2/src/marker_array/src/marker_array_demo.cpp:52:27:[m[K [01;36m[Knote: [m[K  ‘[01m[Kstd::shared_ptr<visualization_msgs::msg::MarkerArray_<std::allocator<void> > >[m[K’ is not derived from ‘[01m[Kstd::unique_ptr<T, std::default_delete<visualization_msgs::msg::MarkerArray_<std::allocator<void> > > >[m[K’
   52 |         [01;36m[Kpublisher->publish(marker_msg_array)[m[K;
      |         [01;36m[K~~~~~~~~~~~~~~~~~~^~~~~~~~~~~~~~~~~~[m[K
In file included from [01m[K/opt/ros/humble/include/rclcpp/rclcpp/topic_statistics/subscription_topic_statistics.hpp:31[m[K,
                 from [01m[K/opt/ros/humble/include/rclcpp/rclcpp/subscription.hpp:50[m[K,
                 from [01m[K/opt/ros/humble/include/rclcpp/rclcpp/any_executable.hpp:25[m[K,
                 from [01m[K/opt/ros/humble/include/rclcpp/rclcpp/memory_strategy.hpp:25[m[K,
                 from [01m[K/opt/ros/humble/include/rclcpp/rclcpp/memory_strategies.hpp:18[m[K,
                 from [01m[K/opt/ros/humble/include/rclcpp/rclcpp/executor_options.hpp:20[m[K,
                 from [01m[K/opt/ros/humble/include/rclcpp/rclcpp/executor.hpp:37[m[K,
                 from [01m[K/opt/ros/humble/include/rclcpp/rclcpp/executors/multi_threaded_executor.hpp:25[m[K,
                 from [01m[K/opt/ros/humble/include/rclcpp/rclcpp/executors.hpp:21[m[K,
                 from [01m[K/opt/ros/humble/include/rclcpp/rclcpp/rclcpp.hpp:155[m[K,
                 from [01m[K/home/dan/train/train/MA_training/MA_train_for_ros/ros2/src/marker_array/src/marker_array_demo.cpp:3[m[K:
[01m[K/opt/ros/humble/include/rclcpp/rclcpp/publisher.hpp:292:3:[m[K [01;36m[Knote: [m[Kcandidate: ‘[01m[Ktemplate<class T> std::enable_if_t<(rosidl_generator_traits::is_message<T>::value && std::is_same<T, typename rclcpp::TypeAdapter<MessageT>::ros_message_type>::value)> rclcpp::Publisher<MessageT, AllocatorT>::publish(const T&) [with T = T; MessageT = visualization_msgs::msg::MarkerArray_<std::allocator<void> >; AllocatorT = std::allocator<void>][m[K’
  292 |   [01;36m[Kpublish[m[K(const T & msg)
      |   [01;36m[K^~~~~~~[m[K
[01m[K/opt/ros/humble/include/rclcpp/rclcpp/publisher.hpp:292:3:[m[K [01;36m[Knote: [m[K  template argument deduction/substitution failed:
In file included from [01m[K/usr/include/c++/11/bits/move.h:57[m[K,
                 from [01m[K/usr/include/c++/11/bits/stl_pair.h:59[m[K,
                 from [01m[K/usr/include/c++/11/bits/stl_algobase.h:64[m[K,
                 from [01m[K/usr/include/c++/11/memory:63[m[K,
                 from [01m[K/home/dan/train/train/MA_training/MA_train_for_ros/ros2/src/marker_array/src/marker_array_demo.cpp:1[m[K:
/usr/include/c++/11/type_traits: In substitution of ‘[01m[Ktemplate<bool _Cond, class _Tp> using enable_if_t = typename std::enable_if::type [with bool _Cond = false; _Tp = void][m[K’:
[01m[K/opt/ros/humble/include/rclcpp/rclcpp/publisher.hpp:292:3:[m[K   required by substitution of ‘[01m[Ktemplate<class T> std::enable_if_t<(rosidl_generator_traits::is_message<T>::value && std::is_same<T, visualization_msgs::msg::MarkerArray_<std::allocator<void> > >::value), void> rclcpp::Publisher<visualization_msgs::msg::MarkerArray_<std::allocator<void> >, std::allocator<void> >::publish<T>(const T&) [with T = std::shared_ptr<visualization_msgs::msg::MarkerArray_<std::allocator<void> > >][m[K’
[01m[K/home/dan/train/train/MA_training/MA_train_for_ros/ros2/src/marker_array/src/marker_array_demo.cpp:52:27:[m[K   required from here
[01m[K/usr/include/c++/11/type_traits:2585:11:[m[K [01;31m[Kerror: [m[Kno type named ‘[01m[Ktype[m[K’ in ‘[01m[Kstruct std::enable_if<false, void>[m[K’
 2585 |     using [01;31m[Kenable_if_t[m[K = typename enable_if<_Cond, _Tp>::type;
      |           [01;31m[K^~~~~~~~~~~[m[K
In file included from [01m[K/opt/ros/humble/include/rclcpp/rclcpp/topic_statistics/subscription_topic_statistics.hpp:31[m[K,
                 from [01m[K/opt/ros/humble/include/rclcpp/rclcpp/subscription.hpp:50[m[K,
                 from [01m[K/opt/ros/humble/include/rclcpp/rclcpp/any_executable.hpp:25[m[K,
                 from [01m[K/opt/ros/humble/include/rclcpp/rclcpp/memory_strategy.hpp:25[m[K,
                 from [01m[K/opt/ros/humble/include/rclcpp/rclcpp/memory_strategies.hpp:18[m[K,
                 from [01m[K/opt/ros/humble/include/rclcpp/rclcpp/executor_options.hpp:20[m[K,
                 from [01m[K/opt/ros/humble/include/rclcpp/rclcpp/executor.hpp:37[m[K,
                 from [01m[K/opt/ros/humble/include/rclcpp/rclcpp/executors/multi_threaded_executor.hpp:25[m[K,
                 from [01m[K/opt/ros/humble/include/rclcpp/rclcpp/executors.hpp:21[m[K,
                 from [01m[K/opt/ros/humble/include/rclcpp/rclcpp/rclcpp.hpp:155[m[K,
                 from [01m[K/home/dan/train/train/MA_training/MA_train_for_ros/ros2/src/marker_array/src/marker_array_demo.cpp:3[m[K:
[01m[K/opt/ros/humble/include/rclcpp/rclcpp/publisher.hpp:322:3:[m[K [01;36m[Knote: [m[Kcandidate: ‘[01m[Ktemplate<class T> std::enable_if_t<(typename rclcpp::TypeAdapter<MessageT>::is_specialized::value && std::is_same<T, typename rclcpp::TypeAdapter<MessageT>::custom_type>::value)> rclcpp::Publisher<MessageT, AllocatorT>::publish(std::unique_ptr<T, typename std::conditional<std::is_same<typename std::allocator_traits<typename std::allocator_traits<_Allocator>::rebind_traits<typename rclcpp::TypeAdapter<MessageT, void, void>::custom_type>::allocator_type>::rebind_alloc<typename rclcpp::TypeAdapter<MessageT, void, void>::custom_type>, std::allocator<typename rclcpp::TypeAdapter<MessageT>::custom_type> >::value, std::default_delete<typename rclcpp::TypeAdapter<MessageT>::custom_type>, rclcpp::allocator::AllocatorDeleter<typename std::allocator_traits<_Allocator>::rebind_traits<typename rclcpp::TypeAdapter<MessageT, void, void>::custom_type>::allocator_type> >::type>) [with T = T; MessageT = visualization_msgs::msg::MarkerArray_<std::allocator<void> >; AllocatorT = std::allocator<void>][m[K’
  322 |   [01;36m[Kpublish[m[K(std::unique_ptr<T, PublishedTypeDeleter> msg)
      |   [01;36m[K^~~~~~~[m[K
[01m[K/opt/ros/humble/include/rclcpp/rclcpp/publisher.hpp:322:3:[m[K [01;36m[Knote: [m[K  template argument deduction/substitution failed:
[01m[K/home/dan/train/train/MA_training/MA_train_for_ros/ros2/src/marker_array/src/marker_array_demo.cpp:52:27:[m[K [01;36m[Knote: [m[K  ‘[01m[Kstd::shared_ptr<visualization_msgs::msg::MarkerArray_<std::allocator<void> > >[m[K’ is not derived from ‘[01m[Kstd::unique_ptr<T, std::default_delete<visualization_msgs::msg::MarkerArray_<std::allocator<void> > > >[m[K’
   52 |         [01;36m[Kpublisher->publish(marker_msg_array)[m[K;
      |         [01;36m[K~~~~~~~~~~~~~~~~~~^~~~~~~~~~~~~~~~~~[m[K
In file included from [01m[K/opt/ros/humble/include/rclcpp/rclcpp/topic_statistics/subscription_topic_statistics.hpp:31[m[K,
                 from [01m[K/opt/ros/humble/include/rclcpp/rclcpp/subscription.hpp:50[m[K,
                 from [01m[K/opt/ros/humble/include/rclcpp/rclcpp/any_executable.hpp:25[m[K,
                 from [01m[K/opt/ros/humble/include/rclcpp/rclcpp/memory_strategy.hpp:25[m[K,
                 from [01m[K/opt/ros/humble/include/rclcpp/rclcpp/memory_strategies.hpp:18[m[K,
                 from [01m[K/opt/ros/humble/include/rclcpp/rclcpp/executor_options.hpp:20[m[K,
                 from [01m[K/opt/ros/humble/include/rclcpp/rclcpp/executor.hpp:37[m[K,
                 from [01m[K/opt/ros/humble/include/rclcpp/rclcpp/executors/multi_threaded_executor.hpp:25[m[K,
                 from [01m[K/opt/ros/humble/include/rclcpp/rclcpp/executors.hpp:21[m[K,
                 from [01m[K/opt/ros/humble/include/rclcpp/rclcpp/rclcpp.hpp:155[m[K,
                 from [01m[K/home/dan/train/train/MA_training/MA_train_for_ros/ros2/src/marker_array/src/marker_array_demo.cpp:3[m[K:
[01m[K/opt/ros/humble/include/rclcpp/rclcpp/publisher.hpp:364:3:[m[K [01;36m[Knote: [m[Kcandidate: ‘[01m[Ktemplate<class T> std::enable_if_t<(typename rclcpp::TypeAdapter<MessageT>::is_specialized::value && std::is_same<T, typename rclcpp::TypeAdapter<MessageT>::custom_type>::value)> rclcpp::Publisher<MessageT, AllocatorT>::publish(const T&) [with T = T; MessageT = visualization_msgs::msg::MarkerArray_<std::allocator<void> >; AllocatorT = std::allocator<void>][m[K’
  364 |   [01;36m[Kpublish[m[K(const T & msg)
      |   [01;36m[K^~~~~~~[m[K
[01m[K/opt/ros/humble/include/rclcpp/rclcpp/publisher.hpp:364:3:[m[K [01;36m[Knote: [m[K  template argument deduction/substitution failed:
[01m[K/opt/ros/humble/include/rclcpp/rclcpp/publisher.hpp:383:3:[m[K [01;36m[Knote: [m[Kcandidate: ‘[01m[Kvoid rclcpp::Publisher<MessageT, AllocatorT>::publish(const rcl_serialized_message_t&) [with MessageT = visualization_msgs::msg::MarkerArray_<std::allocator<void> >; AllocatorT = std::allocator<void>; rcl_serialized_message_t = rcutils_uint8_array_s][m[K’
  383 |   [01;36m[Kpublish[m[K(const rcl_serialized_message_t & serialized_msg)
      |   [01;36m[K^~~~~~~[m[K
[01m[K/opt/ros/humble/include/rclcpp/rclcpp/publisher.hpp:383:44:[m[K [01;36m[Knote: [m[K  no known conversion for argument 1 from ‘[01m[Kstd::shared_ptr<visualization_msgs::msg::MarkerArray_<std::allocator<void> > >[m[K’ to ‘[01m[Kconst rcl_serialized_message_t&[m[K’ {aka ‘[01m[Kconst rcutils_uint8_array_s&[m[K’}
  383 |   publish([01;36m[Kconst rcl_serialized_message_t & serialized_msg[m[K)
      |           [01;36m[K~~~~~~~~~~~~~~~~~~~~~~~~~~~~~~~~~^~~~~~~~~~~~~~[m[K
[01m[K/opt/ros/humble/include/rclcpp/rclcpp/publisher.hpp:389:3:[m[K [01;36m[Knote: [m[Kcandidate: ‘[01m[Kvoid rclcpp::Publisher<MessageT, AllocatorT>::publish(const rclcpp::SerializedMessage&) [with MessageT = visualization_msgs::msg::MarkerArray_<std::allocator<void> >; AllocatorT = std::allocator<void>][m[K’
  389 |   [01;36m[Kpublish[m[K(const SerializedMessage & serialized_msg)
      |   [01;36m[K^~~~~~~[m[K
[01m[K/opt/ros/humble/include/rclcpp/rclcpp/publisher.hpp:389:37:[m[K [01;36m[Knote: [m[K  no known conversion for argument 1 from ‘[01m[Kstd::shared_ptr<visualization_msgs::msg::MarkerArray_<std::allocator<void> > >[m[K’ to ‘[01m[Kconst rclcpp::SerializedMessage&[m[K’
  389 |   publish([01;36m[Kconst SerializedMessage & serialized_msg[m[K)
      |           [01;36m[K~~~~~~~~~~~~~~~~~~~~~~~~~~^~~~~~~~~~~~~~[m[K
[01m[K/opt/ros/humble/include/rclcpp/rclcpp/publisher.hpp:403:3:[m[K [01;36m[Knote: [m[Kcandidate: ‘[01m[Kvoid rclcpp::Publisher<MessageT, AllocatorT>::publish(rclcpp::LoanedMessage<typename rclcpp::TypeAdapter<MessageT>::ros_message_type, AllocatorT>&&) [with MessageT = visualization_msgs::msg::MarkerArray_<std::allocator<void> >; AllocatorT = std::allocator<void>; typename rclcpp::TypeAdapter<MessageT>::ros_message_type = visualization_msgs::msg::MarkerArray_<std::allocator<void> >][m[K’
  403 |   [01;36m[Kpublish[m[K(rclcpp::LoanedMessage<ROSMessageType, AllocatorT> && loaned_msg)
      |   [01;36m[K^~~~~~~[m[K
[01m[K/opt/ros/humble/include/rclcpp/rclcpp/publisher.hpp:403:64:[m[K [01;36m[Knote: [m[K  no known conversion for argument 1 from ‘[01m[Kstd::shared_ptr<visualization_msgs::msg::MarkerArray_<std::allocator<void> > >[m[K’ to ‘[01m[Krclcpp::LoanedMessage<visualization_msgs::msg::MarkerArray_<std::allocator<void> >, std::allocator<void> >&&[m[K’
  403 | ublish([01;36m[Krclcpp::LoanedMessage<ROSMessageType, AllocatorT> && loaned_msg[m[K)
      |        [01;36m[K~~~~~~~~~~~~~~~~~~~~~~~~~~~~~~~~~~~~~~~~~~~~~~~~~~~~~^~~~~~~~~~[m[K

gmake[2]: *** [CMakeFiles/marker_array_demo.dir/build.make:76: CMakeFiles/marker_array_demo.dir/src/marker_array_demo.cpp.o] Error 1
gmake[1]: *** [CMakeFiles/Makefile2:137: CMakeFiles/marker_array_demo.dir/all] Error 2
gmake: *** [Makefile:146: all] Error 2
