[0.067s] Invoking command in '/home/dan/train/train/MA_training/MA_train_for_ros/ros2/build/serial_example': CMAKE_PREFIX_PATH=${CMAKE_PREFIX_PATH}:/opt/ros/humble /home/dan/.local/bin/cmake /home/dan/train/train/MA_training/MA_train_for_ros/ros2/src/serial_example -DCMAKE_INSTALL_PREFIX=/home/dan/train/train/MA_training/MA_train_for_ros/ros2/install/serial_example
[0.222s] -- The C compiler identification is GNU 11.4.0
[0.336s] -- The CXX compiler identification is GNU 11.4.0
[0.365s] -- Detecting C compiler ABI info
[0.463s] -- Detecting C compiler ABI info - done
[0.476s] -- Check for working C compiler: /usr/bin/cc - skipped
[0.476s] -- Detecting C compile features
[0.477s] -- Detecting C compile features - done
[0.486s] -- Detecting CXX compiler ABI info
[0.595s] -- Detecting CXX compiler ABI info - done
[0.609s] -- Check for working CXX compiler: /usr/bin/c++ - skipped
[0.610s] -- Detecting CXX compile features
[0.612s] -- Detecting CXX compile features - done
[0.617s] -- Found ament_cmake: 1.3.5 (/opt/ros/humble/share/ament_cmake/cmake)
[1.361s] -- Found Python3: /usr/bin/python3.10 (found version "3.10.12") found components: Interpreter 
[1.468s] -- Found rclcpp: 16.0.4 (/opt/ros/humble/share/rclcpp/cmake)
[1.520s] -- Found rosidl_generator_c: 3.1.4 (/opt/ros/humble/share/rosidl_generator_c/cmake)
[1.528s] -- Found rosidl_adapter: 3.1.4 (/opt/ros/humble/share/rosidl_adapter/cmake)
[1.539s] -- Found rosidl_generator_cpp: 3.1.4 (/opt/ros/humble/share/rosidl_generator_cpp/cmake)
[1.557s] -- Using all available rosidl_typesupport_c: rosidl_typesupport_fastrtps_c;rosidl_typesupport_introspection_c
[1.583s] -- Using all available rosidl_typesupport_cpp: rosidl_typesupport_fastrtps_cpp;rosidl_typesupport_introspection_cpp
[1.676s] -- Found rmw_implementation_cmake: 6.1.1 (/opt/ros/humble/share/rmw_implementation_cmake/cmake)
[1.678s] -- Found rmw_fastrtps_cpp: 6.2.2 (/opt/ros/humble/share/rmw_fastrtps_cpp/cmake)
[1.795s] -- Found OpenSSL: /usr/lib/x86_64-linux-gnu/libcrypto.so (found version "3.0.2")  
[1.852s] -- Found FastRTPS: /opt/ros/humble/include  
[1.938s] -- Using RMW implementation 'rmw_fastrtps_cpp' as default
[1.952s] -- Performing Test CMAKE_HAVE_LIBC_PTHREAD
[2.017s] -- Performing Test CMAKE_HAVE_LIBC_PTHREAD - Success
[2.018s] -- Found Threads: TRUE  
[2.254s] -- Found serial_driver: 1.2.0 (/opt/ros/humble/share/serial_driver/cmake)
[2.570s] -- Found ament_lint_auto: 0.12.6 (/opt/ros/humble/share/ament_lint_auto/cmake)
[2.677s] -- Added test 'cppcheck' to perform static code analysis on C / C++ code
[2.677s] -- Configured cppcheck include dirs: /home/dan/train/train/MA_training/MA_train_for_ros/ros2/src/serial_example/include
[2.677s] -- Configured cppcheck exclude dirs and/or files: 
[2.678s] -- Added test 'lint_cmake' to check CMake code style
[2.679s] -- Added test 'uncrustify' to check C / C++ code style
[2.679s] -- Configured uncrustify additional arguments: 
[2.680s] -- Added test 'xmllint' to check XML markup files
[2.683s] -- Configuring done (2.6s)
[2.708s] -- Generating done (0.0s)
[2.710s] -- Build files have been written to: /home/dan/train/train/MA_training/MA_train_for_ros/ros2/build/serial_example
[2.730s] Invoked command in '/home/dan/train/train/MA_training/MA_train_for_ros/ros2/build/serial_example' returned '0': CMAKE_PREFIX_PATH=${CMAKE_PREFIX_PATH}:/opt/ros/humble /home/dan/.local/bin/cmake /home/dan/train/train/MA_training/MA_train_for_ros/ros2/src/serial_example -DCMAKE_INSTALL_PREFIX=/home/dan/train/train/MA_training/MA_train_for_ros/ros2/install/serial_example
[2.732s] Invoking command in '/home/dan/train/train/MA_training/MA_train_for_ros/ros2/build/serial_example': CMAKE_PREFIX_PATH=${CMAKE_PREFIX_PATH}:/opt/ros/humble /home/dan/.local/bin/cmake --build /home/dan/train/train/MA_training/MA_train_for_ros/ros2/build/serial_example -- -j16 -l16
[2.786s] [ 50%] [32mBuilding CXX object CMakeFiles/SERIAL_DEMO.dir/src/serial_example.cpp.o[0m
[6.713s] [100%] [32m[1mLinking CXX executable SERIAL_DEMO[0m
[6.889s] [100%] Built target SERIAL_DEMO
[6.927s] Invoked command in '/home/dan/train/train/MA_training/MA_train_for_ros/ros2/build/serial_example' returned '0': CMAKE_PREFIX_PATH=${CMAKE_PREFIX_PATH}:/opt/ros/humble /home/dan/.local/bin/cmake --build /home/dan/train/train/MA_training/MA_train_for_ros/ros2/build/serial_example -- -j16 -l16
[6.963s] Invoking command in '/home/dan/train/train/MA_training/MA_train_for_ros/ros2/build/serial_example': CMAKE_PREFIX_PATH=${CMAKE_PREFIX_PATH}:/opt/ros/humble /home/dan/.local/bin/cmake --install /home/dan/train/train/MA_training/MA_train_for_ros/ros2/build/serial_example
[6.987s] -- Install configuration: ""
[6.987s] -- Installing: /home/dan/train/train/MA_training/MA_train_for_ros/ros2/install/serial_example/lib/serial_example/SERIAL_DEMO
[6.988s] -- Set runtime path of "/home/dan/train/train/MA_training/MA_train_for_ros/ros2/install/serial_example/lib/serial_example/SERIAL_DEMO" to ""
[6.988s] -- Installing: /home/dan/train/train/MA_training/MA_train_for_ros/ros2/install/serial_example/share/ament_index/resource_index/package_run_dependencies/serial_example
[6.988s] -- Installing: /home/dan/train/train/MA_training/MA_train_for_ros/ros2/install/serial_example/share/ament_index/resource_index/parent_prefix_path/serial_example
[6.988s] -- Installing: /home/dan/train/train/MA_training/MA_train_for_ros/ros2/install/serial_example/share/serial_example/environment/ament_prefix_path.sh
[6.988s] -- Installing: /home/dan/train/train/MA_training/MA_train_for_ros/ros2/install/serial_example/share/serial_example/environment/ament_prefix_path.dsv
[6.988s] -- Installing: /home/dan/train/train/MA_training/MA_train_for_ros/ros2/install/serial_example/share/serial_example/environment/path.sh
[6.988s] -- Installing: /home/dan/train/train/MA_training/MA_train_for_ros/ros2/install/serial_example/share/serial_example/environment/path.dsv
[6.988s] -- Installing: /home/dan/train/train/MA_training/MA_train_for_ros/ros2/install/serial_example/share/serial_example/local_setup.bash
[6.988s] -- Installing: /home/dan/train/train/MA_training/MA_train_for_ros/ros2/install/serial_example/share/serial_example/local_setup.sh
[6.989s] -- Installing: /home/dan/train/train/MA_training/MA_train_for_ros/ros2/install/serial_example/share/serial_example/local_setup.zsh
[6.989s] -- Installing: /home/dan/train/train/MA_training/MA_train_for_ros/ros2/install/serial_example/share/serial_example/local_setup.dsv
[6.989s] -- Installing: /home/dan/train/train/MA_training/MA_train_for_ros/ros2/install/serial_example/share/serial_example/package.dsv
[6.989s] -- Installing: /home/dan/train/train/MA_training/MA_train_for_ros/ros2/install/serial_example/share/ament_index/resource_index/packages/serial_example
[6.989s] -- Installing: /home/dan/train/train/MA_training/MA_train_for_ros/ros2/install/serial_example/share/serial_example/cmake/ament_cmake_export_dependencies-extras.cmake
[6.989s] -- Installing: /home/dan/train/train/MA_training/MA_train_for_ros/ros2/install/serial_example/share/serial_example/cmake/serial_exampleConfig.cmake
[6.989s] -- Installing: /home/dan/train/train/MA_training/MA_train_for_ros/ros2/install/serial_example/share/serial_example/cmake/serial_exampleConfig-version.cmake
[6.989s] -- Installing: /home/dan/train/train/MA_training/MA_train_for_ros/ros2/install/serial_example/share/serial_example/package.xml
[6.998s] Invoked command in '/home/dan/train/train/MA_training/MA_train_for_ros/ros2/build/serial_example' returned '0': CMAKE_PREFIX_PATH=${CMAKE_PREFIX_PATH}:/opt/ros/humble /home/dan/.local/bin/cmake --install /home/dan/train/train/MA_training/MA_train_for_ros/ros2/build/serial_example
