[0.066s] Invoking command in '/home/dan/train/train/MA_training/MA_train_for_ros/ros2/build/urdf_demo': CMAKE_PREFIX_PATH=${CMAKE_PREFIX_PATH}:/opt/ros/humble /home/dan/.local/bin/cmake /home/dan/train/train/MA_training/MA_train_for_ros/ros2/src/urdf_demo -DCMAKE_INSTALL_PREFIX=/home/dan/train/train/MA_training/MA_train_for_ros/ros2/install/urdf_demo
[0.209s] -- The C compiler identification is GNU 11.4.0
[0.325s] -- The CXX compiler identification is GNU 11.4.0
[0.352s] -- Detecting C compiler ABI info
[0.444s] -- Detecting C compiler ABI info - done
[0.455s] -- Check for working C compiler: /usr/bin/cc - skipped
[0.455s] -- Detecting C compile features
[0.456s] -- Detecting C compile features - done
[0.465s] -- Detecting CXX compiler ABI info
[0.587s] -- Detecting CXX compiler ABI info - done
[0.607s] -- Check for working CXX compiler: /usr/bin/c++ - skipped
[0.608s] -- Detecting CXX compile features
[0.608s] -- Detecting CXX compile features - done
[0.612s] -- Found ament_cmake: 1.3.5 (/opt/ros/humble/share/ament_cmake/cmake)
[1.340s] -- Found Python3: /usr/bin/python3.10 (found version "3.10.12") found components: Interpreter 
[1.445s] -- Found rclcpp: 16.0.4 (/opt/ros/humble/share/rclcpp/cmake)
[1.493s] -- Found rosidl_generator_c: 3.1.4 (/opt/ros/humble/share/rosidl_generator_c/cmake)
[1.499s] -- Found rosidl_adapter: 3.1.4 (/opt/ros/humble/share/rosidl_adapter/cmake)
[1.511s] -- Found rosidl_generator_cpp: 3.1.4 (/opt/ros/humble/share/rosidl_generator_cpp/cmake)
[1.533s] -- Using all available rosidl_typesupport_c: rosidl_typesupport_fastrtps_c;rosidl_typesupport_introspection_c
[1.559s] -- Using all available rosidl_typesupport_cpp: rosidl_typesupport_fastrtps_cpp;rosidl_typesupport_introspection_cpp
[1.659s] -- Found rmw_implementation_cmake: 6.1.1 (/opt/ros/humble/share/rmw_implementation_cmake/cmake)
[1.662s] -- Found rmw_fastrtps_cpp: 6.2.2 (/opt/ros/humble/share/rmw_fastrtps_cpp/cmake)
[1.778s] -- Found OpenSSL: /usr/lib/x86_64-linux-gnu/libcrypto.so (found version "3.0.2")  
[1.836s] -- Found FastRTPS: /opt/ros/humble/include  
[1.925s] -- Using RMW implementation 'rmw_fastrtps_cpp' as default
[1.942s] -- Performing Test CMAKE_HAVE_LIBC_PTHREAD
[2.016s] -- Performing Test CMAKE_HAVE_LIBC_PTHREAD - Success
[2.018s] -- Found Threads: TRUE  
[2.242s] -- Found ament_lint_auto: 0.12.6 (/opt/ros/humble/share/ament_lint_auto/cmake)
[2.322s] -- Added test 'lint_cmake' to check CMake code style
[2.323s] -- Added test 'xmllint' to check XML markup files
[2.325s] -- Configuring done (2.2s)
[2.330s] -- Generating done (0.0s)
[2.332s] -- Build files have been written to: /home/dan/train/train/MA_training/MA_train_for_ros/ros2/build/urdf_demo
[2.348s] Invoked command in '/home/dan/train/train/MA_training/MA_train_for_ros/ros2/build/urdf_demo' returned '0': CMAKE_PREFIX_PATH=${CMAKE_PREFIX_PATH}:/opt/ros/humble /home/dan/.local/bin/cmake /home/dan/train/train/MA_training/MA_train_for_ros/ros2/src/urdf_demo -DCMAKE_INSTALL_PREFIX=/home/dan/train/train/MA_training/MA_train_for_ros/ros2/install/urdf_demo
[2.350s] Invoking command in '/home/dan/train/train/MA_training/MA_train_for_ros/ros2/build/urdf_demo': CMAKE_PREFIX_PATH=${CMAKE_PREFIX_PATH}:/opt/ros/humble /home/dan/.local/bin/cmake --build /home/dan/train/train/MA_training/MA_train_for_ros/ros2/build/urdf_demo -- -j16 -l16
[2.393s] Invoked command in '/home/dan/train/train/MA_training/MA_train_for_ros/ros2/build/urdf_demo' returned '0': CMAKE_PREFIX_PATH=${CMAKE_PREFIX_PATH}:/opt/ros/humble /home/dan/.local/bin/cmake --build /home/dan/train/train/MA_training/MA_train_for_ros/ros2/build/urdf_demo -- -j16 -l16
[2.445s] Invoking command in '/home/dan/train/train/MA_training/MA_train_for_ros/ros2/build/urdf_demo': CMAKE_PREFIX_PATH=${CMAKE_PREFIX_PATH}:/opt/ros/humble /home/dan/.local/bin/cmake --install /home/dan/train/train/MA_training/MA_train_for_ros/ros2/build/urdf_demo
[2.468s] -- Install configuration: ""
[2.469s] -- Installing: /home/dan/train/train/MA_training/MA_train_for_ros/ros2/install/urdf_demo/share/ament_index/resource_index/package_run_dependencies/urdf_demo
[2.469s] -- Installing: /home/dan/train/train/MA_training/MA_train_for_ros/ros2/install/urdf_demo/share/ament_index/resource_index/parent_prefix_path/urdf_demo
[2.469s] -- Installing: /home/dan/train/train/MA_training/MA_train_for_ros/ros2/install/urdf_demo/share/urdf_demo/environment/ament_prefix_path.sh
[2.469s] -- Installing: /home/dan/train/train/MA_training/MA_train_for_ros/ros2/install/urdf_demo/share/urdf_demo/environment/ament_prefix_path.dsv
[2.469s] -- Installing: /home/dan/train/train/MA_training/MA_train_for_ros/ros2/install/urdf_demo/share/urdf_demo/environment/path.sh
[2.469s] -- Installing: /home/dan/train/train/MA_training/MA_train_for_ros/ros2/install/urdf_demo/share/urdf_demo/environment/path.dsv
[2.469s] -- Installing: /home/dan/train/train/MA_training/MA_train_for_ros/ros2/install/urdf_demo/share/urdf_demo/local_setup.bash
[2.469s] -- Installing: /home/dan/train/train/MA_training/MA_train_for_ros/ros2/install/urdf_demo/share/urdf_demo/local_setup.sh
[2.470s] -- Installing: /home/dan/train/train/MA_training/MA_train_for_ros/ros2/install/urdf_demo/share/urdf_demo/local_setup.zsh
[2.470s] -- Installing: /home/dan/train/train/MA_training/MA_train_for_ros/ros2/install/urdf_demo/share/urdf_demo/local_setup.dsv
[2.470s] -- Installing: /home/dan/train/train/MA_training/MA_train_for_ros/ros2/install/urdf_demo/share/urdf_demo/package.dsv
[2.470s] -- Installing: /home/dan/train/train/MA_training/MA_train_for_ros/ros2/install/urdf_demo/share/ament_index/resource_index/packages/urdf_demo
[2.470s] -- Installing: /home/dan/train/train/MA_training/MA_train_for_ros/ros2/install/urdf_demo/share/urdf_demo/cmake/urdf_demoConfig.cmake
[2.470s] -- Installing: /home/dan/train/train/MA_training/MA_train_for_ros/ros2/install/urdf_demo/share/urdf_demo/cmake/urdf_demoConfig-version.cmake
[2.470s] -- Installing: /home/dan/train/train/MA_training/MA_train_for_ros/ros2/install/urdf_demo/share/urdf_demo/package.xml
[2.476s] Invoked command in '/home/dan/train/train/MA_training/MA_train_for_ros/ros2/build/urdf_demo' returned '0': CMAKE_PREFIX_PATH=${CMAKE_PREFIX_PATH}:/opt/ros/humble /home/dan/.local/bin/cmake --install /home/dan/train/train/MA_training/MA_train_for_ros/ros2/build/urdf_demo
