[0.011s] Invoking command in '/home/dan/train/train/MA_training/MA_train_for_ros/ros2/build/vis_demo': CMAKE_PREFIX_PATH=${CMAKE_PREFIX_PATH}:/opt/ros/humble /usr/bin/cmake --build /home/dan/train/train/MA_training/MA_train_for_ros/ros2/build/vis_demo -- -j16 -l16
[0.053s] [100%] Built target demo
[0.063s] Invoked command in '/home/dan/train/train/MA_training/MA_train_for_ros/ros2/build/vis_demo' returned '0': CMAKE_PREFIX_PATH=${CMAKE_PREFIX_PATH}:/opt/ros/humble /usr/bin/cmake --build /home/dan/train/train/MA_training/MA_train_for_ros/ros2/build/vis_demo -- -j16 -l16
[0.087s] Invoking command in '/home/dan/train/train/MA_training/MA_train_for_ros/ros2/build/vis_demo': CMAKE_PREFIX_PATH=${CMAKE_PREFIX_PATH}:/opt/ros/humble /usr/bin/cmake --install /home/dan/train/train/MA_training/MA_train_for_ros/ros2/build/vis_demo
[0.092s] -- Install configuration: ""
[0.092s] -- Execute custom install script
[0.092s] -- Up-to-date symlink: /home/dan/train/train/MA_training/MA_train_for_ros/ros2/install/vis_demo/lib/vis_demo/demo
[0.092s] -- Up-to-date symlink: /home/dan/train/train/MA_training/MA_train_for_ros/ros2/install/vis_demo/share/ament_index/resource_index/package_run_dependencies/vis_demo
[0.093s] -- Up-to-date symlink: /home/dan/train/train/MA_training/MA_train_for_ros/ros2/install/vis_demo/share/ament_index/resource_index/parent_prefix_path/vis_demo
[0.093s] -- Up-to-date symlink: /home/dan/train/train/MA_training/MA_train_for_ros/ros2/install/vis_demo/share/vis_demo/environment/ament_prefix_path.sh
[0.093s] -- Up-to-date symlink: /home/dan/train/train/MA_training/MA_train_for_ros/ros2/install/vis_demo/share/vis_demo/environment/ament_prefix_path.dsv
[0.093s] -- Up-to-date symlink: /home/dan/train/train/MA_training/MA_train_for_ros/ros2/install/vis_demo/share/vis_demo/environment/path.sh
[0.093s] -- Up-to-date symlink: /home/dan/train/train/MA_training/MA_train_for_ros/ros2/install/vis_demo/share/vis_demo/environment/path.dsv
[0.093s] -- Up-to-date symlink: /home/dan/train/train/MA_training/MA_train_for_ros/ros2/install/vis_demo/share/vis_demo/local_setup.bash
[0.094s] -- Up-to-date symlink: /home/dan/train/train/MA_training/MA_train_for_ros/ros2/install/vis_demo/share/vis_demo/local_setup.sh
[0.094s] -- Up-to-date symlink: /home/dan/train/train/MA_training/MA_train_for_ros/ros2/install/vis_demo/share/vis_demo/local_setup.zsh
[0.094s] -- Up-to-date symlink: /home/dan/train/train/MA_training/MA_train_for_ros/ros2/install/vis_demo/share/vis_demo/local_setup.dsv
[0.094s] -- Symlinking: /home/dan/train/train/MA_training/MA_train_for_ros/ros2/install/vis_demo/share/vis_demo/package.dsv
[0.100s] -- Up-to-date symlink: /home/dan/train/train/MA_training/MA_train_for_ros/ros2/install/vis_demo/share/ament_index/resource_index/packages/vis_demo
[0.100s] -- Up-to-date symlink: /home/dan/train/train/MA_training/MA_train_for_ros/ros2/install/vis_demo/share/vis_demo/cmake/ament_cmake_export_dependencies-extras.cmake
[0.100s] -- Up-to-date symlink: /home/dan/train/train/MA_training/MA_train_for_ros/ros2/install/vis_demo/share/vis_demo/cmake/vis_demoConfig.cmake
[0.100s] -- Up-to-date symlink: /home/dan/train/train/MA_training/MA_train_for_ros/ros2/install/vis_demo/share/vis_demo/cmake/vis_demoConfig-version.cmake
[0.100s] -- Up-to-date symlink: /home/dan/train/train/MA_training/MA_train_for_ros/ros2/install/vis_demo/share/vis_demo/package.xml
[0.103s] Invoked command in '/home/dan/train/train/MA_training/MA_train_for_ros/ros2/build/vis_demo' returned '0': CMAKE_PREFIX_PATH=${CMAKE_PREFIX_PATH}:/opt/ros/humble /usr/bin/cmake --install /home/dan/train/train/MA_training/MA_train_for_ros/ros2/build/vis_demo
