[0.017s] Invoking command in '/home/dan/train/train/MA_training/visulization_demo/build/vis_demo': CMAKE_PREFIX_PATH=${CMAKE_PREFIX_PATH}:/opt/ros/humble /usr/bin/cmake --build /home/dan/train/train/MA_training/visulization_demo/build/vis_demo -- -j16 -l16
[0.060s] -- Found ament_cmake: 1.3.5 (/opt/ros/humble/share/ament_cmake/cmake)
[0.180s] -- Override CMake install command with custom implementation using symlinks instead of copying resources
[0.185s] -- Found rclcpp: 16.0.4 (/opt/ros/humble/share/rclcpp/cmake)
[0.208s] -- Found rosidl_generator_c: 3.1.4 (/opt/ros/humble/share/rosidl_generator_c/cmake)
[0.211s] -- Found rosidl_adapter: 3.1.4 (/opt/ros/humble/share/rosidl_adapter/cmake)
[0.229s] -- Found rosidl_generator_cpp: 3.1.4 (/opt/ros/humble/share/rosidl_generator_cpp/cmake)
[0.247s] -- Using all available rosidl_typesupport_c: rosidl_typesupport_fastrtps_c;rosidl_typesupport_introspection_c
[0.261s] -- Using all available rosidl_typesupport_cpp: rosidl_typesupport_fastrtps_cpp;rosidl_typesupport_introspection_cpp
[0.310s] -- Found rmw_implementation_cmake: 6.1.1 (/opt/ros/humble/share/rmw_implementation_cmake/cmake)
[0.310s] -- Found rmw_fastrtps_cpp: 6.2.2 (/opt/ros/humble/share/rmw_fastrtps_cpp/cmake)
[0.412s] -- Using RMW implementation 'rmw_fastrtps_cpp' as default
[0.574s] -- Found visualization_msgs: 4.2.3 (/opt/ros/humble/share/visualization_msgs/cmake)
[0.808s] -- Found ament_lint_auto: 0.12.6 (/opt/ros/humble/share/ament_lint_auto/cmake)
[0.868s] -- Added test 'cppcheck' to perform static code analysis on C / C++ code
[0.868s] -- Configured cppcheck include dirs: /home/dan/train/train/MA_training/visulization_demo/src/vis_demo/include
[0.868s] -- Configured cppcheck exclude dirs and/or files: 
[0.869s] -- Added test 'lint_cmake' to check CMake code style
[0.869s] -- Added test 'uncrustify' to check C / C++ code style
[0.869s] -- Configured uncrustify additional arguments: 
[0.870s] -- Added test 'xmllint' to check XML markup files
[0.871s] -- Configuring done
[0.880s] -- Generating done
[0.881s] -- Build files have been written to: /home/dan/train/train/MA_training/visulization_demo/build/vis_demo
[0.901s] [35m[1mConsolidate compiler generated dependencies of target demo[0m
[0.920s] [ 50%] [32mBuilding CXX object CMakeFiles/demo.dir/src/vis_demo.cpp.o[0m
[3.264s] [100%] [32m[1mLinking CXX executable demo[0m
[3.388s] [100%] Built target demo
[3.396s] Invoked command in '/home/dan/train/train/MA_training/visulization_demo/build/vis_demo' returned '0': CMAKE_PREFIX_PATH=${CMAKE_PREFIX_PATH}:/opt/ros/humble /usr/bin/cmake --build /home/dan/train/train/MA_training/visulization_demo/build/vis_demo -- -j16 -l16
[3.444s] Invoking command in '/home/dan/train/train/MA_training/visulization_demo/build/vis_demo': CMAKE_PREFIX_PATH=${CMAKE_PREFIX_PATH}:/opt/ros/humble /usr/bin/cmake --install /home/dan/train/train/MA_training/visulization_demo/build/vis_demo
[3.451s] -- Install configuration: ""
[3.452s] -- Execute custom install script
[3.452s] -- Up-to-date symlink: /home/dan/train/train/MA_training/visulization_demo/install/vis_demo/lib/vis_demo/demo
[3.452s] -- Up-to-date symlink: /home/dan/train/train/MA_training/visulization_demo/install/vis_demo/share/ament_index/resource_index/package_run_dependencies/vis_demo
[3.452s] -- Up-to-date symlink: /home/dan/train/train/MA_training/visulization_demo/install/vis_demo/share/ament_index/resource_index/parent_prefix_path/vis_demo
[3.452s] -- Up-to-date symlink: /home/dan/train/train/MA_training/visulization_demo/install/vis_demo/share/vis_demo/environment/ament_prefix_path.sh
[3.452s] -- Up-to-date symlink: /home/dan/train/train/MA_training/visulization_demo/install/vis_demo/share/vis_demo/environment/ament_prefix_path.dsv
[3.453s] -- Up-to-date symlink: /home/dan/train/train/MA_training/visulization_demo/install/vis_demo/share/vis_demo/environment/path.sh
[3.453s] -- Up-to-date symlink: /home/dan/train/train/MA_training/visulization_demo/install/vis_demo/share/vis_demo/environment/path.dsv
[3.453s] -- Up-to-date symlink: /home/dan/train/train/MA_training/visulization_demo/install/vis_demo/share/vis_demo/local_setup.bash
[3.453s] -- Up-to-date symlink: /home/dan/train/train/MA_training/visulization_demo/install/vis_demo/share/vis_demo/local_setup.sh
[3.453s] -- Up-to-date symlink: /home/dan/train/train/MA_training/visulization_demo/install/vis_demo/share/vis_demo/local_setup.zsh
[3.453s] -- Up-to-date symlink: /home/dan/train/train/MA_training/visulization_demo/install/vis_demo/share/vis_demo/local_setup.dsv
[3.453s] -- Symlinking: /home/dan/train/train/MA_training/visulization_demo/install/vis_demo/share/vis_demo/package.dsv
[3.461s] -- Up-to-date symlink: /home/dan/train/train/MA_training/visulization_demo/install/vis_demo/share/ament_index/resource_index/packages/vis_demo
[3.461s] -- Up-to-date symlink: /home/dan/train/train/MA_training/visulization_demo/install/vis_demo/share/vis_demo/cmake/ament_cmake_export_dependencies-extras.cmake
[3.461s] -- Up-to-date symlink: /home/dan/train/train/MA_training/visulization_demo/install/vis_demo/share/vis_demo/cmake/vis_demoConfig.cmake
[3.461s] -- Up-to-date symlink: /home/dan/train/train/MA_training/visulization_demo/install/vis_demo/share/vis_demo/cmake/vis_demoConfig-version.cmake
[3.462s] -- Up-to-date symlink: /home/dan/train/train/MA_training/visulization_demo/install/vis_demo/share/vis_demo/package.xml
[3.464s] Invoked command in '/home/dan/train/train/MA_training/visulization_demo/build/vis_demo' returned '0': CMAKE_PREFIX_PATH=${CMAKE_PREFIX_PATH}:/opt/ros/humble /usr/bin/cmake --install /home/dan/train/train/MA_training/visulization_demo/build/vis_demo
