[0.067s] Invoking command in '/home/dan/train/train/MA_training/MA_train_for_ros/ros2/build/urdf_example': CMAKE_PREFIX_PATH=${CMAKE_PREFIX_PATH}:/opt/ros/humble /home/dan/.local/bin/cmake /home/dan/train/train/MA_training/MA_train_for_ros/ros2/src/urdf_example -DCMAKE_INSTALL_PREFIX=/home/dan/train/train/MA_training/MA_train_for_ros/ros2/install/urdf_example
[0.210s] -- The C compiler identification is GNU 11.4.0
[0.328s] -- The CXX compiler identification is GNU 11.4.0
[0.358s] -- Detecting C compiler ABI info
[0.436s] -- Detecting C compiler ABI info - done
[0.449s] -- Check for working C compiler: /usr/bin/cc - skipped
[0.449s] -- Detecting C compile features
[0.449s] -- Detecting C compile features - done
[0.460s] -- Detecting CXX compiler ABI info
[0.575s] -- Detecting CXX compiler ABI info - done
[0.593s] -- Check for working CXX compiler: /usr/bin/c++ - skipped
[0.594s] -- Detecting CXX compile features
[0.595s] -- Detecting CXX compile features - done
[0.599s] -- Found ament_cmake: 1.3.5 (/opt/ros/humble/share/ament_cmake/cmake)
[1.336s] -- Found Python3: /usr/bin/python3.10 (found version "3.10.12") found components: Interpreter 
[1.444s] -- Found rclcpp: 16.0.4 (/opt/ros/humble/share/rclcpp/cmake)
[1.493s] -- Found rosidl_generator_c: 3.1.4 (/opt/ros/humble/share/rosidl_generator_c/cmake)
[1.499s] -- Found rosidl_adapter: 3.1.4 (/opt/ros/humble/share/rosidl_adapter/cmake)
[1.513s] -- Found rosidl_generator_cpp: 3.1.4 (/opt/ros/humble/share/rosidl_generator_cpp/cmake)
[1.531s] -- Using all available rosidl_typesupport_c: rosidl_typesupport_fastrtps_c;rosidl_typesupport_introspection_c
[1.556s] -- Using all available rosidl_typesupport_cpp: rosidl_typesupport_fastrtps_cpp;rosidl_typesupport_introspection_cpp
[1.651s] -- Found rmw_implementation_cmake: 6.1.1 (/opt/ros/humble/share/rmw_implementation_cmake/cmake)
[1.654s] -- Found rmw_fastrtps_cpp: 6.2.2 (/opt/ros/humble/share/rmw_fastrtps_cpp/cmake)
[1.771s] -- Found OpenSSL: /usr/lib/x86_64-linux-gnu/libcrypto.so (found version "3.0.2")  
[1.825s] -- Found FastRTPS: /opt/ros/humble/include  
[1.908s] -- Using RMW implementation 'rmw_fastrtps_cpp' as default
[1.921s] -- Performing Test CMAKE_HAVE_LIBC_PTHREAD
[1.996s] -- Performing Test CMAKE_HAVE_LIBC_PTHREAD - Success
[1.997s] -- Found Threads: TRUE  
[2.239s] -- Found ament_lint_auto: 0.12.6 (/opt/ros/humble/share/ament_lint_auto/cmake)
[2.321s] -- Added test 'flake8' to check Python code syntax and style conventions
[2.322s] -- Added test 'lint_cmake' to check CMake code style
[2.323s] -- Added test 'pep257' to check Python code against some of the docstring style conventions in PEP 257
[2.325s] -- Added test 'xmllint' to check XML markup files
[2.327s] -- Configuring done (2.2s)
[2.332s] -- Generating done (0.0s)
[2.334s] -- Build files have been written to: /home/dan/train/train/MA_training/MA_train_for_ros/ros2/build/urdf_example
[2.347s] Invoked command in '/home/dan/train/train/MA_training/MA_train_for_ros/ros2/build/urdf_example' returned '0': CMAKE_PREFIX_PATH=${CMAKE_PREFIX_PATH}:/opt/ros/humble /home/dan/.local/bin/cmake /home/dan/train/train/MA_training/MA_train_for_ros/ros2/src/urdf_example -DCMAKE_INSTALL_PREFIX=/home/dan/train/train/MA_training/MA_train_for_ros/ros2/install/urdf_example
[2.349s] Invoking command in '/home/dan/train/train/MA_training/MA_train_for_ros/ros2/build/urdf_example': CMAKE_PREFIX_PATH=${CMAKE_PREFIX_PATH}:/opt/ros/humble /home/dan/.local/bin/cmake --build /home/dan/train/train/MA_training/MA_train_for_ros/ros2/build/urdf_example -- -j16 -l16
[2.390s] Invoked command in '/home/dan/train/train/MA_training/MA_train_for_ros/ros2/build/urdf_example' returned '0': CMAKE_PREFIX_PATH=${CMAKE_PREFIX_PATH}:/opt/ros/humble /home/dan/.local/bin/cmake --build /home/dan/train/train/MA_training/MA_train_for_ros/ros2/build/urdf_example -- -j16 -l16
[2.440s] Invoking command in '/home/dan/train/train/MA_training/MA_train_for_ros/ros2/build/urdf_example': CMAKE_PREFIX_PATH=${CMAKE_PREFIX_PATH}:/opt/ros/humble /home/dan/.local/bin/cmake --install /home/dan/train/train/MA_training/MA_train_for_ros/ros2/build/urdf_example
[2.464s] -- Install configuration: ""
[2.464s] -- Installing: /home/dan/train/train/MA_training/MA_train_for_ros/ros2/install/urdf_example/share/ament_index/resource_index/package_run_dependencies/urdf_example
[2.464s] -- Installing: /home/dan/train/train/MA_training/MA_train_for_ros/ros2/install/urdf_example/share/ament_index/resource_index/parent_prefix_path/urdf_example
[2.464s] -- Installing: /home/dan/train/train/MA_training/MA_train_for_ros/ros2/install/urdf_example/share/urdf_example/environment/ament_prefix_path.sh
[2.464s] -- Installing: /home/dan/train/train/MA_training/MA_train_for_ros/ros2/install/urdf_example/share/urdf_example/environment/ament_prefix_path.dsv
[2.465s] -- Installing: /home/dan/train/train/MA_training/MA_train_for_ros/ros2/install/urdf_example/share/urdf_example/environment/path.sh
[2.465s] -- Installing: /home/dan/train/train/MA_training/MA_train_for_ros/ros2/install/urdf_example/share/urdf_example/environment/path.dsv
[2.465s] -- Installing: /home/dan/train/train/MA_training/MA_train_for_ros/ros2/install/urdf_example/share/urdf_example/local_setup.bash
[2.465s] -- Installing: /home/dan/train/train/MA_training/MA_train_for_ros/ros2/install/urdf_example/share/urdf_example/local_setup.sh
[2.465s] -- Installing: /home/dan/train/train/MA_training/MA_train_for_ros/ros2/install/urdf_example/share/urdf_example/local_setup.zsh
[2.465s] -- Installing: /home/dan/train/train/MA_training/MA_train_for_ros/ros2/install/urdf_example/share/urdf_example/local_setup.dsv
[2.465s] -- Installing: /home/dan/train/train/MA_training/MA_train_for_ros/ros2/install/urdf_example/share/urdf_example/package.dsv
[2.465s] -- Installing: /home/dan/train/train/MA_training/MA_train_for_ros/ros2/install/urdf_example/share/ament_index/resource_index/packages/urdf_example
[2.465s] -- Installing: /home/dan/train/train/MA_training/MA_train_for_ros/ros2/install/urdf_example/share/urdf_example/cmake/urdf_exampleConfig.cmake
[2.466s] -- Installing: /home/dan/train/train/MA_training/MA_train_for_ros/ros2/install/urdf_example/share/urdf_example/cmake/urdf_exampleConfig-version.cmake
[2.466s] -- Installing: /home/dan/train/train/MA_training/MA_train_for_ros/ros2/install/urdf_example/share/urdf_example/package.xml
[2.479s] Invoked command in '/home/dan/train/train/MA_training/MA_train_for_ros/ros2/build/urdf_example' returned '0': CMAKE_PREFIX_PATH=${CMAKE_PREFIX_PATH}:/opt/ros/humble /home/dan/.local/bin/cmake --install /home/dan/train/train/MA_training/MA_train_for_ros/ros2/build/urdf_example
