[0.318s] DEBUG:colcon:Command line arguments: ['/usr/bin/colcon', 'build']
[0.318s] DEBUG:colcon:Parsed command line arguments: Namespace(log_base=None, log_level=None, verb_name='build', build_base='build', install_base='install', merge_install=False, symlink_install=False, test_result_base=None, continue_on_error=False, executor='parallel', parallel_workers=16, event_handlers=None, ignore_user_meta=False, metas=['./colcon.meta'], base_paths=['.'], packages_ignore=None, packages_ignore_regex=None, paths=None, packages_up_to=None, packages_up_to_regex=None, packages_above=None, packages_above_and_dependencies=None, packages_above_depth=None, packages_select_by_dep=None, packages_skip_by_dep=None, packages_skip_up_to=None, packages_select_build_failed=False, packages_skip_build_finished=False, packages_select_test_failures=False, packages_skip_test_passed=False, packages_select=None, packages_skip=None, packages_select_regex=None, packages_skip_regex=None, packages_start=None, packages_end=None, allow_overriding=[], cmake_args=None, cmake_target=None, cmake_target_skip_unavailable=False, cmake_clean_cache=False, cmake_clean_first=False, cmake_force_configure=False, ament_cmake_args=None, catkin_cmake_args=None, catkin_skip_building_tests=False, verb_parser=<colcon_defaults.argument_parser.defaults.DefaultArgumentsDecorator object at 0x7f94a96f8490>, verb_extension=<colcon_core.verb.build.BuildVerb object at 0x7f94a9f41d20>, main=<bound method BuildVerb.main of <colcon_core.verb.build.BuildVerb object at 0x7f94a9f41d20>>)
[0.356s] Level 1:colcon.colcon_core.package_discovery:discover_packages(colcon_meta) check parameters
[0.357s] Level 1:colcon.colcon_core.package_discovery:discover_packages(recursive) check parameters
[0.357s] Level 1:colcon.colcon_core.package_discovery:discover_packages(ignore) check parameters
[0.357s] Level 1:colcon.colcon_core.package_discovery:discover_packages(path) check parameters
[0.357s] Level 1:colcon.colcon_core.package_discovery:discover_packages(colcon_meta) discover
[0.357s] Level 1:colcon.colcon_core.package_discovery:discover_packages(recursive) discover
[0.357s] INFO:colcon.colcon_core.package_discovery:Crawling recursively for packages in '/home/dan/train/train/MA_training/MA_train_for_ros/ros2'
[0.357s] Level 1:colcon.colcon_core.package_identification:_identify(.) by extensions ['ignore', 'ignore_ament_install']
[0.358s] Level 1:colcon.colcon_core.package_identification:_identify(.) by extension 'ignore'
[0.358s] Level 1:colcon.colcon_core.package_identification:_identify(.) by extension 'ignore_ament_install'
[0.358s] Level 1:colcon.colcon_core.package_identification:_identify(.) by extensions ['colcon_pkg']
[0.358s] Level 1:colcon.colcon_core.package_identification:_identify(.) by extension 'colcon_pkg'
[0.358s] Level 1:colcon.colcon_core.package_identification:_identify(.) by extensions ['colcon_meta']
[0.358s] Level 1:colcon.colcon_core.package_identification:_identify(.) by extension 'colcon_meta'
[0.358s] Level 1:colcon.colcon_core.package_identification:_identify(.) by extensions ['ros']
[0.358s] Level 1:colcon.colcon_core.package_identification:_identify(.) by extension 'ros'
[0.366s] Level 1:colcon.colcon_core.package_identification:_identify(.) by extensions ['cmake', 'python']
[0.366s] Level 1:colcon.colcon_core.package_identification:_identify(.) by extension 'cmake'
[0.366s] Level 1:colcon.colcon_core.package_identification:_identify(.) by extension 'python'
[0.366s] Level 1:colcon.colcon_core.package_identification:_identify(.) by extensions ['python_setup_py']
[0.366s] Level 1:colcon.colcon_core.package_identification:_identify(.) by extension 'python_setup_py'
[0.366s] Level 1:colcon.colcon_core.package_identification:_identify(build) by extensions ['ignore', 'ignore_ament_install']
[0.366s] Level 1:colcon.colcon_core.package_identification:_identify(build) by extension 'ignore'
[0.367s] Level 1:colcon.colcon_core.package_identification:_identify(build) ignored
[0.367s] Level 1:colcon.colcon_core.package_identification:_identify(install) by extensions ['ignore', 'ignore_ament_install']
[0.367s] Level 1:colcon.colcon_core.package_identification:_identify(install) by extension 'ignore'
[0.367s] Level 1:colcon.colcon_core.package_identification:_identify(install) ignored
[0.367s] Level 1:colcon.colcon_core.package_identification:_identify(log) by extensions ['ignore', 'ignore_ament_install']
[0.367s] Level 1:colcon.colcon_core.package_identification:_identify(log) by extension 'ignore'
[0.367s] Level 1:colcon.colcon_core.package_identification:_identify(log) ignored
[0.367s] Level 1:colcon.colcon_core.package_identification:_identify(src) by extensions ['ignore', 'ignore_ament_install']
[0.367s] Level 1:colcon.colcon_core.package_identification:_identify(src) by extension 'ignore'
[0.367s] Level 1:colcon.colcon_core.package_identification:_identify(src) by extension 'ignore_ament_install'
[0.367s] Level 1:colcon.colcon_core.package_identification:_identify(src) by extensions ['colcon_pkg']
[0.367s] Level 1:colcon.colcon_core.package_identification:_identify(src) by extension 'colcon_pkg'
[0.367s] Level 1:colcon.colcon_core.package_identification:_identify(src) by extensions ['colcon_meta']
[0.367s] Level 1:colcon.colcon_core.package_identification:_identify(src) by extension 'colcon_meta'
[0.367s] Level 1:colcon.colcon_core.package_identification:_identify(src) by extensions ['ros']
[0.367s] Level 1:colcon.colcon_core.package_identification:_identify(src) by extension 'ros'
[0.367s] Level 1:colcon.colcon_core.package_identification:_identify(src) by extensions ['cmake', 'python']
[0.367s] Level 1:colcon.colcon_core.package_identification:_identify(src) by extension 'cmake'
[0.367s] Level 1:colcon.colcon_core.package_identification:_identify(src) by extension 'python'
[0.367s] Level 1:colcon.colcon_core.package_identification:_identify(src) by extensions ['python_setup_py']
[0.367s] Level 1:colcon.colcon_core.package_identification:_identify(src) by extension 'python_setup_py'
[0.367s] Level 1:colcon.colcon_core.package_identification:_identify(src/marker_array) by extensions ['ignore', 'ignore_ament_install']
[0.367s] Level 1:colcon.colcon_core.package_identification:_identify(src/marker_array) by extension 'ignore'
[0.368s] Level 1:colcon.colcon_core.package_identification:_identify(src/marker_array) by extension 'ignore_ament_install'
[0.368s] Level 1:colcon.colcon_core.package_identification:_identify(src/marker_array) by extensions ['colcon_pkg']
[0.368s] Level 1:colcon.colcon_core.package_identification:_identify(src/marker_array) by extension 'colcon_pkg'
[0.368s] Level 1:colcon.colcon_core.package_identification:_identify(src/marker_array) by extensions ['colcon_meta']
[0.368s] Level 1:colcon.colcon_core.package_identification:_identify(src/marker_array) by extension 'colcon_meta'
[0.368s] Level 1:colcon.colcon_core.package_identification:_identify(src/marker_array) by extensions ['ros']
[0.368s] Level 1:colcon.colcon_core.package_identification:_identify(src/marker_array) by extension 'ros'
[0.370s] DEBUG:colcon.colcon_core.package_identification:Package 'src/marker_array' with type 'ros.ament_cmake' and name 'marker_array'
[0.370s] Level 1:colcon.colcon_core.package_identification:_identify(src/urdf_demo) by extensions ['ignore', 'ignore_ament_install']
[0.371s] Level 1:colcon.colcon_core.package_identification:_identify(src/urdf_demo) by extension 'ignore'
[0.371s] Level 1:colcon.colcon_core.package_identification:_identify(src/urdf_demo) by extension 'ignore_ament_install'
[0.371s] Level 1:colcon.colcon_core.package_identification:_identify(src/urdf_demo) by extensions ['colcon_pkg']
[0.371s] Level 1:colcon.colcon_core.package_identification:_identify(src/urdf_demo) by extension 'colcon_pkg'
[0.371s] Level 1:colcon.colcon_core.package_identification:_identify(src/urdf_demo) by extensions ['colcon_meta']
[0.371s] Level 1:colcon.colcon_core.package_identification:_identify(src/urdf_demo) by extension 'colcon_meta'
[0.371s] Level 1:colcon.colcon_core.package_identification:_identify(src/urdf_demo) by extensions ['ros']
[0.371s] Level 1:colcon.colcon_core.package_identification:_identify(src/urdf_demo) by extension 'ros'
[0.371s] DEBUG:colcon.colcon_core.package_identification:Package 'src/urdf_demo' with type 'ros.ament_cmake' and name 'urdf_demo'
[0.371s] Level 1:colcon.colcon_core.package_identification:_identify(src/vis_demo) by extensions ['ignore', 'ignore_ament_install']
[0.371s] Level 1:colcon.colcon_core.package_identification:_identify(src/vis_demo) by extension 'ignore'
[0.371s] Level 1:colcon.colcon_core.package_identification:_identify(src/vis_demo) by extension 'ignore_ament_install'
[0.372s] Level 1:colcon.colcon_core.package_identification:_identify(src/vis_demo) by extensions ['colcon_pkg']
[0.372s] Level 1:colcon.colcon_core.package_identification:_identify(src/vis_demo) by extension 'colcon_pkg'
[0.372s] Level 1:colcon.colcon_core.package_identification:_identify(src/vis_demo) by extensions ['colcon_meta']
[0.372s] Level 1:colcon.colcon_core.package_identification:_identify(src/vis_demo) by extension 'colcon_meta'
[0.372s] Level 1:colcon.colcon_core.package_identification:_identify(src/vis_demo) by extensions ['ros']
[0.372s] Level 1:colcon.colcon_core.package_identification:_identify(src/vis_demo) by extension 'ros'
[0.372s] DEBUG:colcon.colcon_core.package_identification:Package 'src/vis_demo' with type 'ros.ament_cmake' and name 'vis_demo'
[0.372s] Level 1:colcon.colcon_core.package_discovery:discover_packages(recursive) using defaults
[0.372s] Level 1:colcon.colcon_core.package_discovery:discover_packages(ignore) discover
[0.372s] Level 1:colcon.colcon_core.package_discovery:discover_packages(ignore) using defaults
[0.372s] Level 1:colcon.colcon_core.package_discovery:discover_packages(path) discover
[0.373s] Level 1:colcon.colcon_core.package_discovery:discover_packages(path) using defaults
[0.393s] Level 1:colcon.colcon_core.package_discovery:discover_packages(prefix_path) check parameters
[0.394s] Level 1:colcon.colcon_core.package_discovery:discover_packages(prefix_path) discover
[0.396s] DEBUG:colcon.colcon_installed_package_information.package_discovery:Found 1 installed packages in /home/dan/Downloads/livox_driver2/install
[0.398s] DEBUG:colcon.colcon_installed_package_information.package_discovery:Found 393 installed packages in /opt/ros/humble
[0.400s] Level 1:colcon.colcon_core.package_discovery:discover_packages(prefix_path) using defaults
[0.454s] Level 5:colcon.colcon_core.verb:set package 'marker_array' build argument 'cmake_args' from command line to 'None'
[0.454s] Level 5:colcon.colcon_core.verb:set package 'marker_array' build argument 'cmake_target' from command line to 'None'
[0.454s] Level 5:colcon.colcon_core.verb:set package 'marker_array' build argument 'cmake_target_skip_unavailable' from command line to 'False'
[0.454s] Level 5:colcon.colcon_core.verb:set package 'marker_array' build argument 'cmake_clean_cache' from command line to 'False'
[0.454s] Level 5:colcon.colcon_core.verb:set package 'marker_array' build argument 'cmake_clean_first' from command line to 'False'
[0.454s] Level 5:colcon.colcon_core.verb:set package 'marker_array' build argument 'cmake_force_configure' from command line to 'False'
[0.454s] Level 5:colcon.colcon_core.verb:set package 'marker_array' build argument 'ament_cmake_args' from command line to 'None'
[0.454s] Level 5:colcon.colcon_core.verb:set package 'marker_array' build argument 'catkin_cmake_args' from command line to 'None'
[0.454s] Level 5:colcon.colcon_core.verb:set package 'marker_array' build argument 'catkin_skip_building_tests' from command line to 'False'
[0.454s] DEBUG:colcon.colcon_core.verb:Building package 'marker_array' with the following arguments: {'ament_cmake_args': None, 'build_base': '/home/dan/train/train/MA_training/MA_train_for_ros/ros2/build/marker_array', 'catkin_cmake_args': None, 'catkin_skip_building_tests': False, 'cmake_args': None, 'cmake_clean_cache': False, 'cmake_clean_first': False, 'cmake_force_configure': False, 'cmake_target': None, 'cmake_target_skip_unavailable': False, 'install_base': '/home/dan/train/train/MA_training/MA_train_for_ros/ros2/install/marker_array', 'merge_install': False, 'path': '/home/dan/train/train/MA_training/MA_train_for_ros/ros2/src/marker_array', 'symlink_install': False, 'test_result_base': None}
[0.455s] Level 5:colcon.colcon_core.verb:set package 'urdf_demo' build argument 'cmake_args' from command line to 'None'
[0.455s] Level 5:colcon.colcon_core.verb:set package 'urdf_demo' build argument 'cmake_target' from command line to 'None'
[0.455s] Level 5:colcon.colcon_core.verb:set package 'urdf_demo' build argument 'cmake_target_skip_unavailable' from command line to 'False'
[0.455s] Level 5:colcon.colcon_core.verb:set package 'urdf_demo' build argument 'cmake_clean_cache' from command line to 'False'
[0.455s] Level 5:colcon.colcon_core.verb:set package 'urdf_demo' build argument 'cmake_clean_first' from command line to 'False'
[0.455s] Level 5:colcon.colcon_core.verb:set package 'urdf_demo' build argument 'cmake_force_configure' from command line to 'False'
[0.455s] Level 5:colcon.colcon_core.verb:set package 'urdf_demo' build argument 'ament_cmake_args' from command line to 'None'
[0.455s] Level 5:colcon.colcon_core.verb:set package 'urdf_demo' build argument 'catkin_cmake_args' from command line to 'None'
[0.455s] Level 5:colcon.colcon_core.verb:set package 'urdf_demo' build argument 'catkin_skip_building_tests' from command line to 'False'
[0.455s] DEBUG:colcon.colcon_core.verb:Building package 'urdf_demo' with the following arguments: {'ament_cmake_args': None, 'build_base': '/home/dan/train/train/MA_training/MA_train_for_ros/ros2/build/urdf_demo', 'catkin_cmake_args': None, 'catkin_skip_building_tests': False, 'cmake_args': None, 'cmake_clean_cache': False, 'cmake_clean_first': False, 'cmake_force_configure': False, 'cmake_target': None, 'cmake_target_skip_unavailable': False, 'install_base': '/home/dan/train/train/MA_training/MA_train_for_ros/ros2/install/urdf_demo', 'merge_install': False, 'path': '/home/dan/train/train/MA_training/MA_train_for_ros/ros2/src/urdf_demo', 'symlink_install': False, 'test_result_base': None}
[0.455s] Level 5:colcon.colcon_core.verb:set package 'vis_demo' build argument 'cmake_args' from command line to 'None'
[0.456s] Level 5:colcon.colcon_core.verb:set package 'vis_demo' build argument 'cmake_target' from command line to 'None'
[0.456s] Level 5:colcon.colcon_core.verb:set package 'vis_demo' build argument 'cmake_target_skip_unavailable' from command line to 'False'
[0.456s] Level 5:colcon.colcon_core.verb:set package 'vis_demo' build argument 'cmake_clean_cache' from command line to 'False'
[0.456s] Level 5:colcon.colcon_core.verb:set package 'vis_demo' build argument 'cmake_clean_first' from command line to 'False'
[0.456s] Level 5:colcon.colcon_core.verb:set package 'vis_demo' build argument 'cmake_force_configure' from command line to 'False'
[0.456s] Level 5:colcon.colcon_core.verb:set package 'vis_demo' build argument 'ament_cmake_args' from command line to 'None'
[0.456s] Level 5:colcon.colcon_core.verb:set package 'vis_demo' build argument 'catkin_cmake_args' from command line to 'None'
[0.456s] Level 5:colcon.colcon_core.verb:set package 'vis_demo' build argument 'catkin_skip_building_tests' from command line to 'False'
[0.456s] DEBUG:colcon.colcon_core.verb:Building package 'vis_demo' with the following arguments: {'ament_cmake_args': None, 'build_base': '/home/dan/train/train/MA_training/MA_train_for_ros/ros2/build/vis_demo', 'catkin_cmake_args': None, 'catkin_skip_building_tests': False, 'cmake_args': None, 'cmake_clean_cache': False, 'cmake_clean_first': False, 'cmake_force_configure': False, 'cmake_target': None, 'cmake_target_skip_unavailable': False, 'install_base': '/home/dan/train/train/MA_training/MA_train_for_ros/ros2/install/vis_demo', 'merge_install': False, 'path': '/home/dan/train/train/MA_training/MA_train_for_ros/ros2/src/vis_demo', 'symlink_install': False, 'test_result_base': None}
[0.456s] INFO:colcon.colcon_core.executor:Executing jobs using 'parallel' executor
[0.459s] DEBUG:colcon.colcon_parallel_executor.executor.parallel:run_until_complete
[0.459s] INFO:colcon.colcon_ros.task.ament_cmake.build:Building ROS package in '/home/dan/train/train/MA_training/MA_train_for_ros/ros2/src/marker_array' with build type 'ament_cmake'
[0.459s] INFO:colcon.colcon_cmake.task.cmake.build:Building CMake package in '/home/dan/train/train/MA_training/MA_train_for_ros/ros2/src/marker_array'
[0.464s] INFO:colcon.colcon_core.plugin_system:Skipping extension 'colcon_core.shell.bat': Not used on non-Windows systems
[0.464s] INFO:colcon.colcon_core.shell:Skip shell extension 'powershell' for command environment: Not usable outside of PowerShell
[0.464s] DEBUG:colcon.colcon_core.shell:Skip shell extension 'dsv' for command environment
[0.469s] INFO:colcon.colcon_ros.task.ament_cmake.build:Building ROS package in '/home/dan/train/train/MA_training/MA_train_for_ros/ros2/src/urdf_demo' with build type 'ament_cmake'
[0.469s] INFO:colcon.colcon_cmake.task.cmake.build:Building CMake package in '/home/dan/train/train/MA_training/MA_train_for_ros/ros2/src/urdf_demo'
[0.470s] INFO:colcon.colcon_core.shell:Skip shell extension 'powershell' for command environment: Not usable outside of PowerShell
[0.470s] DEBUG:colcon.colcon_core.shell:Skip shell extension 'dsv' for command environment
[0.474s] INFO:colcon.colcon_ros.task.ament_cmake.build:Building ROS package in '/home/dan/train/train/MA_training/MA_train_for_ros/ros2/src/vis_demo' with build type 'ament_cmake'
[0.474s] INFO:colcon.colcon_cmake.task.cmake.build:Building CMake package in '/home/dan/train/train/MA_training/MA_train_for_ros/ros2/src/vis_demo'
[0.475s] INFO:colcon.colcon_core.shell:Skip shell extension 'powershell' for command environment: Not usable outside of PowerShell
[0.475s] DEBUG:colcon.colcon_core.shell:Skip shell extension 'dsv' for command environment
[0.483s] DEBUG:colcon.colcon_core.event_handler.log_command:Invoking command in '/home/dan/train/train/MA_training/MA_train_for_ros/ros2/build/marker_array': CMAKE_PREFIX_PATH=${CMAKE_PREFIX_PATH}:/opt/ros/humble /usr/bin/cmake /home/dan/train/train/MA_training/MA_train_for_ros/ros2/src/marker_array -DCMAKE_INSTALL_PREFIX=/home/dan/train/train/MA_training/MA_train_for_ros/ros2/install/marker_array
[0.486s] DEBUG:colcon.colcon_core.event_handler.log_command:Invoking command in '/home/dan/train/train/MA_training/MA_train_for_ros/ros2/build/urdf_demo': CMAKE_PREFIX_PATH=${CMAKE_PREFIX_PATH}:/opt/ros/humble /usr/bin/cmake /home/dan/train/train/MA_training/MA_train_for_ros/ros2/src/urdf_demo -DCMAKE_INSTALL_PREFIX=/home/dan/train/train/MA_training/MA_train_for_ros/ros2/install/urdf_demo
[0.493s] DEBUG:colcon.colcon_core.event_handler.log_command:Invoking command in '/home/dan/train/train/MA_training/MA_train_for_ros/ros2/build/vis_demo': CMAKE_PREFIX_PATH=${CMAKE_PREFIX_PATH}:/opt/ros/humble /usr/bin/cmake /home/dan/train/train/MA_training/MA_train_for_ros/ros2/src/vis_demo -DCMAKE_INSTALL_PREFIX=/home/dan/train/train/MA_training/MA_train_for_ros/ros2/install/vis_demo
[1.664s] DEBUG:colcon.colcon_core.event_handler.log_command:Invoked command in '/home/dan/train/train/MA_training/MA_train_for_ros/ros2/build/vis_demo' returned '0': CMAKE_PREFIX_PATH=${CMAKE_PREFIX_PATH}:/opt/ros/humble /usr/bin/cmake /home/dan/train/train/MA_training/MA_train_for_ros/ros2/src/vis_demo -DCMAKE_INSTALL_PREFIX=/home/dan/train/train/MA_training/MA_train_for_ros/ros2/install/vis_demo
[1.668s] DEBUG:colcon.colcon_core.event_handler.log_command:Invoking command in '/home/dan/train/train/MA_training/MA_train_for_ros/ros2/build/vis_demo': CMAKE_PREFIX_PATH=${CMAKE_PREFIX_PATH}:/opt/ros/humble /usr/bin/cmake --build /home/dan/train/train/MA_training/MA_train_for_ros/ros2/build/vis_demo -- -j16 -l16
[1.669s] DEBUG:colcon.colcon_core.event_handler.log_command:Invoked command in '/home/dan/train/train/MA_training/MA_train_for_ros/ros2/build/marker_array' returned '0': CMAKE_PREFIX_PATH=${CMAKE_PREFIX_PATH}:/opt/ros/humble /usr/bin/cmake /home/dan/train/train/MA_training/MA_train_for_ros/ros2/src/marker_array -DCMAKE_INSTALL_PREFIX=/home/dan/train/train/MA_training/MA_train_for_ros/ros2/install/marker_array
[1.671s] DEBUG:colcon.colcon_core.event_handler.log_command:Invoking command in '/home/dan/train/train/MA_training/MA_train_for_ros/ros2/build/marker_array': CMAKE_PREFIX_PATH=${CMAKE_PREFIX_PATH}:/opt/ros/humble /usr/bin/cmake --build /home/dan/train/train/MA_training/MA_train_for_ros/ros2/build/marker_array -- -j16 -l16
[1.762s] DEBUG:colcon.colcon_core.event_handler.log_command:Invoked command in '/home/dan/train/train/MA_training/MA_train_for_ros/ros2/build/vis_demo' returned '0': CMAKE_PREFIX_PATH=${CMAKE_PREFIX_PATH}:/opt/ros/humble /usr/bin/cmake --build /home/dan/train/train/MA_training/MA_train_for_ros/ros2/build/vis_demo -- -j16 -l16
[1.804s] DEBUG:colcon.colcon_core.event_handler.log_command:Invoking command in '/home/dan/train/train/MA_training/MA_train_for_ros/ros2/build/vis_demo': CMAKE_PREFIX_PATH=${CMAKE_PREFIX_PATH}:/opt/ros/humble /usr/bin/cmake --install /home/dan/train/train/MA_training/MA_train_for_ros/ros2/build/vis_demo
[1.829s] Level 1:colcon.colcon_core.environment:create_environment_scripts_only(vis_demo)
[1.830s] DEBUG:colcon.colcon_core.event_handler.log_command:Invoked command in '/home/dan/train/train/MA_training/MA_train_for_ros/ros2/build/vis_demo' returned '0': CMAKE_PREFIX_PATH=${CMAKE_PREFIX_PATH}:/opt/ros/humble /usr/bin/cmake --install /home/dan/train/train/MA_training/MA_train_for_ros/ros2/build/vis_demo
[1.836s] Level 1:colcon.colcon_core.environment:checking '/home/dan/train/train/MA_training/MA_train_for_ros/ros2/install/vis_demo' for CMake module files
[1.836s] Level 1:colcon.colcon_core.environment:checking '/home/dan/train/train/MA_training/MA_train_for_ros/ros2/install/vis_demo' for CMake config files
[1.837s] Level 1:colcon.colcon_core.shell:create_environment_hook('vis_demo', 'cmake_prefix_path')
[1.838s] INFO:colcon.colcon_core.shell:Creating environment hook '/home/dan/train/train/MA_training/MA_train_for_ros/ros2/install/vis_demo/share/vis_demo/hook/cmake_prefix_path.ps1'
[1.839s] INFO:colcon.colcon_core.shell:Creating environment descriptor '/home/dan/train/train/MA_training/MA_train_for_ros/ros2/install/vis_demo/share/vis_demo/hook/cmake_prefix_path.dsv'
[1.840s] INFO:colcon.colcon_core.shell:Creating environment hook '/home/dan/train/train/MA_training/MA_train_for_ros/ros2/install/vis_demo/share/vis_demo/hook/cmake_prefix_path.sh'
[1.841s] Level 1:colcon.colcon_core.environment:checking '/home/dan/train/train/MA_training/MA_train_for_ros/ros2/install/vis_demo/lib'
[1.841s] Level 1:colcon.colcon_core.environment:checking '/home/dan/train/train/MA_training/MA_train_for_ros/ros2/install/vis_demo/bin'
[1.841s] Level 1:colcon.colcon_core.environment:checking '/home/dan/train/train/MA_training/MA_train_for_ros/ros2/install/vis_demo/lib/pkgconfig/vis_demo.pc'
[1.841s] Level 1:colcon.colcon_core.environment:checking '/home/dan/train/train/MA_training/MA_train_for_ros/ros2/install/vis_demo/lib/python3.10/site-packages'
[1.842s] Level 1:colcon.colcon_core.environment:checking '/home/dan/train/train/MA_training/MA_train_for_ros/ros2/install/vis_demo/bin'
[1.843s] INFO:colcon.colcon_core.shell:Creating package script '/home/dan/train/train/MA_training/MA_train_for_ros/ros2/install/vis_demo/share/vis_demo/package.ps1'
[1.844s] INFO:colcon.colcon_core.shell:Creating package descriptor '/home/dan/train/train/MA_training/MA_train_for_ros/ros2/install/vis_demo/share/vis_demo/package.dsv'
[1.845s] INFO:colcon.colcon_core.shell:Creating package script '/home/dan/train/train/MA_training/MA_train_for_ros/ros2/install/vis_demo/share/vis_demo/package.sh'
[1.846s] INFO:colcon.colcon_core.shell:Creating package script '/home/dan/train/train/MA_training/MA_train_for_ros/ros2/install/vis_demo/share/vis_demo/package.bash'
[1.847s] INFO:colcon.colcon_core.shell:Creating package script '/home/dan/train/train/MA_training/MA_train_for_ros/ros2/install/vis_demo/share/vis_demo/package.zsh'
[1.848s] Level 1:colcon.colcon_core.environment:create_file_with_runtime_dependencies(/home/dan/train/train/MA_training/MA_train_for_ros/ros2/install/vis_demo/share/colcon-core/packages/vis_demo)
[1.875s] Level 1:colcon.colcon_core.environment:create_environment_scripts_only(vis_demo)
[1.878s] Level 1:colcon.colcon_core.environment:checking '/home/dan/train/train/MA_training/MA_train_for_ros/ros2/install/vis_demo' for CMake module files
[1.878s] Level 1:colcon.colcon_core.environment:checking '/home/dan/train/train/MA_training/MA_train_for_ros/ros2/install/vis_demo' for CMake config files
[1.879s] Level 1:colcon.colcon_core.shell:create_environment_hook('vis_demo', 'cmake_prefix_path')
[1.880s] INFO:colcon.colcon_core.shell:Creating environment hook '/home/dan/train/train/MA_training/MA_train_for_ros/ros2/install/vis_demo/share/vis_demo/hook/cmake_prefix_path.ps1'
[1.880s] INFO:colcon.colcon_core.shell:Creating environment descriptor '/home/dan/train/train/MA_training/MA_train_for_ros/ros2/install/vis_demo/share/vis_demo/hook/cmake_prefix_path.dsv'
[1.880s] INFO:colcon.colcon_core.shell:Creating environment hook '/home/dan/train/train/MA_training/MA_train_for_ros/ros2/install/vis_demo/share/vis_demo/hook/cmake_prefix_path.sh'
[1.881s] Level 1:colcon.colcon_core.environment:checking '/home/dan/train/train/MA_training/MA_train_for_ros/ros2/install/vis_demo/lib'
[1.881s] Level 1:colcon.colcon_core.environment:checking '/home/dan/train/train/MA_training/MA_train_for_ros/ros2/install/vis_demo/bin'
[1.881s] Level 1:colcon.colcon_core.environment:checking '/home/dan/train/train/MA_training/MA_train_for_ros/ros2/install/vis_demo/lib/pkgconfig/vis_demo.pc'
[1.881s] Level 1:colcon.colcon_core.environment:checking '/home/dan/train/train/MA_training/MA_train_for_ros/ros2/install/vis_demo/lib/python3.10/site-packages'
[1.882s] Level 1:colcon.colcon_core.environment:checking '/home/dan/train/train/MA_training/MA_train_for_ros/ros2/install/vis_demo/bin'
[1.883s] INFO:colcon.colcon_core.shell:Creating package script '/home/dan/train/train/MA_training/MA_train_for_ros/ros2/install/vis_demo/share/vis_demo/package.ps1'
[1.883s] INFO:colcon.colcon_core.shell:Creating package descriptor '/home/dan/train/train/MA_training/MA_train_for_ros/ros2/install/vis_demo/share/vis_demo/package.dsv'
[1.884s] INFO:colcon.colcon_core.shell:Creating package script '/home/dan/train/train/MA_training/MA_train_for_ros/ros2/install/vis_demo/share/vis_demo/package.sh'
[1.884s] INFO:colcon.colcon_core.shell:Creating package script '/home/dan/train/train/MA_training/MA_train_for_ros/ros2/install/vis_demo/share/vis_demo/package.bash'
[1.885s] INFO:colcon.colcon_core.shell:Creating package script '/home/dan/train/train/MA_training/MA_train_for_ros/ros2/install/vis_demo/share/vis_demo/package.zsh'
[1.885s] Level 1:colcon.colcon_core.environment:create_file_with_runtime_dependencies(/home/dan/train/train/MA_training/MA_train_for_ros/ros2/install/vis_demo/share/colcon-core/packages/vis_demo)
[2.113s] DEBUG:colcon.colcon_core.event_handler.log_command:Invoked command in '/home/dan/train/train/MA_training/MA_train_for_ros/ros2/build/urdf_demo' returned '0': CMAKE_PREFIX_PATH=${CMAKE_PREFIX_PATH}:/opt/ros/humble /usr/bin/cmake /home/dan/train/train/MA_training/MA_train_for_ros/ros2/src/urdf_demo -DCMAKE_INSTALL_PREFIX=/home/dan/train/train/MA_training/MA_train_for_ros/ros2/install/urdf_demo
[2.116s] DEBUG:colcon.colcon_core.event_handler.log_command:Invoking command in '/home/dan/train/train/MA_training/MA_train_for_ros/ros2/build/urdf_demo': CMAKE_PREFIX_PATH=${CMAKE_PREFIX_PATH}:/opt/ros/humble /usr/bin/cmake --build /home/dan/train/train/MA_training/MA_train_for_ros/ros2/build/urdf_demo -- -j16 -l16
[2.154s] DEBUG:colcon.colcon_core.event_handler.log_command:Invoked command in '/home/dan/train/train/MA_training/MA_train_for_ros/ros2/build/urdf_demo' returned '0': CMAKE_PREFIX_PATH=${CMAKE_PREFIX_PATH}:/opt/ros/humble /usr/bin/cmake --build /home/dan/train/train/MA_training/MA_train_for_ros/ros2/build/urdf_demo -- -j16 -l16
[2.180s] DEBUG:colcon.colcon_core.event_handler.log_command:Invoking command in '/home/dan/train/train/MA_training/MA_train_for_ros/ros2/build/urdf_demo': CMAKE_PREFIX_PATH=${CMAKE_PREFIX_PATH}:/opt/ros/humble /usr/bin/cmake --install /home/dan/train/train/MA_training/MA_train_for_ros/ros2/build/urdf_demo
[2.193s] Level 1:colcon.colcon_core.environment:create_environment_scripts_only(urdf_demo)
[2.195s] Level 1:colcon.colcon_core.environment:checking '/home/dan/train/train/MA_training/MA_train_for_ros/ros2/install/urdf_demo' for CMake module files
[2.196s] DEBUG:colcon.colcon_core.event_handler.log_command:Invoked command in '/home/dan/train/train/MA_training/MA_train_for_ros/ros2/build/urdf_demo' returned '0': CMAKE_PREFIX_PATH=${CMAKE_PREFIX_PATH}:/opt/ros/humble /usr/bin/cmake --install /home/dan/train/train/MA_training/MA_train_for_ros/ros2/build/urdf_demo
[2.196s] Level 1:colcon.colcon_core.environment:checking '/home/dan/train/train/MA_training/MA_train_for_ros/ros2/install/urdf_demo' for CMake config files
[2.196s] Level 1:colcon.colcon_core.shell:create_environment_hook('urdf_demo', 'cmake_prefix_path')
[2.198s] INFO:colcon.colcon_core.shell:Creating environment hook '/home/dan/train/train/MA_training/MA_train_for_ros/ros2/install/urdf_demo/share/urdf_demo/hook/cmake_prefix_path.ps1'
[2.199s] INFO:colcon.colcon_core.shell:Creating environment descriptor '/home/dan/train/train/MA_training/MA_train_for_ros/ros2/install/urdf_demo/share/urdf_demo/hook/cmake_prefix_path.dsv'
[2.199s] INFO:colcon.colcon_core.shell:Creating environment hook '/home/dan/train/train/MA_training/MA_train_for_ros/ros2/install/urdf_demo/share/urdf_demo/hook/cmake_prefix_path.sh'
[2.199s] Level 1:colcon.colcon_core.environment:checking '/home/dan/train/train/MA_training/MA_train_for_ros/ros2/install/urdf_demo/bin'
[2.199s] Level 1:colcon.colcon_core.environment:checking '/home/dan/train/train/MA_training/MA_train_for_ros/ros2/install/urdf_demo/lib/pkgconfig/urdf_demo.pc'
[2.200s] Level 1:colcon.colcon_core.environment:checking '/home/dan/train/train/MA_training/MA_train_for_ros/ros2/install/urdf_demo/lib/python3.10/site-packages'
[2.200s] Level 1:colcon.colcon_core.environment:checking '/home/dan/train/train/MA_training/MA_train_for_ros/ros2/install/urdf_demo/bin'
[2.201s] INFO:colcon.colcon_core.shell:Creating package script '/home/dan/train/train/MA_training/MA_train_for_ros/ros2/install/urdf_demo/share/urdf_demo/package.ps1'
[2.202s] INFO:colcon.colcon_core.shell:Creating package descriptor '/home/dan/train/train/MA_training/MA_train_for_ros/ros2/install/urdf_demo/share/urdf_demo/package.dsv'
[2.202s] INFO:colcon.colcon_core.shell:Creating package script '/home/dan/train/train/MA_training/MA_train_for_ros/ros2/install/urdf_demo/share/urdf_demo/package.sh'
[2.203s] INFO:colcon.colcon_core.shell:Creating package script '/home/dan/train/train/MA_training/MA_train_for_ros/ros2/install/urdf_demo/share/urdf_demo/package.bash'
[2.203s] INFO:colcon.colcon_core.shell:Creating package script '/home/dan/train/train/MA_training/MA_train_for_ros/ros2/install/urdf_demo/share/urdf_demo/package.zsh'
[2.204s] Level 1:colcon.colcon_core.environment:create_file_with_runtime_dependencies(/home/dan/train/train/MA_training/MA_train_for_ros/ros2/install/urdf_demo/share/colcon-core/packages/urdf_demo)
[2.228s] Level 1:colcon.colcon_core.environment:create_environment_scripts_only(urdf_demo)
[2.230s] Level 1:colcon.colcon_core.environment:checking '/home/dan/train/train/MA_training/MA_train_for_ros/ros2/install/urdf_demo' for CMake module files
[2.230s] Level 1:colcon.colcon_core.environment:checking '/home/dan/train/train/MA_training/MA_train_for_ros/ros2/install/urdf_demo' for CMake config files
[2.231s] Level 1:colcon.colcon_core.shell:create_environment_hook('urdf_demo', 'cmake_prefix_path')
[2.232s] INFO:colcon.colcon_core.shell:Creating environment hook '/home/dan/train/train/MA_training/MA_train_for_ros/ros2/install/urdf_demo/share/urdf_demo/hook/cmake_prefix_path.ps1'
[2.232s] INFO:colcon.colcon_core.shell:Creating environment descriptor '/home/dan/train/train/MA_training/MA_train_for_ros/ros2/install/urdf_demo/share/urdf_demo/hook/cmake_prefix_path.dsv'
[2.233s] INFO:colcon.colcon_core.shell:Creating environment hook '/home/dan/train/train/MA_training/MA_train_for_ros/ros2/install/urdf_demo/share/urdf_demo/hook/cmake_prefix_path.sh'
[2.233s] Level 1:colcon.colcon_core.environment:checking '/home/dan/train/train/MA_training/MA_train_for_ros/ros2/install/urdf_demo/bin'
[2.233s] Level 1:colcon.colcon_core.environment:checking '/home/dan/train/train/MA_training/MA_train_for_ros/ros2/install/urdf_demo/lib/pkgconfig/urdf_demo.pc'
[2.234s] Level 1:colcon.colcon_core.environment:checking '/home/dan/train/train/MA_training/MA_train_for_ros/ros2/install/urdf_demo/lib/python3.10/site-packages'
[2.234s] Level 1:colcon.colcon_core.environment:checking '/home/dan/train/train/MA_training/MA_train_for_ros/ros2/install/urdf_demo/bin'
[2.235s] INFO:colcon.colcon_core.shell:Creating package script '/home/dan/train/train/MA_training/MA_train_for_ros/ros2/install/urdf_demo/share/urdf_demo/package.ps1'
[2.235s] INFO:colcon.colcon_core.shell:Creating package descriptor '/home/dan/train/train/MA_training/MA_train_for_ros/ros2/install/urdf_demo/share/urdf_demo/package.dsv'
[2.236s] INFO:colcon.colcon_core.shell:Creating package script '/home/dan/train/train/MA_training/MA_train_for_ros/ros2/install/urdf_demo/share/urdf_demo/package.sh'
[2.236s] INFO:colcon.colcon_core.shell:Creating package script '/home/dan/train/train/MA_training/MA_train_for_ros/ros2/install/urdf_demo/share/urdf_demo/package.bash'
[2.237s] INFO:colcon.colcon_core.shell:Creating package script '/home/dan/train/train/MA_training/MA_train_for_ros/ros2/install/urdf_demo/share/urdf_demo/package.zsh'
[2.237s] Level 1:colcon.colcon_core.environment:create_file_with_runtime_dependencies(/home/dan/train/train/MA_training/MA_train_for_ros/ros2/install/urdf_demo/share/colcon-core/packages/urdf_demo)
[6.288s] DEBUG:colcon.colcon_core.event_handler.log_command:Invoked command in '/home/dan/train/train/MA_training/MA_train_for_ros/ros2/build/marker_array' returned '0': CMAKE_PREFIX_PATH=${CMAKE_PREFIX_PATH}:/opt/ros/humble /usr/bin/cmake --build /home/dan/train/train/MA_training/MA_train_for_ros/ros2/build/marker_array -- -j16 -l16
[6.318s] DEBUG:colcon.colcon_core.event_handler.log_command:Invoking command in '/home/dan/train/train/MA_training/MA_train_for_ros/ros2/build/marker_array': CMAKE_PREFIX_PATH=${CMAKE_PREFIX_PATH}:/opt/ros/humble /usr/bin/cmake --install /home/dan/train/train/MA_training/MA_train_for_ros/ros2/build/marker_array
[6.340s] Level 1:colcon.colcon_core.environment:create_environment_scripts_only(marker_array)
[6.341s] Level 1:colcon.colcon_core.environment:checking '/home/dan/train/train/MA_training/MA_train_for_ros/ros2/install/marker_array' for CMake module files
[6.342s] DEBUG:colcon.colcon_core.event_handler.log_command:Invoked command in '/home/dan/train/train/MA_training/MA_train_for_ros/ros2/build/marker_array' returned '0': CMAKE_PREFIX_PATH=${CMAKE_PREFIX_PATH}:/opt/ros/humble /usr/bin/cmake --install /home/dan/train/train/MA_training/MA_train_for_ros/ros2/build/marker_array
[6.343s] Level 1:colcon.colcon_core.environment:checking '/home/dan/train/train/MA_training/MA_train_for_ros/ros2/install/marker_array' for CMake config files
[6.343s] Level 1:colcon.colcon_core.shell:create_environment_hook('marker_array', 'cmake_prefix_path')
[6.344s] INFO:colcon.colcon_core.shell:Creating environment hook '/home/dan/train/train/MA_training/MA_train_for_ros/ros2/install/marker_array/share/marker_array/hook/cmake_prefix_path.ps1'
[6.344s] INFO:colcon.colcon_core.shell:Creating environment descriptor '/home/dan/train/train/MA_training/MA_train_for_ros/ros2/install/marker_array/share/marker_array/hook/cmake_prefix_path.dsv'
[6.345s] INFO:colcon.colcon_core.shell:Creating environment hook '/home/dan/train/train/MA_training/MA_train_for_ros/ros2/install/marker_array/share/marker_array/hook/cmake_prefix_path.sh'
[6.345s] Level 1:colcon.colcon_core.environment:checking '/home/dan/train/train/MA_training/MA_train_for_ros/ros2/install/marker_array/lib'
[6.345s] Level 1:colcon.colcon_core.environment:checking '/home/dan/train/train/MA_training/MA_train_for_ros/ros2/install/marker_array/bin'
[6.345s] Level 1:colcon.colcon_core.environment:checking '/home/dan/train/train/MA_training/MA_train_for_ros/ros2/install/marker_array/lib/pkgconfig/marker_array.pc'
[6.345s] Level 1:colcon.colcon_core.environment:checking '/home/dan/train/train/MA_training/MA_train_for_ros/ros2/install/marker_array/lib/python3.10/site-packages'
[6.345s] Level 1:colcon.colcon_core.environment:checking '/home/dan/train/train/MA_training/MA_train_for_ros/ros2/install/marker_array/bin'
[6.347s] INFO:colcon.colcon_core.shell:Creating package script '/home/dan/train/train/MA_training/MA_train_for_ros/ros2/install/marker_array/share/marker_array/package.ps1'
[6.347s] INFO:colcon.colcon_core.shell:Creating package descriptor '/home/dan/train/train/MA_training/MA_train_for_ros/ros2/install/marker_array/share/marker_array/package.dsv'
[6.347s] INFO:colcon.colcon_core.shell:Creating package script '/home/dan/train/train/MA_training/MA_train_for_ros/ros2/install/marker_array/share/marker_array/package.sh'
[6.348s] INFO:colcon.colcon_core.shell:Creating package script '/home/dan/train/train/MA_training/MA_train_for_ros/ros2/install/marker_array/share/marker_array/package.bash'
[6.348s] INFO:colcon.colcon_core.shell:Creating package script '/home/dan/train/train/MA_training/MA_train_for_ros/ros2/install/marker_array/share/marker_array/package.zsh'
[6.348s] Level 1:colcon.colcon_core.environment:create_file_with_runtime_dependencies(/home/dan/train/train/MA_training/MA_train_for_ros/ros2/install/marker_array/share/colcon-core/packages/marker_array)
[6.375s] Level 1:colcon.colcon_core.environment:create_environment_scripts_only(marker_array)
[6.376s] Level 1:colcon.colcon_core.environment:checking '/home/dan/train/train/MA_training/MA_train_for_ros/ros2/install/marker_array' for CMake module files
[6.377s] Level 1:colcon.colcon_core.environment:checking '/home/dan/train/train/MA_training/MA_train_for_ros/ros2/install/marker_array' for CMake config files
[6.377s] Level 1:colcon.colcon_core.shell:create_environment_hook('marker_array', 'cmake_prefix_path')
[6.378s] INFO:colcon.colcon_core.shell:Creating environment hook '/home/dan/train/train/MA_training/MA_train_for_ros/ros2/install/marker_array/share/marker_array/hook/cmake_prefix_path.ps1'
[6.378s] INFO:colcon.colcon_core.shell:Creating environment descriptor '/home/dan/train/train/MA_training/MA_train_for_ros/ros2/install/marker_array/share/marker_array/hook/cmake_prefix_path.dsv'
[6.379s] INFO:colcon.colcon_core.shell:Creating environment hook '/home/dan/train/train/MA_training/MA_train_for_ros/ros2/install/marker_array/share/marker_array/hook/cmake_prefix_path.sh'
[6.379s] Level 1:colcon.colcon_core.environment:checking '/home/dan/train/train/MA_training/MA_train_for_ros/ros2/install/marker_array/lib'
[6.379s] Level 1:colcon.colcon_core.environment:checking '/home/dan/train/train/MA_training/MA_train_for_ros/ros2/install/marker_array/bin'
[6.379s] Level 1:colcon.colcon_core.environment:checking '/home/dan/train/train/MA_training/MA_train_for_ros/ros2/install/marker_array/lib/pkgconfig/marker_array.pc'
[6.379s] Level 1:colcon.colcon_core.environment:checking '/home/dan/train/train/MA_training/MA_train_for_ros/ros2/install/marker_array/lib/python3.10/site-packages'
[6.379s] Level 1:colcon.colcon_core.environment:checking '/home/dan/train/train/MA_training/MA_train_for_ros/ros2/install/marker_array/bin'
[6.380s] INFO:colcon.colcon_core.shell:Creating package script '/home/dan/train/train/MA_training/MA_train_for_ros/ros2/install/marker_array/share/marker_array/package.ps1'
[6.381s] INFO:colcon.colcon_core.shell:Creating package descriptor '/home/dan/train/train/MA_training/MA_train_for_ros/ros2/install/marker_array/share/marker_array/package.dsv'
[6.381s] INFO:colcon.colcon_core.shell:Creating package script '/home/dan/train/train/MA_training/MA_train_for_ros/ros2/install/marker_array/share/marker_array/package.sh'
[6.381s] INFO:colcon.colcon_core.shell:Creating package script '/home/dan/train/train/MA_training/MA_train_for_ros/ros2/install/marker_array/share/marker_array/package.bash'
[6.382s] INFO:colcon.colcon_core.shell:Creating package script '/home/dan/train/train/MA_training/MA_train_for_ros/ros2/install/marker_array/share/marker_array/package.zsh'
[6.382s] Level 1:colcon.colcon_core.environment:create_file_with_runtime_dependencies(/home/dan/train/train/MA_training/MA_train_for_ros/ros2/install/marker_array/share/colcon-core/packages/marker_array)
[6.382s] DEBUG:colcon.colcon_parallel_executor.executor.parallel:closing loop
[6.383s] DEBUG:colcon.colcon_parallel_executor.executor.parallel:loop closed
[6.383s] DEBUG:colcon.colcon_parallel_executor.executor.parallel:run_until_complete finished with '0'
[6.383s] DEBUG:colcon.colcon_core.event_reactor:joining thread
[6.388s] INFO:colcon.colcon_core.plugin_system:Skipping extension 'colcon_notification.desktop_notification.terminal_notifier': Not used on non-Darwin systems
[6.388s] INFO:colcon.colcon_core.plugin_system:Skipping extension 'colcon_notification.desktop_notification.win32': Not used on non-Windows systems
[6.388s] INFO:colcon.colcon_notification.desktop_notification:Sending desktop notification using 'notify2'
[6.395s] DEBUG:colcon.colcon_core.event_reactor:joined thread
[6.397s] INFO:colcon.colcon_core.shell:Creating prefix script '/home/dan/train/train/MA_training/MA_train_for_ros/ros2/install/local_setup.ps1'
[6.398s] INFO:colcon.colcon_core.shell:Creating prefix util module '/home/dan/train/train/MA_training/MA_train_for_ros/ros2/install/_local_setup_util_ps1.py'
[6.399s] INFO:colcon.colcon_core.shell:Creating prefix chain script '/home/dan/train/train/MA_training/MA_train_for_ros/ros2/install/setup.ps1'
[6.401s] INFO:colcon.colcon_core.shell:Creating prefix script '/home/dan/train/train/MA_training/MA_train_for_ros/ros2/install/local_setup.sh'
[6.401s] INFO:colcon.colcon_core.shell:Creating prefix util module '/home/dan/train/train/MA_training/MA_train_for_ros/ros2/install/_local_setup_util_sh.py'
[6.402s] INFO:colcon.colcon_core.shell:Creating prefix chain script '/home/dan/train/train/MA_training/MA_train_for_ros/ros2/install/setup.sh'
[6.403s] INFO:colcon.colcon_core.shell:Creating prefix script '/home/dan/train/train/MA_training/MA_train_for_ros/ros2/install/local_setup.bash'
[6.404s] INFO:colcon.colcon_core.shell:Creating prefix chain script '/home/dan/train/train/MA_training/MA_train_for_ros/ros2/install/setup.bash'
[6.405s] INFO:colcon.colcon_core.shell:Creating prefix script '/home/dan/train/train/MA_training/MA_train_for_ros/ros2/install/local_setup.zsh'
[6.406s] INFO:colcon.colcon_core.shell:Creating prefix chain script '/home/dan/train/train/MA_training/MA_train_for_ros/ros2/install/setup.zsh'
